#
# A fatal error has been detected by the Java Runtime Environment:
#
#  SIGSEGV (0xb) at pc=0x000000010ecb5515, pid=64588, tid=259
#
# JRE version: OpenJDK Runtime Environment (11.0.4+11) (build 11.0.4+11)
# Java VM: OpenJDK 64-Bit Server VM (11.0.4+11, mixed mode, tiered, compressed oops, g1 gc, bsd-amd64)
# Problematic frame:
# C  [libglass.dylib+0x9515]  -[GlassApplication applicationWillHide:]+0xd5
#
# No core dump will be written. Core dumps have been disabled. To enable core dumping, try "ulimit -c unlimited" before starting Java again
#
# If you would like to submit a bug report, please visit:
#   https://github.com/AdoptOpenJDK/openjdk-build/issues
#

---------------  S U M M A R Y ------------

Command Line: -javaagent:/Users/dlieber/Library/Caches/JetBrains/IntelliJIdea2021.1/testAgent/intellij-coverage-agent-1.0.579.jar=/private/var/folders/40/32_wnrm92fg5crlxcy6c4rmw0000gn/T/coverage3args -javaagent:/Applications/IntelliJ IDEA 3.app/Contents/lib/idea_rt.jar=55658:/Applications/IntelliJ IDEA 3.app/Contents/bin -Dfile.encoding=UTF-8 org.jetbrains.plugins.scala.testingSupport.specs2.Specs2Runner @/var/folders/40/32_wnrm92fg5crlxcy6c4rmw0000gn/T/idea_scala_test_runner6617425013535839485.tmp -showProgressMessages true

Host: MacBookPro16,1 x86_64 2300 MHz, 16 cores, 64G, Darwin 20.4.0
Time: Mon Apr 19 13:57:57 2021 CDT elapsed time: 5 seconds (0d 0h 0m 5s)

---------------  T H R E A D  ---------------

Current thread is native thread

Stack: [0x00007ffeedc62000,0x00007ffeee462000],  sp=0x00007ffeee45a7e0,  free space=8161k
Native frames: (J=compiled Java code, A=aot compiled Java code, j=interpreted, Vv=VM code, C=native code)
C  [libglass.dylib+0x9515]  -[GlassApplication applicationWillHide:]+0xd5
C  [CoreFoundation+0x7721d]  __CFNOTIFICATIONCENTER_IS_CALLING_OUT_TO_AN_OBSERVER__+0xc
C  [CoreFoundation+0x112c7c]  ___CFXRegistrationPost_block_invoke+0x31
C  [CoreFoundation+0x112bfa]  _CFXRegistrationPost+0x1c6
C  [CoreFoundation+0x4829e]  _CFXNotificationPost+0x2e0
C  [Foundation+0x92c8]  -[NSNotificationCenter postNotificationName:object:userInfo:]+0x3b
C  [AppKit+0x2d6d0d]  -[NSApplication _doHideMaybeFakingIt:]+0x118
C  [AppKit+0x250263]  _hideShowHandler+0x8b
C  [HIToolbox+0x9661]  DispatchEventToHandlers(EventTargetRec*, OpaqueEventRef*, HandlerCallRec*)+0x552
C  [HIToolbox+0x8a83]  SendEventToEventTargetInternal(OpaqueEventRef*, OpaqueEventTargetRef*, HandlerCallRec*)+0x14b
C  [HIToolbox+0x1e332]  SendEventToEventTarget+0x27
C  [AppKit+0x3e896]  _DPSNextEvent+0x6ec
C  [AppKit+0x3ccdd]  -[NSApplication(NSEvent) _nextEventMatchingEventMask:untilDate:inMode:dequeue:]+0x554
C  [AppKit+0x2f051]  -[NSApplication run]+0x24a
C  [libosxapp.dylib+0x2773]  +[NSApplicationAWT runAWTLoopWithApp:]+0x9d
C  [libawt_lwawt.dylib+0x39a7f]  +[AWTStarter starter:headless:]+0x342
C  [JavaNativeFoundation+0x977f]  +[JNFRunLoop _performCopiedBlock:]+0xf
C  [Foundation+0x800c1]  __NSThreadPerformPerform+0xcc
C  [CoreFoundation+0x81a8c]  __CFRUNLOOP_IS_CALLING_OUT_TO_A_SOURCE0_PERFORM_FUNCTION__+0x11
C  [CoreFoundation+0x819f4]  __CFRunLoopDoSource0+0xb4
C  [CoreFoundation+0x81774]  __CFRunLoopDoSources0+0xf2
C  [CoreFoundation+0x8019c]  __CFRunLoopRun+0x37d
C  [CoreFoundation+0x7f75c]  CFRunLoopRunSpecific+0x233
C  [java+0x680c]  CreateExecutionEnvironment+0x191
C  [java+0x28da]  JLI_Launch+0x5ea
C  [java+0x16e8]  main+0x198
C  [libdyld.dylib+0x15f3d]  start+0x1


siginfo: si_signo: 11 (SIGSEGV), si_code: 1 (SEGV_MAPERR), si_addr: 0x0000000000000000

Register to memory mapping:

RAX=
[error occurred during error reporting (printing register info), id 0xb, SIGSEGV (0xb) at pc=0x0000000109f240ae]

Registers:
RAX=0x00007fc04a476780, RBX=0x0000000000000000, RCX=0x00007fc04a80f168, RDX=0x0000000000000000
RSP=0x00007ffeee45a7e0, RBP=0x00007ffeee45ac10, RSI=0x00007fc04a80f000, RDI=0x00007fc04a80f160
R8 =0x0000000000000000, R9 =0x00007fff8011c6e0, R10=0x00007fff801199b8, R11=0x00007fff211e811e
R12=0x00007fff20247800, R13=0x0000000000000000, R14=0x00007fc04a4760e0, R15=0x00007fc04a476780
RIP=0x000000010ecb5515, EFLAGS=0x0000000000010202, ERR=0x0000000000000004
  TRAPNO=0x000000000000000e

Top of Stack: (sp=0x00007ffeee45a7e0)
0x00007ffeee45a7e0:   000000010ecb54b5 00007fff2049821d
0x00007ffeee45a7f0:   00007fff20533c7c 00007fff20533bfa
0x00007ffeee45a800:   00007fff2046929e 00007fff211d42c8
0x00007ffeee45a810:   00007fff22f2ed0d 00007fff22ea8263
0x00007ffeee45a820:   00007fff28693661 00007fff28692a83
0x00007ffeee45a830:   00007fff286a8332 00007fff22c96896
0x00007ffeee45a840:   00007fff22c94cdd 00007fff22c87051
0x00007ffeee45a850:   00000001532e3773 000000015326aa7f
0x00007ffeee45a860:   00007fff6e84a77f 00007fff2124b0c1
0x00007ffeee45a870:   00007fff204a2a8c 00007fff204a29f4
0x00007ffeee45a880:   00007fff204a2774 00007fff204a119c
0x00007ffeee45a890:   00007fff204a075c 00000001017a480c
0x00007ffeee45a8a0:   00000001017a08da 000000010179f6e8
0x00007ffeee45a8b0:   00007fff203c4f3d 0000000000000000
0x00007ffeee45a8c0:   00007ffeee45a8f0 00007fff202578f9
0x00007ffeee45a8d0:   00007fff800c3da8 00007fff800c3c90
0x00007ffeee45a8e0:   0000000000000000 00007fff800c3c90
0x00007ffeee45a8f0:   00007ffeee45a910 00007fff2025788d
0x00007ffeee45a900:   00007ffffffffff8 00007fff80678108
0x00007ffeee45a910:   00007ffeee45a960 00007fff20258039
0x00007ffeee45a920:   00007fff00000000 0000000000000000
0x00007ffeee45a930:   00007ffeee45aec0 00007ffffffffff8
0x00007ffeee45a940:   0000000000000000 00007fff2026971d
0x00007ffeee45a950:   00007ffeee45a970 00007fff202584a2
0x00007ffeee45a960:   00007fff2026971d 00007fc04a510da0
0x00007ffeee45a970:   00007ffeee45a990 00007fff20258fdd
0x00007ffeee45a980:   0000000000000000 00007fff2024858c
0x00007ffeee45a990:   00007ffeee45af20 00007fff20248bdf
0x00007ffeee45a9a0:   0000000000000013 00007fff800c3da8
0x00007ffeee45a9b0:   00007ffeee45aa50 00007fff20428f3b
0x00007ffeee45a9c0:   00007ffeee45a9f0 00007ffeee45aa1c
0x00007ffeee45a9d0:   00007ffeee45ba50 00007fff20377f4b 

Instructions: (pc=0x000000010ecb5515)
0x000000010ecb5415:   88 00 00 00 48 8b 05 10 fd 02 00 48 8b 00 48 3b
0x000000010ecb5425:   45 d0 75 12 48 81 c4 08 04 00 00 5b 41 5c 41 5d
0x000000010ecb5435:   41 5e 41 5f 5d c3 e8 38 52 02 00 55 48 89 e5 41
0x000000010ecb5445:   57 41 56 41 55 41 54 53 48 81 ec 08 04 00 00 49
0x000000010ecb5455:   89 fe 48 8b 05 d2 fc 02 00 48 8b 00 48 89 45 d0
0x000000010ecb5465:   4c 8d 25 dc a5 03 00 49 8b 1c 24 48 85 db 75 78
0x000000010ecb5475:   48 8b 05 bc fc 02 00 48 8b 38 48 8d 35 f6 a0 02
0x000000010ecb5485:   00 48 8d 15 30 ab 02 00 48 8d 0d 57 a9 02 00 41
0x000000010ecb5495:   b8 2d 01 00 00 31 c0 e8 13 52 02 00 4c 8d bd d0
0x000000010ecb54a5:   fb ff ff be 80 00 00 00 4c 89 ff e8 e1 51 02 00
0x000000010ecb54b5:   89 c3 4c 89 ff 89 de e8 db 51 02 00 49 89 c7 85
0x000000010ecb54c5:   db 7e 19 41 89 dd 4c 89 fb 66 90 48 8b 3b e8 68
0x000000010ecb54d5:   53 02 00 48 83 c3 08 49 ff cd 75 ef 4c 89 ff e8
0x000000010ecb54e5:   d1 51 02 00 49 8b 1c 24 48 8b 3d 6c 93 03 00 48
0x000000010ecb54f5:   8b 35 85 81 03 00 4c 8b 25 7e fc 02 00 41 ff d4
0x000000010ecb5505:   48 8b 35 9c 81 03 00 48 89 c7 41 ff d4 49 89 c7
0x000000010ecb5515:   48 8b 03 4c 8b a8 e8 01 00 00 48 8b 05 5a 96 03
0x000000010ecb5525:   00 4d 8b 34 06 48 8b 3d 6f 93 03 00 48 8b 35 90
0x000000010ecb5535:   86 03 00 41 ff d4 48 89 c1 31 c0 48 89 df 4c 89
0x000000010ecb5545:   f6 48 89 ca 41 ff d5 48 8b 35 75 81 03 00 4c 89
0x000000010ecb5555:   ff 41 ff d4 48 8b 03 48 89 df ff 50 78 49 89 c6
0x000000010ecb5565:   4d 85 f6 74 3f 48 8b 03 48 89 df ff 90 88 00 00
0x000000010ecb5575:   00 4c 8b 03 48 8d 05 d0 a4 03 00 48 8b 30 48 8d
0x000000010ecb5585:   05 2e a6 03 00 48 8b 50 50 31 c0 48 89 df 4c 89
0x000000010ecb5595:   f1 41 ff 90 68 04 00 00 48 8b 03 48 89 df ff 90
0x000000010ecb55a5:   88 00 00 00 48 8b 05 80 fb 02 00 48 8b 00 48 3b
0x000000010ecb55b5:   45 d0 75 12 48 81 c4 08 04 00 00 5b 41 5c 41 5d
0x000000010ecb55c5:   41 5e 41 5f 5d c3 e8 a8 50 02 00 55 48 89 e5 41
0x000000010ecb55d5:   57 41 56 41 55 41 54 53 48 81 ec 08 04 00 00 49
0x000000010ecb55e5:   89 fe 48 8b 05 42 fb 02 00 48 8b 00 48 89 45 d0
0x000000010ecb55f5:   4c 8d 25 4c a4 03 00 49 8b 1c 24 48 85 db 75 78
0x000000010ecb5605:   48 8b 05 2c fb 02 00 48 8b 38 48 8d 35 66 9f 02 


Stack slot to memory mapping:
stack at sp + 0 slots: 
[error occurred during error reporting (inspecting top of stack), id 0xb, SIGSEGV (0xb) at pc=0x0000000109f240ae]


---------------  P R O C E S S  ---------------

VM state:not at safepoint (normal execution)

VM Mutex/Monitor currently owned by a thread: None

Heap address: 0x0000000400000000, size: 16384 MB, Compressed Oops mode: Zero based, Oop shift amount: 3
Narrow klass base: 0x0000000800000000, Narrow klass shift: 0
Compressed class space size: 1073741824 Address: 0x0000000800000000

Heap:
 garbage-first heap   total 1048576K, used 278068K [0x0000000400000000, 0x0000000800000000)
  region size 4096K, 68 young (278528K), 7 survivors (28672K)
 Metaspace       used 52088K, capacity 54306K, committed 54476K, reserved 1095680K
  class space    used 6798K, capacity 7833K, committed 7884K, reserved 1048576K
Heap Regions: E=young(eden), S=young(survivor), O=old, HS=humongous(starts), HC=humongous(continues), CS=collection set, F=free, A=archive, TAMS=top-at-mark-start (previous, next)
|   0|0x0000000400000000, 0x0000000400400000, 0x0000000400400000|100%| O|  |TAMS 0x0000000400400000, 0x0000000400000000| Untracked 
|   1|0x0000000400400000, 0x0000000400800000, 0x0000000400800000|100%| O|  |TAMS 0x0000000400800000, 0x0000000400400000| Untracked 
|   2|0x0000000400800000, 0x000000040091f200, 0x0000000400c00000| 28%| O|  |TAMS 0x000000040091f200, 0x0000000400800000| Untracked 
|   3|0x0000000400c00000, 0x0000000400c00000, 0x0000000401000000|  0%| F|  |TAMS 0x0000000400c00000, 0x0000000400c00000| Untracked 
|   4|0x0000000401000000, 0x0000000401000000, 0x0000000401400000|  0%| F|  |TAMS 0x0000000401000000, 0x0000000401000000| Untracked 
|   5|0x0000000401400000, 0x0000000401400000, 0x0000000401800000|  0%| F|  |TAMS 0x0000000401400000, 0x0000000401400000| Untracked 
|   6|0x0000000401800000, 0x0000000401800000, 0x0000000401c00000|  0%| F|  |TAMS 0x0000000401800000, 0x0000000401800000| Untracked 
|   7|0x0000000401c00000, 0x0000000401c00000, 0x0000000402000000|  0%| F|  |TAMS 0x0000000401c00000, 0x0000000401c00000| Untracked 
|   8|0x0000000402000000, 0x0000000402000000, 0x0000000402400000|  0%| F|  |TAMS 0x0000000402000000, 0x0000000402000000| Untracked 
|   9|0x0000000402400000, 0x0000000402400000, 0x0000000402800000|  0%| F|  |TAMS 0x0000000402400000, 0x0000000402400000| Untracked 
|  10|0x0000000402800000, 0x0000000402800000, 0x0000000402c00000|  0%| F|  |TAMS 0x0000000402800000, 0x0000000402800000| Untracked 
|  11|0x0000000402c00000, 0x0000000402c00000, 0x0000000403000000|  0%| F|  |TAMS 0x0000000402c00000, 0x0000000402c00000| Untracked 
|  12|0x0000000403000000, 0x0000000403000000, 0x0000000403400000|  0%| F|  |TAMS 0x0000000403000000, 0x0000000403000000| Untracked 
|  13|0x0000000403400000, 0x0000000403400000, 0x0000000403800000|  0%| F|  |TAMS 0x0000000403400000, 0x0000000403400000| Untracked 
|  14|0x0000000403800000, 0x0000000403800000, 0x0000000403c00000|  0%| F|  |TAMS 0x0000000403800000, 0x0000000403800000| Untracked 
|  15|0x0000000403c00000, 0x0000000403c00000, 0x0000000404000000|  0%| F|  |TAMS 0x0000000403c00000, 0x0000000403c00000| Untracked 
|  16|0x0000000404000000, 0x0000000404000000, 0x0000000404400000|  0%| F|  |TAMS 0x0000000404000000, 0x0000000404000000| Untracked 
|  17|0x0000000404400000, 0x0000000404400000, 0x0000000404800000|  0%| F|  |TAMS 0x0000000404400000, 0x0000000404400000| Untracked 
|  18|0x0000000404800000, 0x0000000404800000, 0x0000000404c00000|  0%| F|  |TAMS 0x0000000404800000, 0x0000000404800000| Untracked 
|  19|0x0000000404c00000, 0x0000000404c00000, 0x0000000405000000|  0%| F|  |TAMS 0x0000000404c00000, 0x0000000404c00000| Untracked 
|  20|0x0000000405000000, 0x0000000405000000, 0x0000000405400000|  0%| F|  |TAMS 0x0000000405000000, 0x0000000405000000| Untracked 
|  21|0x0000000405400000, 0x0000000405400000, 0x0000000405800000|  0%| F|  |TAMS 0x0000000405400000, 0x0000000405400000| Untracked 
|  22|0x0000000405800000, 0x0000000405800000, 0x0000000405c00000|  0%| F|  |TAMS 0x0000000405800000, 0x0000000405800000| Untracked 
|  23|0x0000000405c00000, 0x0000000405c00000, 0x0000000406000000|  0%| F|  |TAMS 0x0000000405c00000, 0x0000000405c00000| Untracked 
|  24|0x0000000406000000, 0x0000000406000000, 0x0000000406400000|  0%| F|  |TAMS 0x0000000406000000, 0x0000000406000000| Untracked 
|  25|0x0000000406400000, 0x0000000406400000, 0x0000000406800000|  0%| F|  |TAMS 0x0000000406400000, 0x0000000406400000| Untracked 
|  26|0x0000000406800000, 0x0000000406800000, 0x0000000406c00000|  0%| F|  |TAMS 0x0000000406800000, 0x0000000406800000| Untracked 
|  27|0x0000000406c00000, 0x0000000406c00000, 0x0000000407000000|  0%| F|  |TAMS 0x0000000406c00000, 0x0000000406c00000| Untracked 
|  28|0x0000000407000000, 0x0000000407000000, 0x0000000407400000|  0%| F|  |TAMS 0x0000000407000000, 0x0000000407000000| Untracked 
|  29|0x0000000407400000, 0x0000000407400000, 0x0000000407800000|  0%| F|  |TAMS 0x0000000407400000, 0x0000000407400000| Untracked 
|  30|0x0000000407800000, 0x0000000407800000, 0x0000000407c00000|  0%| F|  |TAMS 0x0000000407800000, 0x0000000407800000| Untracked 
|  31|0x0000000407c00000, 0x0000000407c00000, 0x0000000408000000|  0%| F|  |TAMS 0x0000000407c00000, 0x0000000407c00000| Untracked 
|  32|0x0000000408000000, 0x0000000408000000, 0x0000000408400000|  0%| F|  |TAMS 0x0000000408000000, 0x0000000408000000| Untracked 
|  33|0x0000000408400000, 0x0000000408400000, 0x0000000408800000|  0%| F|  |TAMS 0x0000000408400000, 0x0000000408400000| Untracked 
|  34|0x0000000408800000, 0x0000000408800000, 0x0000000408c00000|  0%| F|  |TAMS 0x0000000408800000, 0x0000000408800000| Untracked 
|  35|0x0000000408c00000, 0x0000000408c00000, 0x0000000409000000|  0%| F|  |TAMS 0x0000000408c00000, 0x0000000408c00000| Untracked 
|  36|0x0000000409000000, 0x0000000409000000, 0x0000000409400000|  0%| F|  |TAMS 0x0000000409000000, 0x0000000409000000| Untracked 
|  37|0x0000000409400000, 0x0000000409400000, 0x0000000409800000|  0%| F|  |TAMS 0x0000000409400000, 0x0000000409400000| Untracked 
|  38|0x0000000409800000, 0x0000000409800000, 0x0000000409c00000|  0%| F|  |TAMS 0x0000000409800000, 0x0000000409800000| Untracked 
|  39|0x0000000409c00000, 0x0000000409c00000, 0x000000040a000000|  0%| F|  |TAMS 0x0000000409c00000, 0x0000000409c00000| Untracked 
|  40|0x000000040a000000, 0x000000040a000000, 0x000000040a400000|  0%| F|  |TAMS 0x000000040a000000, 0x000000040a000000| Untracked 
|  41|0x000000040a400000, 0x000000040a400000, 0x000000040a800000|  0%| F|  |TAMS 0x000000040a400000, 0x000000040a400000| Untracked 
|  42|0x000000040a800000, 0x000000040a800000, 0x000000040ac00000|  0%| F|  |TAMS 0x000000040a800000, 0x000000040a800000| Untracked 
|  43|0x000000040ac00000, 0x000000040ac00000, 0x000000040b000000|  0%| F|  |TAMS 0x000000040ac00000, 0x000000040ac00000| Untracked 
|  44|0x000000040b000000, 0x000000040b000000, 0x000000040b400000|  0%| F|  |TAMS 0x000000040b000000, 0x000000040b000000| Untracked 
|  45|0x000000040b400000, 0x000000040b400000, 0x000000040b800000|  0%| F|  |TAMS 0x000000040b400000, 0x000000040b400000| Untracked 
|  46|0x000000040b800000, 0x000000040b800000, 0x000000040bc00000|  0%| F|  |TAMS 0x000000040b800000, 0x000000040b800000| Untracked 
|  47|0x000000040bc00000, 0x000000040bc00000, 0x000000040c000000|  0%| F|  |TAMS 0x000000040bc00000, 0x000000040bc00000| Untracked 
|  48|0x000000040c000000, 0x000000040c000000, 0x000000040c400000|  0%| F|  |TAMS 0x000000040c000000, 0x000000040c000000| Untracked 
|  49|0x000000040c400000, 0x000000040c400000, 0x000000040c800000|  0%| F|  |TAMS 0x000000040c400000, 0x000000040c400000| Untracked 
|  50|0x000000040c800000, 0x000000040c800000, 0x000000040cc00000|  0%| F|  |TAMS 0x000000040c800000, 0x000000040c800000| Untracked 
|  51|0x000000040cc00000, 0x000000040cc00000, 0x000000040d000000|  0%| F|  |TAMS 0x000000040cc00000, 0x000000040cc00000| Untracked 
|  52|0x000000040d000000, 0x000000040d000000, 0x000000040d400000|  0%| F|  |TAMS 0x000000040d000000, 0x000000040d000000| Untracked 
|  53|0x000000040d400000, 0x000000040d400000, 0x000000040d800000|  0%| F|  |TAMS 0x000000040d400000, 0x000000040d400000| Untracked 
|  54|0x000000040d800000, 0x000000040d800000, 0x000000040dc00000|  0%| F|  |TAMS 0x000000040d800000, 0x000000040d800000| Untracked 
|  55|0x000000040dc00000, 0x000000040dc00000, 0x000000040e000000|  0%| F|  |TAMS 0x000000040dc00000, 0x000000040dc00000| Untracked 
|  56|0x000000040e000000, 0x000000040e000000, 0x000000040e400000|  0%| F|  |TAMS 0x000000040e000000, 0x000000040e000000| Untracked 
|  57|0x000000040e400000, 0x000000040e400000, 0x000000040e800000|  0%| F|  |TAMS 0x000000040e400000, 0x000000040e400000| Untracked 
|  58|0x000000040e800000, 0x000000040e800000, 0x000000040ec00000|  0%| F|  |TAMS 0x000000040e800000, 0x000000040e800000| Untracked 
|  59|0x000000040ec00000, 0x000000040ec00000, 0x000000040f000000|  0%| F|  |TAMS 0x000000040ec00000, 0x000000040ec00000| Untracked 
|  60|0x000000040f000000, 0x000000040f000000, 0x000000040f400000|  0%| F|  |TAMS 0x000000040f000000, 0x000000040f000000| Untracked 
|  61|0x000000040f400000, 0x000000040f400000, 0x000000040f800000|  0%| F|  |TAMS 0x000000040f400000, 0x000000040f400000| Untracked 
|  62|0x000000040f800000, 0x000000040f800000, 0x000000040fc00000|  0%| F|  |TAMS 0x000000040f800000, 0x000000040f800000| Untracked 
|  63|0x000000040fc00000, 0x000000040fc00000, 0x0000000410000000|  0%| F|  |TAMS 0x000000040fc00000, 0x000000040fc00000| Untracked 
|  64|0x0000000410000000, 0x0000000410000000, 0x0000000410400000|  0%| F|  |TAMS 0x0000000410000000, 0x0000000410000000| Untracked 
|  65|0x0000000410400000, 0x0000000410400000, 0x0000000410800000|  0%| F|  |TAMS 0x0000000410400000, 0x0000000410400000| Untracked 
|  66|0x0000000410800000, 0x0000000410800000, 0x0000000410c00000|  0%| F|  |TAMS 0x0000000410800000, 0x0000000410800000| Untracked 
|  67|0x0000000410c00000, 0x0000000410c00000, 0x0000000411000000|  0%| F|  |TAMS 0x0000000410c00000, 0x0000000410c00000| Untracked 
|  68|0x0000000411000000, 0x0000000411000000, 0x0000000411400000|  0%| F|  |TAMS 0x0000000411000000, 0x0000000411000000| Untracked 
|  69|0x0000000411400000, 0x0000000411400000, 0x0000000411800000|  0%| F|  |TAMS 0x0000000411400000, 0x0000000411400000| Untracked 
|  70|0x0000000411800000, 0x0000000411800000, 0x0000000411c00000|  0%| F|  |TAMS 0x0000000411800000, 0x0000000411800000| Untracked 
|  71|0x0000000411c00000, 0x0000000411c00000, 0x0000000412000000|  0%| F|  |TAMS 0x0000000411c00000, 0x0000000411c00000| Untracked 
|  72|0x0000000412000000, 0x0000000412000000, 0x0000000412400000|  0%| F|  |TAMS 0x0000000412000000, 0x0000000412000000| Untracked 
|  73|0x0000000412400000, 0x0000000412400000, 0x0000000412800000|  0%| F|  |TAMS 0x0000000412400000, 0x0000000412400000| Untracked 
|  74|0x0000000412800000, 0x0000000412800000, 0x0000000412c00000|  0%| F|  |TAMS 0x0000000412800000, 0x0000000412800000| Untracked 
|  75|0x0000000412c00000, 0x0000000412c00000, 0x0000000413000000|  0%| F|  |TAMS 0x0000000412c00000, 0x0000000412c00000| Untracked 
|  76|0x0000000413000000, 0x0000000413000000, 0x0000000413400000|  0%| F|  |TAMS 0x0000000413000000, 0x0000000413000000| Untracked 
|  77|0x0000000413400000, 0x0000000413400000, 0x0000000413800000|  0%| F|  |TAMS 0x0000000413400000, 0x0000000413400000| Untracked 
|  78|0x0000000413800000, 0x0000000413800000, 0x0000000413c00000|  0%| F|  |TAMS 0x0000000413800000, 0x0000000413800000| Untracked 
|  79|0x0000000413c00000, 0x0000000413c00000, 0x0000000414000000|  0%| F|  |TAMS 0x0000000413c00000, 0x0000000413c00000| Untracked 
|  80|0x0000000414000000, 0x0000000414000000, 0x0000000414400000|  0%| F|  |TAMS 0x0000000414000000, 0x0000000414000000| Untracked 
|  81|0x0000000414400000, 0x0000000414400000, 0x0000000414800000|  0%| F|  |TAMS 0x0000000414400000, 0x0000000414400000| Untracked 
|  82|0x0000000414800000, 0x0000000414800000, 0x0000000414c00000|  0%| F|  |TAMS 0x0000000414800000, 0x0000000414800000| Untracked 
|  83|0x0000000414c00000, 0x0000000414c00000, 0x0000000415000000|  0%| F|  |TAMS 0x0000000414c00000, 0x0000000414c00000| Untracked 
|  84|0x0000000415000000, 0x0000000415000000, 0x0000000415400000|  0%| F|  |TAMS 0x0000000415000000, 0x0000000415000000| Untracked 
|  85|0x0000000415400000, 0x0000000415400000, 0x0000000415800000|  0%| F|  |TAMS 0x0000000415400000, 0x0000000415400000| Untracked 
|  86|0x0000000415800000, 0x0000000415800000, 0x0000000415c00000|  0%| F|  |TAMS 0x0000000415800000, 0x0000000415800000| Untracked 
|  87|0x0000000415c00000, 0x0000000415c00000, 0x0000000416000000|  0%| F|  |TAMS 0x0000000415c00000, 0x0000000415c00000| Untracked 
|  88|0x0000000416000000, 0x0000000416000000, 0x0000000416400000|  0%| F|  |TAMS 0x0000000416000000, 0x0000000416000000| Untracked 
|  89|0x0000000416400000, 0x0000000416400000, 0x0000000416800000|  0%| F|  |TAMS 0x0000000416400000, 0x0000000416400000| Untracked 
|  90|0x0000000416800000, 0x0000000416800000, 0x0000000416c00000|  0%| F|  |TAMS 0x0000000416800000, 0x0000000416800000| Untracked 
|  91|0x0000000416c00000, 0x0000000416c00000, 0x0000000417000000|  0%| F|  |TAMS 0x0000000416c00000, 0x0000000416c00000| Untracked 
|  92|0x0000000417000000, 0x0000000417000000, 0x0000000417400000|  0%| F|  |TAMS 0x0000000417000000, 0x0000000417000000| Untracked 
|  93|0x0000000417400000, 0x0000000417400000, 0x0000000417800000|  0%| F|  |TAMS 0x0000000417400000, 0x0000000417400000| Untracked 
|  94|0x0000000417800000, 0x0000000417800000, 0x0000000417c00000|  0%| F|  |TAMS 0x0000000417800000, 0x0000000417800000| Untracked 
|  95|0x0000000417c00000, 0x0000000417c00000, 0x0000000418000000|  0%| F|  |TAMS 0x0000000417c00000, 0x0000000417c00000| Untracked 
|  96|0x0000000418000000, 0x0000000418000000, 0x0000000418400000|  0%| F|  |TAMS 0x0000000418000000, 0x0000000418000000| Untracked 
|  97|0x0000000418400000, 0x0000000418400000, 0x0000000418800000|  0%| F|  |TAMS 0x0000000418400000, 0x0000000418400000| Untracked 
|  98|0x0000000418800000, 0x0000000418800000, 0x0000000418c00000|  0%| F|  |TAMS 0x0000000418800000, 0x0000000418800000| Untracked 
|  99|0x0000000418c00000, 0x0000000418c00000, 0x0000000419000000|  0%| F|  |TAMS 0x0000000418c00000, 0x0000000418c00000| Untracked 
| 100|0x0000000419000000, 0x0000000419000000, 0x0000000419400000|  0%| F|  |TAMS 0x0000000419000000, 0x0000000419000000| Untracked 
| 101|0x0000000419400000, 0x0000000419400000, 0x0000000419800000|  0%| F|  |TAMS 0x0000000419400000, 0x0000000419400000| Untracked 
| 102|0x0000000419800000, 0x0000000419800000, 0x0000000419c00000|  0%| F|  |TAMS 0x0000000419800000, 0x0000000419800000| Untracked 
| 103|0x0000000419c00000, 0x0000000419c00000, 0x000000041a000000|  0%| F|  |TAMS 0x0000000419c00000, 0x0000000419c00000| Untracked 
| 104|0x000000041a000000, 0x000000041a000000, 0x000000041a400000|  0%| F|  |TAMS 0x000000041a000000, 0x000000041a000000| Untracked 
| 105|0x000000041a400000, 0x000000041a400000, 0x000000041a800000|  0%| F|  |TAMS 0x000000041a400000, 0x000000041a400000| Untracked 
| 106|0x000000041a800000, 0x000000041a800000, 0x000000041ac00000|  0%| F|  |TAMS 0x000000041a800000, 0x000000041a800000| Untracked 
| 107|0x000000041ac00000, 0x000000041ac00000, 0x000000041b000000|  0%| F|  |TAMS 0x000000041ac00000, 0x000000041ac00000| Untracked 
| 108|0x000000041b000000, 0x000000041b000000, 0x000000041b400000|  0%| F|  |TAMS 0x000000041b000000, 0x000000041b000000| Untracked 
| 109|0x000000041b400000, 0x000000041b400000, 0x000000041b800000|  0%| F|  |TAMS 0x000000041b400000, 0x000000041b400000| Untracked 
| 110|0x000000041b800000, 0x000000041b800000, 0x000000041bc00000|  0%| F|  |TAMS 0x000000041b800000, 0x000000041b800000| Untracked 
| 111|0x000000041bc00000, 0x000000041bc00000, 0x000000041c000000|  0%| F|  |TAMS 0x000000041bc00000, 0x000000041bc00000| Untracked 
| 112|0x000000041c000000, 0x000000041c000000, 0x000000041c400000|  0%| F|  |TAMS 0x000000041c000000, 0x000000041c000000| Untracked 
| 113|0x000000041c400000, 0x000000041c400000, 0x000000041c800000|  0%| F|  |TAMS 0x000000041c400000, 0x000000041c400000| Untracked 
| 114|0x000000041c800000, 0x000000041c800000, 0x000000041cc00000|  0%| F|  |TAMS 0x000000041c800000, 0x000000041c800000| Untracked 
| 115|0x000000041cc00000, 0x000000041cc00000, 0x000000041d000000|  0%| F|  |TAMS 0x000000041cc00000, 0x000000041cc00000| Untracked 
| 116|0x000000041d000000, 0x000000041d000000, 0x000000041d400000|  0%| F|  |TAMS 0x000000041d000000, 0x000000041d000000| Untracked 
| 117|0x000000041d400000, 0x000000041d400000, 0x000000041d800000|  0%| F|  |TAMS 0x000000041d400000, 0x000000041d400000| Untracked 
| 118|0x000000041d800000, 0x000000041d800000, 0x000000041dc00000|  0%| F|  |TAMS 0x000000041d800000, 0x000000041d800000| Untracked 
| 119|0x000000041dc00000, 0x000000041dc00000, 0x000000041e000000|  0%| F|  |TAMS 0x000000041dc00000, 0x000000041dc00000| Untracked 
| 120|0x000000041e000000, 0x000000041e000000, 0x000000041e400000|  0%| F|  |TAMS 0x000000041e000000, 0x000000041e000000| Untracked 
| 121|0x000000041e400000, 0x000000041e400000, 0x000000041e800000|  0%| F|  |TAMS 0x000000041e400000, 0x000000041e400000| Untracked 
| 122|0x000000041e800000, 0x000000041e800000, 0x000000041ec00000|  0%| F|  |TAMS 0x000000041e800000, 0x000000041e800000| Untracked 
| 123|0x000000041ec00000, 0x000000041ec00000, 0x000000041f000000|  0%| F|  |TAMS 0x000000041ec00000, 0x000000041ec00000| Untracked 
| 124|0x000000041f000000, 0x000000041f000000, 0x000000041f400000|  0%| F|  |TAMS 0x000000041f000000, 0x000000041f000000| Untracked 
| 125|0x000000041f400000, 0x000000041f400000, 0x000000041f800000|  0%| F|  |TAMS 0x000000041f400000, 0x000000041f400000| Untracked 
| 126|0x000000041f800000, 0x000000041f800000, 0x000000041fc00000|  0%| F|  |TAMS 0x000000041f800000, 0x000000041f800000| Untracked 
| 127|0x000000041fc00000, 0x000000041fc00000, 0x0000000420000000|  0%| F|  |TAMS 0x000000041fc00000, 0x000000041fc00000| Untracked 
| 128|0x0000000420000000, 0x0000000420000000, 0x0000000420400000|  0%| F|  |TAMS 0x0000000420000000, 0x0000000420000000| Untracked 
| 129|0x0000000420400000, 0x0000000420400000, 0x0000000420800000|  0%| F|  |TAMS 0x0000000420400000, 0x0000000420400000| Untracked 
| 130|0x0000000420800000, 0x0000000420800000, 0x0000000420c00000|  0%| F|  |TAMS 0x0000000420800000, 0x0000000420800000| Untracked 
| 131|0x0000000420c00000, 0x0000000420c00000, 0x0000000421000000|  0%| F|  |TAMS 0x0000000420c00000, 0x0000000420c00000| Untracked 
| 132|0x0000000421000000, 0x0000000421000000, 0x0000000421400000|  0%| F|  |TAMS 0x0000000421000000, 0x0000000421000000| Untracked 
| 133|0x0000000421400000, 0x0000000421400000, 0x0000000421800000|  0%| F|  |TAMS 0x0000000421400000, 0x0000000421400000| Untracked 
| 134|0x0000000421800000, 0x0000000421800000, 0x0000000421c00000|  0%| F|  |TAMS 0x0000000421800000, 0x0000000421800000| Untracked 
| 135|0x0000000421c00000, 0x0000000421c00000, 0x0000000422000000|  0%| F|  |TAMS 0x0000000421c00000, 0x0000000421c00000| Untracked 
| 136|0x0000000422000000, 0x0000000422000000, 0x0000000422400000|  0%| F|  |TAMS 0x0000000422000000, 0x0000000422000000| Untracked 
| 137|0x0000000422400000, 0x0000000422400000, 0x0000000422800000|  0%| F|  |TAMS 0x0000000422400000, 0x0000000422400000| Untracked 
| 138|0x0000000422800000, 0x0000000422800000, 0x0000000422c00000|  0%| F|  |TAMS 0x0000000422800000, 0x0000000422800000| Untracked 
| 139|0x0000000422c00000, 0x0000000422c00000, 0x0000000423000000|  0%| F|  |TAMS 0x0000000422c00000, 0x0000000422c00000| Untracked 
| 140|0x0000000423000000, 0x0000000423000000, 0x0000000423400000|  0%| F|  |TAMS 0x0000000423000000, 0x0000000423000000| Untracked 
| 141|0x0000000423400000, 0x0000000423400000, 0x0000000423800000|  0%| F|  |TAMS 0x0000000423400000, 0x0000000423400000| Untracked 
| 142|0x0000000423800000, 0x0000000423800000, 0x0000000423c00000|  0%| F|  |TAMS 0x0000000423800000, 0x0000000423800000| Untracked 
| 143|0x0000000423c00000, 0x0000000423c00000, 0x0000000424000000|  0%| F|  |TAMS 0x0000000423c00000, 0x0000000423c00000| Untracked 
| 144|0x0000000424000000, 0x0000000424000000, 0x0000000424400000|  0%| F|  |TAMS 0x0000000424000000, 0x0000000424000000| Untracked 
| 145|0x0000000424400000, 0x0000000424400000, 0x0000000424800000|  0%| F|  |TAMS 0x0000000424400000, 0x0000000424400000| Untracked 
| 146|0x0000000424800000, 0x0000000424800000, 0x0000000424c00000|  0%| F|  |TAMS 0x0000000424800000, 0x0000000424800000| Untracked 
| 147|0x0000000424c00000, 0x0000000424c00000, 0x0000000425000000|  0%| F|  |TAMS 0x0000000424c00000, 0x0000000424c00000| Untracked 
| 148|0x0000000425000000, 0x0000000425000000, 0x0000000425400000|  0%| F|  |TAMS 0x0000000425000000, 0x0000000425000000| Untracked 
| 149|0x0000000425400000, 0x0000000425400000, 0x0000000425800000|  0%| F|  |TAMS 0x0000000425400000, 0x0000000425400000| Untracked 
| 150|0x0000000425800000, 0x0000000425800000, 0x0000000425c00000|  0%| F|  |TAMS 0x0000000425800000, 0x0000000425800000| Untracked 
| 151|0x0000000425c00000, 0x0000000425c00000, 0x0000000426000000|  0%| F|  |TAMS 0x0000000425c00000, 0x0000000425c00000| Untracked 
| 152|0x0000000426000000, 0x0000000426000000, 0x0000000426400000|  0%| F|  |TAMS 0x0000000426000000, 0x0000000426000000| Untracked 
| 153|0x0000000426400000, 0x0000000426400000, 0x0000000426800000|  0%| F|  |TAMS 0x0000000426400000, 0x0000000426400000| Untracked 
| 154|0x0000000426800000, 0x0000000426800000, 0x0000000426c00000|  0%| F|  |TAMS 0x0000000426800000, 0x0000000426800000| Untracked 
| 155|0x0000000426c00000, 0x0000000426c00000, 0x0000000427000000|  0%| F|  |TAMS 0x0000000426c00000, 0x0000000426c00000| Untracked 
| 156|0x0000000427000000, 0x0000000427000000, 0x0000000427400000|  0%| F|  |TAMS 0x0000000427000000, 0x0000000427000000| Untracked 
| 157|0x0000000427400000, 0x0000000427400000, 0x0000000427800000|  0%| F|  |TAMS 0x0000000427400000, 0x0000000427400000| Untracked 
| 158|0x0000000427800000, 0x0000000427800000, 0x0000000427c00000|  0%| F|  |TAMS 0x0000000427800000, 0x0000000427800000| Untracked 
| 159|0x0000000427c00000, 0x0000000427c00000, 0x0000000428000000|  0%| F|  |TAMS 0x0000000427c00000, 0x0000000427c00000| Untracked 
| 160|0x0000000428000000, 0x0000000428000000, 0x0000000428400000|  0%| F|  |TAMS 0x0000000428000000, 0x0000000428000000| Untracked 
| 161|0x0000000428400000, 0x0000000428400000, 0x0000000428800000|  0%| F|  |TAMS 0x0000000428400000, 0x0000000428400000| Untracked 
| 162|0x0000000428800000, 0x0000000428800000, 0x0000000428c00000|  0%| F|  |TAMS 0x0000000428800000, 0x0000000428800000| Untracked 
| 163|0x0000000428c00000, 0x0000000428c00000, 0x0000000429000000|  0%| F|  |TAMS 0x0000000428c00000, 0x0000000428c00000| Untracked 
| 164|0x0000000429000000, 0x0000000429000000, 0x0000000429400000|  0%| F|  |TAMS 0x0000000429000000, 0x0000000429000000| Untracked 
| 165|0x0000000429400000, 0x000000042966e0a0, 0x0000000429800000| 60%| S|CS|TAMS 0x0000000429400000, 0x0000000429400000| Complete 
| 166|0x0000000429800000, 0x0000000429c00000, 0x0000000429c00000|100%| S|CS|TAMS 0x0000000429800000, 0x0000000429800000| Complete 
| 167|0x0000000429c00000, 0x000000042a000000, 0x000000042a000000|100%| S|CS|TAMS 0x0000000429c00000, 0x0000000429c00000| Complete 
| 168|0x000000042a000000, 0x000000042a400000, 0x000000042a400000|100%| S|CS|TAMS 0x000000042a000000, 0x000000042a000000| Complete 
| 169|0x000000042a400000, 0x000000042a800000, 0x000000042a800000|100%| S|CS|TAMS 0x000000042a400000, 0x000000042a400000| Complete 
| 170|0x000000042a800000, 0x000000042ac00000, 0x000000042ac00000|100%| S|CS|TAMS 0x000000042a800000, 0x000000042a800000| Complete 
| 171|0x000000042ac00000, 0x000000042b000000, 0x000000042b000000|100%| S|CS|TAMS 0x000000042ac00000, 0x000000042ac00000| Complete 
| 172|0x000000042b000000, 0x000000042b000000, 0x000000042b400000|  0%| F|  |TAMS 0x000000042b000000, 0x000000042b000000| Untracked 
| 173|0x000000042b400000, 0x000000042b400000, 0x000000042b800000|  0%| F|  |TAMS 0x000000042b400000, 0x000000042b400000| Untracked 
| 174|0x000000042b800000, 0x000000042b800000, 0x000000042bc00000|  0%| F|  |TAMS 0x000000042b800000, 0x000000042b800000| Untracked 
| 175|0x000000042bc00000, 0x000000042bc00000, 0x000000042c000000|  0%| F|  |TAMS 0x000000042bc00000, 0x000000042bc00000| Untracked 
| 176|0x000000042c000000, 0x000000042c000000, 0x000000042c400000|  0%| F|  |TAMS 0x000000042c000000, 0x000000042c000000| Untracked 
| 177|0x000000042c400000, 0x000000042c400000, 0x000000042c800000|  0%| F|  |TAMS 0x000000042c400000, 0x000000042c400000| Untracked 
| 178|0x000000042c800000, 0x000000042c800000, 0x000000042cc00000|  0%| F|  |TAMS 0x000000042c800000, 0x000000042c800000| Untracked 
| 179|0x000000042cc00000, 0x000000042cc00000, 0x000000042d000000|  0%| F|  |TAMS 0x000000042cc00000, 0x000000042cc00000| Untracked 
| 180|0x000000042d000000, 0x000000042d000000, 0x000000042d400000|  0%| F|  |TAMS 0x000000042d000000, 0x000000042d000000| Untracked 
| 181|0x000000042d400000, 0x000000042d400000, 0x000000042d800000|  0%| F|  |TAMS 0x000000042d400000, 0x000000042d400000| Untracked 
| 182|0x000000042d800000, 0x000000042d800000, 0x000000042dc00000|  0%| F|  |TAMS 0x000000042d800000, 0x000000042d800000| Untracked 
| 183|0x000000042dc00000, 0x000000042dc00000, 0x000000042e000000|  0%| F|  |TAMS 0x000000042dc00000, 0x000000042dc00000| Untracked 
| 184|0x000000042e000000, 0x000000042e000000, 0x000000042e400000|  0%| F|  |TAMS 0x000000042e000000, 0x000000042e000000| Untracked 
| 185|0x000000042e400000, 0x000000042e400000, 0x000000042e800000|  0%| F|  |TAMS 0x000000042e400000, 0x000000042e400000| Untracked 
| 186|0x000000042e800000, 0x000000042e800000, 0x000000042ec00000|  0%| F|  |TAMS 0x000000042e800000, 0x000000042e800000| Untracked 
| 187|0x000000042ec00000, 0x000000042ec00000, 0x000000042f000000|  0%| F|  |TAMS 0x000000042ec00000, 0x000000042ec00000| Untracked 
| 188|0x000000042f000000, 0x000000042f000000, 0x000000042f400000|  0%| F|  |TAMS 0x000000042f000000, 0x000000042f000000| Untracked 
| 189|0x000000042f400000, 0x000000042f400000, 0x000000042f800000|  0%| F|  |TAMS 0x000000042f400000, 0x000000042f400000| Untracked 
| 190|0x000000042f800000, 0x000000042f800000, 0x000000042fc00000|  0%| F|  |TAMS 0x000000042f800000, 0x000000042f800000| Untracked 
| 191|0x000000042fc00000, 0x000000042fc00000, 0x0000000430000000|  0%| F|  |TAMS 0x000000042fc00000, 0x000000042fc00000| Untracked 
| 192|0x0000000430000000, 0x0000000430000000, 0x0000000430400000|  0%| F|  |TAMS 0x0000000430000000, 0x0000000430000000| Untracked 
| 193|0x0000000430400000, 0x0000000430400000, 0x0000000430800000|  0%| F|  |TAMS 0x0000000430400000, 0x0000000430400000| Untracked 
| 194|0x0000000430800000, 0x0000000430800000, 0x0000000430c00000|  0%| F|  |TAMS 0x0000000430800000, 0x0000000430800000| Untracked 
| 195|0x0000000430c00000, 0x0000000430d505e0, 0x0000000431000000| 32%| E|  |TAMS 0x0000000430c00000, 0x0000000430c00000| Complete 
| 196|0x0000000431000000, 0x0000000431400000, 0x0000000431400000|100%| E|CS|TAMS 0x0000000431000000, 0x0000000431000000| Complete 
| 197|0x0000000431400000, 0x0000000431800000, 0x0000000431800000|100%| E|CS|TAMS 0x0000000431400000, 0x0000000431400000| Complete 
| 198|0x0000000431800000, 0x0000000431c00000, 0x0000000431c00000|100%| E|CS|TAMS 0x0000000431800000, 0x0000000431800000| Complete 
| 199|0x0000000431c00000, 0x0000000432000000, 0x0000000432000000|100%| E|CS|TAMS 0x0000000431c00000, 0x0000000431c00000| Complete 
| 200|0x0000000432000000, 0x0000000432400000, 0x0000000432400000|100%| E|CS|TAMS 0x0000000432000000, 0x0000000432000000| Complete 
| 201|0x0000000432400000, 0x0000000432800000, 0x0000000432800000|100%| E|CS|TAMS 0x0000000432400000, 0x0000000432400000| Complete 
| 202|0x0000000432800000, 0x0000000432c00000, 0x0000000432c00000|100%| E|CS|TAMS 0x0000000432800000, 0x0000000432800000| Complete 
| 203|0x0000000432c00000, 0x0000000433000000, 0x0000000433000000|100%| E|CS|TAMS 0x0000000432c00000, 0x0000000432c00000| Complete 
| 204|0x0000000433000000, 0x0000000433400000, 0x0000000433400000|100%| E|CS|TAMS 0x0000000433000000, 0x0000000433000000| Complete 
| 205|0x0000000433400000, 0x0000000433800000, 0x0000000433800000|100%| E|CS|TAMS 0x0000000433400000, 0x0000000433400000| Complete 
| 206|0x0000000433800000, 0x0000000433c00000, 0x0000000433c00000|100%| E|CS|TAMS 0x0000000433800000, 0x0000000433800000| Complete 
| 207|0x0000000433c00000, 0x0000000434000000, 0x0000000434000000|100%| E|CS|TAMS 0x0000000433c00000, 0x0000000433c00000| Complete 
| 208|0x0000000434000000, 0x0000000434400000, 0x0000000434400000|100%| E|CS|TAMS 0x0000000434000000, 0x0000000434000000| Complete 
| 209|0x0000000434400000, 0x0000000434800000, 0x0000000434800000|100%| E|CS|TAMS 0x0000000434400000, 0x0000000434400000| Complete 
| 210|0x0000000434800000, 0x0000000434c00000, 0x0000000434c00000|100%| E|CS|TAMS 0x0000000434800000, 0x0000000434800000| Complete 
| 211|0x0000000434c00000, 0x0000000435000000, 0x0000000435000000|100%| E|CS|TAMS 0x0000000434c00000, 0x0000000434c00000| Complete 
| 212|0x0000000435000000, 0x0000000435400000, 0x0000000435400000|100%| E|CS|TAMS 0x0000000435000000, 0x0000000435000000| Complete 
| 213|0x0000000435400000, 0x0000000435800000, 0x0000000435800000|100%| E|CS|TAMS 0x0000000435400000, 0x0000000435400000| Complete 
| 214|0x0000000435800000, 0x0000000435c00000, 0x0000000435c00000|100%| E|CS|TAMS 0x0000000435800000, 0x0000000435800000| Complete 
| 215|0x0000000435c00000, 0x0000000436000000, 0x0000000436000000|100%| E|CS|TAMS 0x0000000435c00000, 0x0000000435c00000| Complete 
| 216|0x0000000436000000, 0x0000000436400000, 0x0000000436400000|100%| E|CS|TAMS 0x0000000436000000, 0x0000000436000000| Complete 
| 217|0x0000000436400000, 0x0000000436800000, 0x0000000436800000|100%| E|CS|TAMS 0x0000000436400000, 0x0000000436400000| Complete 
| 218|0x0000000436800000, 0x0000000436c00000, 0x0000000436c00000|100%| E|CS|TAMS 0x0000000436800000, 0x0000000436800000| Complete 
| 219|0x0000000436c00000, 0x0000000437000000, 0x0000000437000000|100%| E|CS|TAMS 0x0000000436c00000, 0x0000000436c00000| Complete 
| 220|0x0000000437000000, 0x0000000437400000, 0x0000000437400000|100%| E|CS|TAMS 0x0000000437000000, 0x0000000437000000| Complete 
| 221|0x0000000437400000, 0x0000000437800000, 0x0000000437800000|100%| E|  |TAMS 0x0000000437400000, 0x0000000437400000| Complete 
| 222|0x0000000437800000, 0x0000000437c00000, 0x0000000437c00000|100%| E|CS|TAMS 0x0000000437800000, 0x0000000437800000| Complete 
| 223|0x0000000437c00000, 0x0000000438000000, 0x0000000438000000|100%| E|CS|TAMS 0x0000000437c00000, 0x0000000437c00000| Complete 
| 224|0x0000000438000000, 0x0000000438400000, 0x0000000438400000|100%| E|CS|TAMS 0x0000000438000000, 0x0000000438000000| Complete 
| 225|0x0000000438400000, 0x0000000438800000, 0x0000000438800000|100%| E|CS|TAMS 0x0000000438400000, 0x0000000438400000| Complete 
| 226|0x0000000438800000, 0x0000000438c00000, 0x0000000438c00000|100%| E|CS|TAMS 0x0000000438800000, 0x0000000438800000| Complete 
| 227|0x0000000438c00000, 0x0000000439000000, 0x0000000439000000|100%| E|CS|TAMS 0x0000000438c00000, 0x0000000438c00000| Complete 
| 228|0x0000000439000000, 0x0000000439400000, 0x0000000439400000|100%| E|CS|TAMS 0x0000000439000000, 0x0000000439000000| Complete 
| 229|0x0000000439400000, 0x0000000439800000, 0x0000000439800000|100%| E|CS|TAMS 0x0000000439400000, 0x0000000439400000| Complete 
| 230|0x0000000439800000, 0x0000000439c00000, 0x0000000439c00000|100%| E|CS|TAMS 0x0000000439800000, 0x0000000439800000| Complete 
| 231|0x0000000439c00000, 0x000000043a000000, 0x000000043a000000|100%| E|CS|TAMS 0x0000000439c00000, 0x0000000439c00000| Complete 
| 232|0x000000043a000000, 0x000000043a400000, 0x000000043a400000|100%| E|CS|TAMS 0x000000043a000000, 0x000000043a000000| Complete 
| 233|0x000000043a400000, 0x000000043a800000, 0x000000043a800000|100%| E|CS|TAMS 0x000000043a400000, 0x000000043a400000| Complete 
| 234|0x000000043a800000, 0x000000043ac00000, 0x000000043ac00000|100%| E|CS|TAMS 0x000000043a800000, 0x000000043a800000| Complete 
| 235|0x000000043ac00000, 0x000000043b000000, 0x000000043b000000|100%| E|CS|TAMS 0x000000043ac00000, 0x000000043ac00000| Complete 
| 236|0x000000043b000000, 0x000000043b400000, 0x000000043b400000|100%| E|CS|TAMS 0x000000043b000000, 0x000000043b000000| Complete 
| 237|0x000000043b400000, 0x000000043b800000, 0x000000043b800000|100%| E|CS|TAMS 0x000000043b400000, 0x000000043b400000| Complete 
| 238|0x000000043b800000, 0x000000043bc00000, 0x000000043bc00000|100%| E|CS|TAMS 0x000000043b800000, 0x000000043b800000| Complete 
| 239|0x000000043bc00000, 0x000000043c000000, 0x000000043c000000|100%| E|CS|TAMS 0x000000043bc00000, 0x000000043bc00000| Complete 
| 240|0x000000043c000000, 0x000000043c400000, 0x000000043c400000|100%| E|CS|TAMS 0x000000043c000000, 0x000000043c000000| Complete 
| 241|0x000000043c400000, 0x000000043c800000, 0x000000043c800000|100%| E|CS|TAMS 0x000000043c400000, 0x000000043c400000| Complete 
| 242|0x000000043c800000, 0x000000043cc00000, 0x000000043cc00000|100%| E|CS|TAMS 0x000000043c800000, 0x000000043c800000| Complete 
| 243|0x000000043cc00000, 0x000000043d000000, 0x000000043d000000|100%| E|CS|TAMS 0x000000043cc00000, 0x000000043cc00000| Complete 
| 244|0x000000043d000000, 0x000000043d400000, 0x000000043d400000|100%| E|CS|TAMS 0x000000043d000000, 0x000000043d000000| Complete 
| 245|0x000000043d400000, 0x000000043d800000, 0x000000043d800000|100%| E|CS|TAMS 0x000000043d400000, 0x000000043d400000| Complete 
| 246|0x000000043d800000, 0x000000043dc00000, 0x000000043dc00000|100%| E|CS|TAMS 0x000000043d800000, 0x000000043d800000| Complete 
| 247|0x000000043dc00000, 0x000000043e000000, 0x000000043e000000|100%| E|CS|TAMS 0x000000043dc00000, 0x000000043dc00000| Complete 
| 248|0x000000043e000000, 0x000000043e400000, 0x000000043e400000|100%| E|CS|TAMS 0x000000043e000000, 0x000000043e000000| Complete 
| 249|0x000000043e400000, 0x000000043e800000, 0x000000043e800000|100%| E|CS|TAMS 0x000000043e400000, 0x000000043e400000| Complete 
| 250|0x000000043e800000, 0x000000043ec00000, 0x000000043ec00000|100%| E|CS|TAMS 0x000000043e800000, 0x000000043e800000| Complete 
| 251|0x000000043ec00000, 0x000000043f000000, 0x000000043f000000|100%| E|CS|TAMS 0x000000043ec00000, 0x000000043ec00000| Complete 
| 252|0x000000043f000000, 0x000000043f400000, 0x000000043f400000|100%| E|CS|TAMS 0x000000043f000000, 0x000000043f000000| Complete 
| 253|0x000000043f400000, 0x000000043f800000, 0x000000043f800000|100%| E|CS|TAMS 0x000000043f400000, 0x000000043f400000| Complete 
| 254|0x000000043f800000, 0x000000043fc00000, 0x000000043fc00000|100%| E|CS|TAMS 0x000000043f800000, 0x000000043f800000| Complete 
| 255|0x000000043fc00000, 0x0000000440000000, 0x0000000440000000|100%| E|CS|TAMS 0x000000043fc00000, 0x000000043fc00000| Complete 

Card table byte_map: [0x000000010c9d3000,0x000000010e9d3000] _byte_map_base: 0x000000010a9d3000

Marking Bits (Prev, Next): (CMBitMap*) 0x00007fc04b039e18, (CMBitMap*) 0x00007fc04b039e50
 Prev Bits: [0x000000012843b000, 0x000000013843b000)
 Next Bits: [0x000000013843b000, 0x000000014843b000)

Polling page: 0x00000001017f2000

Metaspace:

Usage:
  Non-class:     45.38 MB capacity,    44.23 MB ( 97%) used,   893.97 KB (  2%) free+waste,   288.94 KB ( <1%) overhead. 
      Class:      7.65 MB capacity,     6.64 MB ( 87%) used,   889.63 KB ( 11%) free+waste,   144.69 KB (  2%) overhead. 
       Both:     53.03 MB capacity,    50.87 MB ( 96%) used,     1.74 MB (  3%) free+waste,   433.62 KB ( <1%) overhead. 

Virtual space:
  Non-class space:       46.00 MB reserved,      45.50 MB ( 99%) committed 
      Class space:        1.00 GB reserved,       7.70 MB ( <1%) committed 
             Both:        1.04 GB reserved,      53.20 MB (  5%) committed 

Chunk freelists:
   Non-Class:  27.00 KB
       Class:  7.00 KB
        Both:  34.00 KB

CodeHeap 'non-profiled nmethods': size=119172Kb used=5824Kb max_used=5824Kb free=113347Kb
 bounds [0x000000011efda000, 0x000000011f59a000, 0x000000012643b000]
CodeHeap 'profiled nmethods': size=119172Kb used=22995Kb max_used=22995Kb free=96177Kb
 bounds [0x0000000117b79000, 0x00000001191f9000, 0x000000011efda000]
CodeHeap 'non-nmethods': size=7416Kb used=2946Kb max_used=2990Kb free=4469Kb
 bounds [0x000000011743b000, 0x000000011773b000, 0x0000000117b79000]
 total_blobs=9041 nmethods=5853 adapters=549
 compilation: enabled
              stopped_count=0, restarted_count=0
 full_count=0

Compilation events (10 events):
Event: 5.483 Thread 0x00007fc03b01b800 nmethod 6342 0x00000001191f1d90 code [0x00000001191f1f40, 0x00000001191f20c8]
Event: 5.483 Thread 0x00007fc03c014000 nmethod 6340 0x00000001191f2190 code [0x00000001191f23c0, 0x00000001191f2aa8]
Event: 5.484 Thread 0x00007fc04b206000 nmethod 6344 0x00000001191f2d10 code [0x00000001191f2f20, 0x00000001191f3548]
Event: 5.484 Thread 0x00007fc03a80f000 6348       3       java.util.Collections$UnmodifiableCollection::<init> (22 bytes)
Event: 5.484 Thread 0x00007fc03a80f000 nmethod 6348 0x00000001191f3790 code [0x00000001191f3960, 0x00000001191f3c88]
Event: 5.485 Thread 0x00007fc03a80e000 nmethod 6328 0x000000011f589b10 code [0x000000011f589ca0, 0x000000011f589f98]
Event: 5.488 Thread 0x00007fc03b01b800 6351       3       java.io.UnixFileSystem::isAbsolute (13 bytes)
Event: 5.488 Thread 0x00007fc03b01b800 nmethod 6351 0x00000001191f3d90 code [0x00000001191f3f40, 0x00000001191f4130]
Event: 5.498 Thread 0x00007fc03c014000 6352   !   3       java.lang.invoke.LambdaForm::compileToBytecode (162 bytes)
Event: 5.499 Thread 0x00007fc03c014000 nmethod 6352 0x00000001191f4210 code [0x00000001191f45e0, 0x00000001191f5d38]

GC Heap History (10 events):
Event: 0.828 GC heap before
{Heap before GC invocations=1 (full 0):
 garbage-first heap   total 1048576K, used 50632K [0x0000000400000000, 0x0000000800000000)
  region size 4096K, 12 young (49152K), 2 survivors (8192K)
 Metaspace       used 13415K, capacity 13562K, committed 13952K, reserved 1062912K
  class space    used 1264K, capacity 1313K, committed 1408K, reserved 1048576K
}
Event: 0.832 GC heap after
{Heap after GC invocations=2 (full 0):
 garbage-first heap   total 1048576K, used 11315K [0x0000000400000000, 0x0000000800000000)
  region size 4096K, 1 young (4096K), 1 survivors (4096K)
 Metaspace       used 13415K, capacity 13562K, committed 13952K, reserved 1062912K
  class space    used 1264K, capacity 1313K, committed 1408K, reserved 1048576K
}
Event: 1.214 GC heap before
{Heap before GC invocations=2 (full 0):
 garbage-first heap   total 1048576K, used 72755K [0x0000000400000000, 0x0000000800000000)
  region size 4096K, 16 young (65536K), 1 survivors (4096K)
 Metaspace       used 17149K, capacity 17427K, committed 17792K, reserved 1064960K
  class space    used 1694K, capacity 1805K, committed 1920K, reserved 1048576K
}
Event: 1.216 GC heap after
{Heap after GC invocations=3 (full 0):
 garbage-first heap   total 1048576K, used 13495K [0x0000000400000000, 0x0000000800000000)
  region size 4096K, 2 young (8192K), 2 survivors (8192K)
 Metaspace       used 17149K, capacity 17427K, committed 17792K, reserved 1064960K
  class space    used 1694K, capacity 1805K, committed 1920K, reserved 1048576K
}
Event: 1.584 GC heap before
{Heap before GC invocations=3 (full 0):
 garbage-first heap   total 1048576K, used 79031K [0x0000000400000000, 0x0000000800000000)
  region size 4096K, 19 young (77824K), 2 survivors (8192K)
 Metaspace       used 20632K, capacity 20940K, committed 21248K, reserved 1069056K
  class space    used 2007K, capacity 2178K, committed 2304K, reserved 1048576K
}
Event: 1.587 GC heap after
{Heap after GC invocations=4 (full 0):
 garbage-first heap   total 1048576K, used 15102K [0x0000000400000000, 0x0000000800000000)
  region size 4096K, 2 young (8192K), 2 survivors (8192K)
 Metaspace       used 20632K, capacity 20940K, committed 21248K, reserved 1069056K
  class space    used 2007K, capacity 2178K, committed 2304K, reserved 1048576K
}
Event: 3.136 GC heap before
{Heap before GC invocations=5 (full 0):
 garbage-first heap   total 1048576K, used 293630K [0x0000000400000000, 0x0000000800000000)
  region size 4096K, 71 young (290816K), 2 survivors (8192K)
 Metaspace       used 34458K, capacity 35612K, committed 35840K, reserved 1081344K
  class space    used 4207K, capacity 4734K, committed 4736K, reserved 1048576K
}
Event: 3.144 GC heap after
{Heap after GC invocations=6 (full 0):
 garbage-first heap   total 1048576K, used 25662K [0x0000000400000000, 0x0000000800000000)
  region size 4096K, 4 young (16384K), 4 survivors (16384K)
 Metaspace       used 34458K, capacity 35612K, committed 35840K, reserved 1081344K
  class space    used 4207K, capacity 4734K, committed 4736K, reserved 1048576K
}
Event: 4.585 GC heap before
{Heap before GC invocations=7 (full 0):
 garbage-first heap   total 1048576K, used 349246K [0x0000000400000000, 0x0000000800000000)
  region size 4096K, 84 young (344064K), 4 survivors (16384K)
 Metaspace       used 44613K, capacity 46438K, committed 46668K, reserved 1089536K
  class space    used 5792K, capacity 6687K, committed 6732K, reserved 1048576K
}
Event: 4.596 GC heap after
{Heap after GC invocations=8 (full 0):
 garbage-first heap   total 1048576K, used 36404K [0x0000000400000000, 0x0000000800000000)
  region size 4096K, 7 young (28672K), 7 survivors (28672K)
 Metaspace       used 44613K, capacity 46438K, committed 46668K, reserved 1089536K
  class space    used 5792K, capacity 6687K, committed 6732K, reserved 1048576K
}

Deoptimization events (10 events):
Event: 5.446 Thread 0x00007fbfdc9f6000 DEOPT PACKING pc=0x000000011f19ba50 sp=0x00007000124ff050
Event: 5.446 Thread 0x00007fbfdc9f6000 DEOPT UNPACKING pc=0x00000001174639a5 sp=0x00007000124fef38 mode 2
Event: 5.457 Thread 0x00007fbfdc9f6000 Uncommon trap: trap_request=0xffffff4d fr.pc=0x000000011f292c90 relative=0x0000000000000150
Event: 5.457 Thread 0x00007fbfdc9f6000 Uncommon trap: reason=unstable_if action=reinterpret pc=0x000000011f292c90 method=sun.nio.fs.UnixPath.normalizeAndCheck(Ljava/lang/String;)Ljava/lang/String; @ 61 c2
Event: 5.457 Thread 0x00007fbfdc9f6000 DEOPT PACKING pc=0x000000011f292c90 sp=0x00007000124fea50
Event: 5.457 Thread 0x00007fbfdc9f6000 DEOPT UNPACKING pc=0x00000001174639a5 sp=0x00007000124fe9f0 mode 2
Event: 5.497 Thread 0x00007fbfdc9f6000 Uncommon trap: trap_request=0xffffff4d fr.pc=0x000000011f08448c relative=0x000000000000022c
Event: 5.497 Thread 0x00007fbfdc9f6000 Uncommon trap: reason=unstable_if action=reinterpret pc=0x000000011f08448c method=java.lang.invoke.LambdaForm$BasicType.basicType(C)Ljava/lang/invoke/LambdaForm$BasicType; @ 1 c2
Event: 5.497 Thread 0x00007fbfdc9f6000 DEOPT PACKING pc=0x000000011f08448c sp=0x00007000124fc600
Event: 5.497 Thread 0x00007fbfdc9f6000 DEOPT UNPACKING pc=0x00000001174639a5 sp=0x00007000124fc508 mode 2

Classes redefined (0 events):
No events

Internal exceptions (10 events):
Event: 4.489 Thread 0x00007fc03b6f6000 Exception <a 'java/lang/NoSuchMethodError'{0x000000042ca13ae0}: 'java.lang.Object java.lang.invoke.DirectMethodHandle$Holder.invokeStaticInit(java.lang.Object, java.lang.Object, java.lang.Object, java.lang.Object, java.lang.Object, java.lang.Object, java.
Event: 5.256 Thread 0x00007fbf9ab99000 Exception <a 'sun/nio/fs/UnixException'{0x0000000434eb3cc0}> (0x0000000434eb3cc0) thrown at [../../src/hotspot/share/prims/jni.cpp, line 615]
Event: 5.465 Thread 0x00007fbfdc9f6000 Exception <a 'java/lang/ClassNotFoundException'{0x00000004313cbf10}: sun/awt/resources/spi/awtProvider> (0x00000004313cbf10) thrown at [../../src/hotspot/share/classfile/systemDictionary.cpp, line 231]
Event: 5.477 Thread 0x00007fbfdc9f6000 Exception <a 'java/io/FileNotFoundException'{0x0000000430c18b38}> (0x0000000430c18b38) thrown at [../../src/hotspot/share/prims/jni.cpp, line 615]
Event: 5.480 Thread 0x00007fbfdc9f6000 Exception <a 'java/lang/NoSuchMethodError'{0x0000000430c5b550}: 'java.lang.Object java.lang.invoke.DirectMethodHandle$Holder.invokeStatic(java.lang.Object, java.lang.Object, java.lang.Object, java.lang.Object, java.lang.Object, java.lang.Object, java.lang
Event: 5.481 Thread 0x00007fbfdc9f6000 Exception <a 'java/lang/NoSuchMethodError'{0x0000000430c6a9f8}: 'java.lang.Object java.lang.invoke.DirectMethodHandle$Holder.invokeStatic(java.lang.Object, java.lang.Object, java.lang.Object, java.lang.Object, java.lang.Object, java.lang.Object, java.lang
Event: 5.481 Thread 0x00007fbfdc9f6000 Exception <a 'java/lang/NoSuchMethodError'{0x0000000430c78910}: 'java.lang.Object java.lang.invoke.DirectMethodHandle$Holder.invokeSpecial(java.lang.Object, java.lang.Object, int, int, java.lang.Object, java.lang.Object, java.lang.Object)'> (0x0000000430c
Event: 5.481 Thread 0x00007fbfdc9f6000 Exception <a 'java/lang/NoSuchMethodError'{0x0000000430c7c148}: 'java.lang.Object java.lang.invoke.DelegatingMethodHandle$Holder.reinvoke_L(java.lang.Object, int, int, java.lang.Object, java.lang.Object, java.lang.Object)'> (0x0000000430c7c148) thrown at 
Event: 5.484 Thread 0x00007fbfdc9f6000 Exception <a 'java/io/FileNotFoundException'{0x0000000430ce1c08}> (0x0000000430ce1c08) thrown at [../../src/hotspot/share/prims/jni.cpp, line 615]
Event: 5.487 Thread 0x00007fbfdc9f6000 Exception <a 'java/lang/ClassNotFoundException'{0x0000000430cfc2f8}: sun/awt/resources/spi/awtosxProvider> (0x0000000430cfc2f8) thrown at [../../src/hotspot/share/classfile/systemDictionary.cpp, line 231]

Events (10 events):
Event: 5.497 loading class java/util/EventListener done
Event: 5.497 loading class java/beans/PropertyChangeListener done
Event: 5.497 loading class sun/awt/SunToolkit$ModalityListenerList
Event: 5.497 loading class sun/awt/ModalityListener
Event: 5.497 loading class sun/awt/ModalityListener done
Event: 5.497 loading class sun/awt/SunToolkit$ModalityListenerList done
Event: 5.497 Executing VM operation: RevokeBias
Event: 5.497 Executing VM operation: RevokeBias done
Event: 5.498 loading class sun/awt/util/ThreadGroupUtils
Event: 5.498 loading class sun/awt/util/ThreadGroupUtils done


Dynamic libraries:
0x00007fff34e36000 	/System/Library/Frameworks/Cocoa.framework/Versions/A/Cocoa
0x00007fff2222a000 	/System/Library/Frameworks/Security.framework/Versions/A/Security
0x00007fff3305d000 	/System/Library/Frameworks/ApplicationServices.framework/Versions/A/ApplicationServices
0x00007fff2a488000 	/usr/lib/libz.1.dylib
0x00007fff2a550000 	/usr/lib/libSystem.B.dylib
0x00007fff20421000 	/System/Library/Frameworks/CoreFoundation.framework/Versions/A/CoreFoundation
0x00007fff211cb000 	/System/Library/Frameworks/Foundation.framework/Versions/C/Foundation
0x00007fff20241000 	/usr/lib/libobjc.A.dylib
0x00007fff22c58000 	/System/Library/Frameworks/AppKit.framework/Versions/C/AppKit
0x00007fff25b0d000 	/System/Library/Frameworks/CoreData.framework/Versions/A/CoreData
0x00007fff2399f000 	/System/Library/PrivateFrameworks/UIFoundation.framework/Versions/A/UIFoundation
0x00007fff2fb40000 	/System/Library/PrivateFrameworks/RemoteViewServices.framework/Versions/A/RemoteViewServices
0x00007fff2899a000 	/System/Library/PrivateFrameworks/XCTTargetBootstrap.framework/Versions/A/XCTTargetBootstrap
0x00007fff2b670000 	/usr/lib/libspindump.dylib
0x00007fff23bee000 	/System/Library/Frameworks/UniformTypeIdentifiers.framework/Versions/A/UniformTypeIdentifiers
0x00007fff2719e000 	/usr/lib/libapp_launch_measurement.dylib
0x00007fff271a1000 	/System/Library/PrivateFrameworks/CoreAutoLayout.framework/Versions/A/CoreAutoLayout
0x00007fff28301000 	/System/Library/Frameworks/Metal.framework/Versions/A/Metal
0x00007fff28ff6000 	/usr/lib/liblangid.dylib
0x00007fff2899e000 	/System/Library/PrivateFrameworks/CoreSVG.framework/Versions/A/CoreSVG
0x00007fff24c26000 	/System/Library/PrivateFrameworks/SkyLight.framework/Versions/A/SkyLight
0x00007fff24f8a000 	/System/Library/Frameworks/CoreGraphics.framework/Versions/A/CoreGraphics
0x00007fff30061000 	/System/Library/Frameworks/Accelerate.framework/Versions/A/Accelerate
0x00007fff2b0af000 	/System/Library/PrivateFrameworks/IconServices.framework/Versions/A/IconServices
0x00007fff282e5000 	/System/Library/Frameworks/IOSurface.framework/Versions/A/IOSurface
0x00007fff2648e000 	/usr/lib/libDiagnosticMessagesClient.dylib
0x00007fff28986000 	/System/Library/PrivateFrameworks/DFRFoundation.framework/Versions/A/DFRFoundation
0x00007fff2257f000 	/usr/lib/libicucore.A.dylib
0x00007fff2cbae000 	/System/Library/Frameworks/AudioToolbox.framework/Versions/A/AudioToolbox
0x00007fff2be40000 	/System/Library/PrivateFrameworks/DataDetectorsCore.framework/Versions/A/DataDetectorsCore
0x00007fff24b9a000 	/usr/lib/libMobileGestalt.dylib
0x00007fff2868a000 	/System/Library/Frameworks/Carbon.framework/Versions/A/Frameworks/HIToolbox.framework/Versions/A/HIToolbox
0x00007fff26be8000 	/System/Library/Frameworks/QuartzCore.framework/Versions/A/QuartzCore
0x00007fff2fb78000 	/System/Library/Frameworks/Carbon.framework/Versions/A/Frameworks/SpeechRecognition.framework/Versions/A/SpeechRecognition
0x00007fff26f07000 	/System/Library/PrivateFrameworks/CoreUI.framework/Versions/A/CoreUI
0x00007fff21b99000 	/System/Library/Frameworks/CoreAudio.framework/Versions/A/CoreAudio
0x00007fff26579000 	/System/Library/Frameworks/DiskArbitration.framework/Versions/A/DiskArbitration
0x00007fff2ba3d000 	/System/Library/PrivateFrameworks/MultitouchSupport.framework/Versions/A/MultitouchSupport
0x00007fff2be37000 	/System/Library/PrivateFrameworks/InternationalSupport.framework/Versions/A/InternationalSupport
0x00007fff24b99000 	/usr/lib/libenergytrace.dylib
0x00007fff22b4f000 	/System/Library/Frameworks/IOKit.framework/Versions/A/IOKit
0x00007fff2feab000 	/System/Library/Frameworks/CoreServices.framework/Versions/A/CoreServices
0x00007fff27134000 	/System/Library/PrivateFrameworks/PerformanceAnalysis.framework/Versions/A/PerformanceAnalysis
0x00007fff6b8a5000 	/System/Library/Frameworks/OpenGL.framework/Versions/A/OpenGL
0x00007fff2bebb000 	/System/Library/PrivateFrameworks/UserActivity.framework/Versions/A/UserActivity
0x00007fff25614000 	/System/Library/Frameworks/ColorSync.framework/Versions/A/ColorSync
0x00007fff28c04000 	/System/Library/Frameworks/CoreImage.framework/Versions/A/CoreImage
0x00007fff219b4000 	/System/Library/Frameworks/CoreText.framework/Versions/A/CoreText
0x00007fff289c8000 	/System/Library/Frameworks/ImageIO.framework/Versions/A/ImageIO
0x00007fff2a556000 	/System/Library/PrivateFrameworks/SoftLinking.framework/Versions/A/SoftLinking
0x00007fff271e9000 	/usr/lib/libxml2.2.dylib
0x00007fff20307000 	/usr/lib/libc++.1.dylib
0x00007fff2a7c7000 	/usr/lib/libcompression.dylib
0x00007fff2bd69000 	/System/Library/PrivateFrameworks/TextureIO.framework/Versions/A/TextureIO
0x00007fff2adee000 	/usr/lib/libate.dylib
0x00007fff2a54a000 	/usr/lib/system/libcache.dylib
0x00007fff2a506000 	/usr/lib/system/libcommonCrypto.dylib
0x00007fff2a530000 	/usr/lib/system/libcompiler_rt.dylib
0x00007fff2a525000 	/usr/lib/system/libcopyfile.dylib
0x00007fff20131000 	/usr/lib/system/libcorecrypto.dylib
0x00007fff201fc000 	/usr/lib/system/libdispatch.dylib
0x00007fff203af000 	/usr/lib/system/libdyld.dylib
0x00007fff2a541000 	/usr/lib/system/libkeymgr.dylib
0x00007fff2d92a000 	/usr/lib/system/liblaunch.dylib
0x00007fff2a4e4000 	/usr/lib/system/libmacho.dylib
0x00007fff29cdc000 	/usr/lib/system/libquarantine.dylib
0x00007fff2a53e000 	/usr/lib/system/libremovefile.dylib
0x00007fff24bf7000 	/usr/lib/system/libsystem_asl.dylib
0x00007fff200e1000 	/usr/lib/system/libsystem_blocks.dylib
0x00007fff2027e000 	/usr/lib/system/libsystem_c.dylib
0x00007fff2a538000 	/usr/lib/system/libsystem_collections.dylib
0x00007fff28fe7000 	/usr/lib/system/libsystem_configuration.dylib
0x00007fff282d4000 	/usr/lib/system/libsystem_containermanager.dylib
0x00007fff2a287000 	/usr/lib/system/libsystem_coreservices.dylib
0x00007fff227df000 	/usr/lib/system/libsystem_darwin.dylib
0x00007fff2a542000 	/usr/lib/system/libsystem_dnssd.dylib
0x00007fff2027b000 	/usr/lib/system/libsystem_featureflags.dylib
0x00007fff203f5000 	/usr/lib/system/libsystem_info.dylib
0x00007fff2a49b000 	/usr/lib/system/libsystem_m.dylib
0x00007fff201cf000 	/usr/lib/system/libsystem_malloc.dylib
0x00007fff24b8a000 	/usr/lib/system/libsystem_networkextension.dylib
0x00007fff22bfe000 	/usr/lib/system/libsystem_notify.dylib
0x00007fff2fdad000 	/usr/lib/system/libsystem_product_info_filter.dylib
0x00007fff28feb000 	/usr/lib/system/libsystem_sandbox.dylib
0x00007fff2a53b000 	/usr/lib/system/libsystem_secinit.dylib
0x00007fff20373000 	/usr/lib/system/libsystem_kernel.dylib
0x00007fff203eb000 	/usr/lib/system/libsystem_platform.dylib
0x00007fff203a3000 	/usr/lib/system/libsystem_pthread.dylib
0x00007fff262d1000 	/usr/lib/system/libsystem_symptoms.dylib
0x00007fff20119000 	/usr/lib/system/libsystem_trace.dylib
0x00007fff2a512000 	/usr/lib/system/libunwind.dylib
0x00007fff200e3000 	/usr/lib/system/libxpc.dylib
0x00007fff2035d000 	/usr/lib/libc++abi.dylib
0x00007fff2a51d000 	/usr/lib/liboah.dylib
0x00007fff2abd4000 	/usr/lib/liblzma.5.dylib
0x00007fff20edf000 	/System/Library/Frameworks/SystemConfiguration.framework/Versions/A/SystemConfiguration
0x00007fff2a552000 	/usr/lib/libfakelink.dylib
0x00007fff246eb000 	/System/Library/Frameworks/CFNetwork.framework/Versions/A/CFNetwork
0x00007fff2a692000 	/usr/lib/libarchive.2.dylib
0x00007fff20f5d000 	/usr/lib/libCRFSuite.dylib
0x00007fff29d03000 	/usr/lib/libbsm.0.dylib
0x00007fff2406b000 	/usr/lib/libnetwork.dylib
0x00007fff2a557000 	/usr/lib/libpcap.A.dylib
0x00007fff262ca000 	/usr/lib/libdns_services.dylib
0x00007fff2abed000 	/usr/lib/libcoretls_cfhelpers.dylib
0x00007fff2a791000 	/usr/lib/libapple_nghttp2.dylib
0x00007fff2a4ea000 	/usr/lib/system/libkxld.dylib
0x00007fff25f43000 	/usr/lib/libsqlite3.dylib
0x00007fff2a26a000 	/System/Library/PrivateFrameworks/AppleFSCompression.framework/Versions/A/AppleFSCompression
0x00007fff29ceb000 	/usr/lib/libcoretls.dylib
0x00007fff2a7c2000 	/usr/lib/libpam.2.dylib
0x00007fff2acea000 	/usr/lib/libxar.1.dylib
0x00007fff28ff2000 	/System/Library/PrivateFrameworks/AppleSystemInfo.framework/Versions/A/AppleSystemInfo
0x00007fff29932000 	/System/Library/PrivateFrameworks/IOMobileFramebuffer.framework/Versions/A/IOMobileFramebuffer
0x00007fff2a27a000 	/usr/lib/libbz2.1.0.dylib
0x00007fff2a58f000 	/usr/lib/libiconv.2.dylib
0x00007fff2a4e3000 	/usr/lib/libcharset.1.dylib
0x00007fff27170000 	/System/Library/Frameworks/CoreServices.framework/Versions/A/Frameworks/FSEvents.framework/Versions/A/FSEvents
0x00007fff227e9000 	/System/Library/Frameworks/CoreServices.framework/Versions/A/Frameworks/CarbonCore.framework/Versions/A/CarbonCore
0x00007fff264de000 	/System/Library/Frameworks/CoreServices.framework/Versions/A/Frameworks/Metadata.framework/Versions/A/Metadata
0x00007fff2a28c000 	/System/Library/Frameworks/CoreServices.framework/Versions/A/Frameworks/OSServices.framework/Versions/A/OSServices
0x00007fff2a704000 	/System/Library/Frameworks/CoreServices.framework/Versions/A/Frameworks/SearchKit.framework/Versions/A/SearchKit
0x00007fff26255000 	/System/Library/Frameworks/CoreServices.framework/Versions/A/Frameworks/AE.framework/Versions/A/AE
0x00007fff208bf000 	/System/Library/Frameworks/CoreServices.framework/Versions/A/Frameworks/LaunchServices.framework/Versions/A/LaunchServices
0x00007fff2ab84000 	/System/Library/Frameworks/CoreServices.framework/Versions/A/Frameworks/DictionaryServices.framework/Versions/A/DictionaryServices
0x00007fff27179000 	/System/Library/Frameworks/CoreServices.framework/Versions/A/Frameworks/SharedFileList.framework/Versions/A/SharedFileList
0x00007fff29cdf000 	/usr/lib/libCheckFix.dylib
0x00007fff24c0e000 	/System/Library/PrivateFrameworks/TCC.framework/Versions/A/TCC
0x00007fff28ff8000 	/System/Library/PrivateFrameworks/CoreNLP.framework/Versions/A/CoreNLP
0x00007fff26491000 	/System/Library/PrivateFrameworks/MetadataUtilities.framework/Versions/A/MetadataUtilities
0x00007fff20f92000 	/usr/lib/libmecabra.dylib
0x00007fff29fe9000 	/System/Library/Frameworks/MLCompute.framework/Versions/A/MLCompute
0x00007fff29d14000 	/usr/lib/libmecab.dylib
0x00007fff29d5e000 	/usr/lib/libgermantok.dylib
0x00007fff2a76c000 	/usr/lib/libThaiTokenizer.dylib
0x00007fff2ad25000 	/usr/lib/libChineseTokenizer.dylib
0x00007fff2a7c0000 	/System/Library/Frameworks/MetalPerformanceShaders.framework/Versions/A/MetalPerformanceShaders
0x00007fff26580000 	/System/Library/Frameworks/Accelerate.framework/Versions/A/Frameworks/vImage.framework/Versions/A/vImage
0x00007fff2fe85000 	/System/Library/Frameworks/Accelerate.framework/Versions/A/Frameworks/vecLib.framework/Versions/A/vecLib
0x00007fff2ad30000 	/System/Library/Frameworks/Accelerate.framework/Versions/A/Frameworks/vecLib.framework/Versions/A/libvMisc.dylib
0x00007fff2974d000 	/System/Library/Frameworks/Accelerate.framework/Versions/A/Frameworks/vecLib.framework/Versions/A/libvDSP.dylib
0x00007fff20bc6000 	/System/Library/Frameworks/Accelerate.framework/Versions/A/Frameworks/vecLib.framework/Versions/A/libBLAS.dylib
0x00007fff2a7e6000 	/System/Library/Frameworks/Accelerate.framework/Versions/A/Frameworks/vecLib.framework/Versions/A/libLAPACK.dylib
0x00007fff29d64000 	/System/Library/Frameworks/Accelerate.framework/Versions/A/Frameworks/vecLib.framework/Versions/A/libLinearAlgebra.dylib
0x00007fff2a7a9000 	/System/Library/Frameworks/Accelerate.framework/Versions/A/Frameworks/vecLib.framework/Versions/A/libSparseBLAS.dylib
0x00007fff2a7e0000 	/System/Library/Frameworks/Accelerate.framework/Versions/A/Frameworks/vecLib.framework/Versions/A/libQuadrature.dylib
0x00007fff290a4000 	/System/Library/Frameworks/Accelerate.framework/Versions/A/Frameworks/vecLib.framework/Versions/A/libBNNS.dylib
0x00007fff20e70000 	/System/Library/Frameworks/Accelerate.framework/Versions/A/Frameworks/vecLib.framework/Versions/A/libSparse.dylib
0x00007fff28f80000 	/System/Library/Frameworks/MetalPerformanceShaders.framework/Versions/A/Frameworks/MPSCore.framework/Versions/A/MPSCore
0x00007fff2a1d9000 	/System/Library/Frameworks/MetalPerformanceShaders.framework/Versions/A/Frameworks/MPSImage.framework/Versions/A/MPSImage
0x00007fff29d7a000 	/System/Library/Frameworks/MetalPerformanceShaders.framework/Versions/A/Frameworks/MPSNeuralNetwork.framework/Versions/A/MPSNeuralNetwork
0x00007fff2a14b000 	/System/Library/Frameworks/MetalPerformanceShaders.framework/Versions/A/Frameworks/MPSMatrix.framework/Versions/A/MPSMatrix
0x00007fff29f99000 	/System/Library/Frameworks/MetalPerformanceShaders.framework/Versions/A/Frameworks/MPSRayIntersector.framework/Versions/A/MPSRayIntersector
0x00007fff2a182000 	/System/Library/Frameworks/MetalPerformanceShaders.framework/Versions/A/Frameworks/MPSNDArray.framework/Versions/A/MPSNDArray
0x00007fff20af2000 	/System/Library/PrivateFrameworks/MetalTools.framework/Versions/A/MetalTools
0x00007fff28ff0000 	/System/Library/PrivateFrameworks/AggregateDictionary.framework/Versions/A/AggregateDictionary
0x00007fff2645e000 	/System/Library/PrivateFrameworks/CoreAnalytics.framework/Versions/A/CoreAnalytics
0x00007fff2a76e000 	/System/Library/PrivateFrameworks/AppleSauce.framework/Versions/A/AppleSauce
0x00007fff282f7000 	/System/Library/PrivateFrameworks/IOAccelerator.framework/Versions/A/IOAccelerator
0x00007fff6b899000 	/System/Library/Frameworks/OpenGL.framework/Versions/A/Libraries/libCoreFSCache.dylib
0x00007fff21529000 	/System/Library/PrivateFrameworks/LanguageModeling.framework/Versions/A/LanguageModeling
0x00007fff29920000 	/System/Library/PrivateFrameworks/CoreEmoji.framework/Versions/A/CoreEmoji
0x00007fff2909d000 	/System/Library/PrivateFrameworks/LinguisticData.framework/Versions/A/LinguisticData
0x00007fff20e23000 	/System/Library/PrivateFrameworks/Lexicon.framework/Versions/A/Lexicon
0x00007fff2a680000 	/usr/lib/libcmph.dylib
0x00007fff27150000 	/System/Library/Frameworks/OpenDirectory.framework/Versions/A/Frameworks/CFOpenDirectory.framework/Versions/A/CFOpenDirectory
0x00007fff27140000 	/System/Library/Frameworks/OpenDirectory.framework/Versions/A/OpenDirectory
0x00007fff2abef000 	/System/Library/PrivateFrameworks/APFS.framework/Versions/A/APFS
0x00007fff29c41000 	/System/Library/Frameworks/SecurityFoundation.framework/Versions/A/SecurityFoundation
0x00007fff2acf8000 	/usr/lib/libutil.dylib
0x00007fff22b14000 	/System/Library/PrivateFrameworks/CoreServicesStore.framework/Versions/A/CoreServicesStore
0x00007fff29cd7000 	/System/Library/Frameworks/ServiceManagement.framework/Versions/A/ServiceManagement
0x00007fff2acfc000 	/usr/lib/libxslt.1.dylib
0x00007fff29ccd000 	/System/Library/PrivateFrameworks/BackgroundTaskManagement.framework/Versions/A/BackgroundTaskManagement
0x00007fff2bcb3000 	/System/Library/Frameworks/ImageIO.framework/Versions/A/Resources/libRadiance.dylib
0x00007fff2bcbd000 	/System/Library/Frameworks/ImageIO.framework/Versions/A/Resources/libJPEG.dylib
0x00007fff2bc07000 	/System/Library/Frameworks/ImageIO.framework/Versions/A/Resources/libPng.dylib
0x00007fff2bc2e000 	/System/Library/Frameworks/ImageIO.framework/Versions/A/Resources/libTIFF.dylib
0x00007fff2bd12000 	/System/Library/Frameworks/ImageIO.framework/Versions/A/Resources/libGIF.dylib
0x00007fff2b959000 	/System/Library/Frameworks/ImageIO.framework/Versions/A/Resources/libJP2.dylib
0x00007fff2b077000 	/usr/lib/libexpat.1.dylib
0x00007fff2b90f000 	/System/Library/PrivateFrameworks/AppleJPEG.framework/Versions/A/AppleJPEG
0x00007fff2852d000 	/System/Library/PrivateFrameworks/FontServices.framework/libFontParser.dylib
0x00007fff2620c000 	/System/Library/PrivateFrameworks/RunningBoardServices.framework/Versions/A/RunningBoardServices
0x00007fff2ba39000 	/System/Library/PrivateFrameworks/WatchdogClient.framework/Versions/A/WatchdogClient
0x00007fff21612000 	/System/Library/Frameworks/CoreDisplay.framework/Versions/A/CoreDisplay
0x00007fff28442000 	/System/Library/Frameworks/CoreMedia.framework/Versions/A/CoreMedia
0x00007fff272cc000 	/System/Library/Frameworks/CoreVideo.framework/Versions/A/CoreVideo
0x00007fff2ba74000 	/System/Library/Frameworks/VideoToolbox.framework/Versions/A/VideoToolbox
0x00007fff2618c000 	/System/Library/PrivateFrameworks/BaseBoard.framework/Versions/A/BaseBoard
0x00007fff2b1ba000 	/System/Library/PrivateFrameworks/PersistentConnection.framework/Versions/A/PersistentConnection
0x00007fff25f2d000 	/System/Library/PrivateFrameworks/ProtocolBuffer.framework/Versions/A/ProtocolBuffer
0x00007fff26174000 	/System/Library/PrivateFrameworks/CommonUtilities.framework/Versions/A/CommonUtilities
0x00007fff2b8d2000 	/System/Library/PrivateFrameworks/Bom.framework/Versions/A/Bom
0x00007fff2bcab000 	/System/Library/PrivateFrameworks/GPUWrangler.framework/Versions/A/GPUWrangler
0x00007fff2bc8e000 	/System/Library/PrivateFrameworks/IOPresentment.framework/Versions/A/IOPresentment
0x00007fff2bcb7000 	/System/Library/PrivateFrameworks/DSExternalDisplay.framework/Versions/A/DSExternalDisplay
0x00007fff2bd17000 	/System/Library/PrivateFrameworks/CMCaptureCore.framework/Versions/A/CMCaptureCore
0x00007fff2b656000 	/System/Library/PrivateFrameworks/AppServerSupport.framework/Versions/A/AppServerSupport
0x00007fff2d6cd000 	/System/Library/PrivateFrameworks/perfdata.framework/Versions/A/perfdata
0x00007fff29c30000 	/System/Library/PrivateFrameworks/AssertionServices.framework/Versions/A/AssertionServices
0x00007fff21749000 	/System/Library/PrivateFrameworks/AudioToolboxCore.framework/Versions/A/AudioToolboxCore
0x00007fff28425000 	/System/Library/PrivateFrameworks/caulk.framework/Versions/A/caulk
0x00007fff3cab7000 	/System/Library/PrivateFrameworks/SystemPolicy.framework/Versions/A/SystemPolicy
0x00007fff2ae86000 	/usr/lib/libIOReport.dylib
0x00007fff2cf09000 	/usr/lib/libSMC.dylib
0x00007fff2bbd3000 	/usr/lib/libAudioToolboxUtility.dylib
0x00007fff3d408000 	/usr/lib/libmis.dylib
0x00007fff6b8f5000 	/System/Library/Frameworks/OpenGL.framework/Versions/A/Libraries/libGLU.dylib
0x00007fff6b8b8000 	/System/Library/Frameworks/OpenGL.framework/Versions/A/Libraries/libGFXShared.dylib
0x00007fff6bac6000 	/System/Library/Frameworks/OpenGL.framework/Versions/A/Libraries/libGL.dylib
0x00007fff6b8c1000 	/System/Library/Frameworks/OpenGL.framework/Versions/A/Libraries/libGLImage.dylib
0x00007fff6b8b5000 	/System/Library/Frameworks/OpenGL.framework/Versions/A/Libraries/libCVMSPluginSupport.dylib
0x00007fff6b8a0000 	/System/Library/Frameworks/OpenGL.framework/Versions/A/Libraries/libCoreVMClient.dylib
0x00007fff6cf10000 	/System/Library/Frameworks/OpenCL.framework/Versions/A/OpenCL
0x00007fff2b1e3000 	/System/Library/PrivateFrameworks/GraphVisualizer.framework/Versions/A/GraphVisualizer
0x00007fff2b1f2000 	/System/Library/PrivateFrameworks/FaceCore.framework/Versions/A/FaceCore
0x00007fff2b60e000 	/System/Library/PrivateFrameworks/OTSVG.framework/Versions/A/OTSVG
0x00007fff26ec5000 	/System/Library/Frameworks/ApplicationServices.framework/Versions/A/Frameworks/ATS.framework/Versions/A/Resources/libFontRegistry.dylib
0x00007fff2b65d000 	/System/Library/PrivateFrameworks/FontServices.framework/libhvf.dylib
0x00007fff2b023000 	/System/Library/PrivateFrameworks/AppleVA.framework/Versions/A/AppleVA
0x00007fff2cd51000 	/System/Library/Frameworks/ApplicationServices.framework/Versions/A/Frameworks/ATS.framework/Versions/A/ATS
0x00007fff2d064000 	/System/Library/Frameworks/ApplicationServices.framework/Versions/A/Frameworks/ColorSyncLegacy.framework/Versions/A/ColorSyncLegacy
0x00007fff2570b000 	/System/Library/Frameworks/ApplicationServices.framework/Versions/A/Frameworks/HIServices.framework/Versions/A/HIServices
0x00007fff2d049000 	/System/Library/Frameworks/ApplicationServices.framework/Versions/A/Frameworks/LangAnalysis.framework/Versions/A/LangAnalysis
0x00007fff2bd21000 	/System/Library/Frameworks/ApplicationServices.framework/Versions/A/Frameworks/PrintCore.framework/Versions/A/PrintCore
0x00007fff2d06c000 	/System/Library/Frameworks/ApplicationServices.framework/Versions/A/Frameworks/QD.framework/Versions/A/QD
0x00007fff2cd41000 	/System/Library/Frameworks/ApplicationServices.framework/Versions/A/Frameworks/SpeechSynthesis.framework/Versions/A/SpeechSynthesis
0x00007fff2bce2000 	/System/Library/Frameworks/ApplicationServices.framework/Versions/A/Frameworks/ATSUI.framework/Versions/A/ATSUI
0x00007fff2cfe9000 	/usr/lib/libcups.2.dylib
0x00007fff2d059000 	/System/Library/PrivateFrameworks/NetAuth.framework/Versions/A/NetAuth
0x00007fff2d6e8000 	/System/Library/Frameworks/Kerberos.framework/Versions/A/Kerberos
0x00007fff2d6f8000 	/System/Library/Frameworks/GSS.framework/Versions/A/GSS
0x00007fff2cdbe000 	/usr/lib/libresolv.9.dylib
0x00007fff2b673000 	/System/Library/PrivateFrameworks/Heimdal.framework/Versions/A/Heimdal
0x00007fff33372000 	/System/Library/Frameworks/Kerberos.framework/Versions/A/Libraries/libHeimdalProxy.dylib
0x00007fff262d9000 	/System/Library/Frameworks/Network.framework/Versions/A/Network
0x00007fff2b090000 	/usr/lib/libheimdal-asn1.dylib
0x00007fff2d749000 	/System/Library/PrivateFrameworks/CommonAuth.framework/Versions/A/CommonAuth
0x00007fff2731a000 	/System/Library/PrivateFrameworks/login.framework/Versions/A/Frameworks/loginsupport.framework/Versions/A/loginsupport
0x00007fff2ccc8000 	/System/Library/PrivateFrameworks/AudioSession.framework/Versions/A/AudioSession
0x00007fff2cd2e000 	/usr/lib/libAudioStatistics.dylib
0x00007fff2b11c000 	/System/Library/PrivateFrameworks/MediaExperience.framework/Versions/A/MediaExperience
0x00007fff2cb7c000 	/System/Library/PrivateFrameworks/AudioSession.framework/libSessionUtility.dylib
0x00007fff2d6d9000 	/usr/lib/libperfcheck.dylib
0x00007fff2d078000 	/System/Library/PrivateFrameworks/AudioResourceArbitration.framework/Versions/A/AudioResourceArbitration
0x00007fff2b09a000 	/System/Library/PrivateFrameworks/IconFoundation.framework/Versions/A/IconFoundation
0x00007fff2fb68000 	/System/Library/PrivateFrameworks/SpeechRecognitionCore.framework/Versions/A/SpeechRecognitionCore
0x0000000109800000 	/Users/dlieber/.sdkman/candidates/java/11.0.4.hs-adpt/lib/server/libjvm.dylib
0x00007fff77d9e000 	/usr/lib/libstdc++.6.dylib
0x00000001017e5000 	/Users/dlieber/.sdkman/candidates/java/11.0.4.hs-adpt/lib/libverify.dylib
0x000000010a74a000 	/Users/dlieber/.sdkman/candidates/java/11.0.4.hs-adpt/lib/libjava.dylib
0x000000010a778000 	/Users/dlieber/.sdkman/candidates/java/11.0.4.hs-adpt/lib/libinstrument.dylib
0x000000010a7d1000 	/Users/dlieber/.sdkman/candidates/java/11.0.4.hs-adpt/lib/libzip.dylib
0x000000010a7d9000 	/Users/dlieber/.sdkman/candidates/java/11.0.4.hs-adpt/lib/libjimage.dylib
0x000000010eb6a000 	/Users/dlieber/.sdkman/candidates/java/11.0.4.hs-adpt/lib/libnio.dylib
0x000000010eb78000 	/Users/dlieber/.sdkman/candidates/java/11.0.4.hs-adpt/lib/libnet.dylib
0x000000010eb8e000 	/Users/dlieber/.sdkman/candidates/java/11.0.4.hs-adpt/lib/libextnet.dylib
0x000000010eb91000 	/Users/dlieber/.openjfx/cache/11.0.1/libprism_es2.dylib
0x00007fff22ad5000 	/System/Library/PrivateFrameworks/CoreServicesInternal.framework/Versions/A/CoreServicesInternal
0x00007fff6bad1000 	/System/Library/Frameworks/OpenGL.framework/Versions/A/Resources/GLEngine.bundle/GLEngine
0x00007fff6b932000 	/System/Library/Frameworks/OpenGL.framework/Versions/A/Libraries/libGLProgrammability.dylib
0x00007fff5ecb7000 	/System/Library/Extensions/AppleIntelKBLGraphicsGLDriver.bundle/Contents/MacOS/AppleIntelKBLGraphicsGLDriver
0x00007fff461a2000 	/System/Library/PrivateFrameworks/GPUSupport.framework/Versions/A/Libraries/libGPUSupportMercury.dylib
0x000000014dd7f000 	/System/Library/Extensions/AMDRadeonX6000GLDriver.bundle/Contents/MacOS/AMDRadeonX6000GLDriver
0x00007fff6deb6000 	/System/Library/Extensions/AMDRadeonX6000GLDriver.bundle/Contents/MacOS/ATIRadeonX6000SCLib.dylib
0x00007fff5df27000 	/System/Library/Extensions/AMDShared.bundle/Contents/PlugIns/libSC.dylib
0x00007fff6bc4f000 	/System/Library/Frameworks/OpenGL.framework/Versions/A/Resources/GLRendererFloat.bundle/GLRendererFloat
0x000000010ecac000 	/Users/dlieber/.openjfx/cache/11.0.1/libglass.dylib
0x00007fff30ee8000 	/System/Library/Frameworks/FileProvider.framework/Versions/A/FileProvider
0x00007fff260f7000 	/System/Library/Frameworks/Accounts.framework/Versions/A/Accounts
0x00007fff31037000 	/System/Library/PrivateFrameworks/GenerationalStorage.framework/Versions/A/GenerationalStorage
0x00007fff319cb000 	/System/Library/PrivateFrameworks/CoreSymbolication.framework/Versions/A/CoreSymbolication
0x00007fff30908000 	/System/Library/PrivateFrameworks/SymptomDiagnosticReporter.framework/Versions/A/SymptomDiagnosticReporter
0x00007fff23c01000 	/System/Library/PrivateFrameworks/DesktopServicesPriv.framework/Versions/A/DesktopServicesPriv
0x00007fff22c0a000 	/usr/lib/libsandbox.1.dylib
0x00007fff27345000 	/System/Library/PrivateFrameworks/UserManagement.framework/Versions/A/UserManagement
0x00007fff29c0d000 	/System/Library/PrivateFrameworks/MobileKeyBag.framework/Versions/A/MobileKeyBag
0x00007fff343e8000 	/System/Library/PrivateFrameworks/ChunkingLibrary.framework/Versions/A/ChunkingLibrary
0x00007fff3198f000 	/System/Library/PrivateFrameworks/DebugSymbols.framework/Versions/A/DebugSymbols
0x00007fff2e10b000 	/System/Library/PrivateFrameworks/Sharing.framework/Versions/A/Sharing
0x00007fff32975000 	/System/Library/PrivateFrameworks/Apple80211.framework/Versions/A/Apple80211
0x00007fff2a2ba000 	/System/Library/PrivateFrameworks/AuthKit.framework/Versions/A/AuthKit
0x00007fff29a10000 	/System/Library/PrivateFrameworks/CoreUtils.framework/Versions/A/CoreUtils
0x00007fff2993d000 	/System/Library/Frameworks/CoreWLAN.framework/Versions/A/CoreWLAN
0x00007fff2e257000 	/System/Library/Frameworks/IOBluetooth.framework/Versions/A/IOBluetooth
0x00007fff329d9000 	/System/Library/PrivateFrameworks/CoreWiFi.framework/Versions/A/CoreWiFi
0x00007fff2d7cf000 	/System/Library/PrivateFrameworks/CorePhoneNumbers.framework/Versions/A/CorePhoneNumbers
0x00007fff30a0f000 	/System/Library/PrivateFrameworks/DiskManagement.framework/Versions/A/DiskManagement
0x00007fff30925000 	/System/Library/PrivateFrameworks/AppleIDAuthSupport.framework/Versions/A/AppleIDAuthSupport
0x00007fff2d7af000 	/System/Library/PrivateFrameworks/KeychainCircle.framework/Versions/A/KeychainCircle
0x00007fff309db000 	/System/Library/PrivateFrameworks/MediaKit.framework/Versions/A/MediaKit
0x00007fff30932000 	/System/Library/Frameworks/DiscRecording.framework/Versions/A/DiscRecording
0x00007fff2af97000 	/usr/lib/libCoreStorage.dylib
0x00007fff32e14000 	/usr/lib/libcsfde.dylib
0x00007fff2e391000 	/System/Library/PrivateFrameworks/ProtectedCloudStorage.framework/Versions/A/ProtectedCloudStorage
0x00007fff32e0c000 	/System/Library/PrivateFrameworks/EFILogin.framework/Versions/A/EFILogin
0x00007fff33425000 	/System/Library/Frameworks/AudioUnit.framework/Versions/A/AudioUnit
0x00007fff308a3000 	/System/Library/Frameworks/CoreBluetooth.framework/Versions/A/CoreBluetooth
0x00007fff2af8f000 	/usr/lib/libMatch.1.dylib
0x000000014fac8000 	/usr/lib/libobjc-trampolines.dylib
0x00007fff4109d000 	/System/Library/Frameworks/Accelerate.framework/Versions/A/Frameworks/vImage.framework/Versions/A/Libraries/libCGInterfaces.dylib
0x00007fff27048000 	/System/Library/PrivateFrameworks/ViewBridge.framework/Versions/A/ViewBridge
0x0000000153127000 	/Users/dlieber/.sdkman/candidates/java/11.0.4.hs-adpt/lib/libawt.dylib
0x00000001531c4000 	/Users/dlieber/.sdkman/candidates/java/11.0.4.hs-adpt/lib/libmlib_image.dylib
0x00007fff6e841000 	/System/Library/Frameworks/JavaNativeFoundation.framework/Versions/A/JavaNativeFoundation
0x00007fff6e84d000 	/System/Library/Frameworks/JavaRuntimeSupport.framework/Versions/A/JavaRuntimeSupport
0x00007fff3c801000 	/System/Library/Frameworks/Carbon.framework/Versions/A/Carbon
0x00007fff362b5000 	/System/Library/Frameworks/Carbon.framework/Versions/A/Frameworks/CommonPanels.framework/Versions/A/CommonPanels
0x00007fff32e08000 	/System/Library/Frameworks/Carbon.framework/Versions/A/Frameworks/Help.framework/Versions/A/Help
0x00007fff362b9000 	/System/Library/Frameworks/Carbon.framework/Versions/A/Frameworks/ImageCapture.framework/Versions/A/ImageCapture
0x00007fff36289000 	/System/Library/Frameworks/Carbon.framework/Versions/A/Frameworks/OpenScripting.framework/Versions/A/OpenScripting
0x00007fff362b1000 	/System/Library/Frameworks/Carbon.framework/Versions/A/Frameworks/Ink.framework/Versions/A/Ink
0x00007fff3c7fd000 	/System/Library/Frameworks/Carbon.framework/Versions/A/Frameworks/Print.framework/Versions/A/Print
0x00007fff362ad000 	/System/Library/Frameworks/Carbon.framework/Versions/A/Frameworks/SecurityHI.framework/Versions/A/SecurityHI
0x0000000153231000 	/Users/dlieber/.sdkman/candidates/java/11.0.4.hs-adpt/lib/libawt_lwawt.dylib
0x00000001532e1000 	/Users/dlieber/.sdkman/candidates/java/11.0.4.hs-adpt/lib/libosxapp.dylib
0x00007fff3be18000 	/System/Library/Frameworks/ExceptionHandling.framework/Versions/A/ExceptionHandling
0x0000000153303000 	/Users/dlieber/.sdkman/candidates/java/11.0.4.hs-adpt/lib/libfontmanager.dylib
0x0000000153418000 	/Users/dlieber/.sdkman/candidates/java/11.0.4.hs-adpt/lib/libfreetype.dylib


VM Arguments:
jvm_args: -javaagent:/Users/dlieber/Library/Caches/JetBrains/IntelliJIdea2021.1/testAgent/intellij-coverage-agent-1.0.579.jar=/private/var/folders/40/32_wnrm92fg5crlxcy6c4rmw0000gn/T/coverage3args -javaagent:/Applications/IntelliJ IDEA 3.app/Contents/lib/idea_rt.jar=55658:/Applications/IntelliJ IDEA 3.app/Contents/bin -Dfile.encoding=UTF-8 
java_command: org.jetbrains.plugins.scala.testingSupport.specs2.Specs2Runner @/var/folders/40/32_wnrm92fg5crlxcy6c4rmw0000gn/T/idea_scala_test_runner6617425013535839485.tmp -showProgressMessages true
java_class_path (initial): /Users/dlieber/Library/Application Support/JetBrains/IntelliJIdea2021.1/plugins/Scala/lib/runners.jar:/Users/dlieber/dev/ham/fdcluster/target/scala-2.13/test-classes:/Users/dlieber/dev/ham/fdcluster/target/scala-2.13/classes:/Users/dlieber/Library/Caches/Coursier/v1/https/repo1.maven.org/maven2/aopalliance/aopalliance/1.0/aopalliance-1.0.jar:/Users/dlieber/Library/Caches/Coursier/v1/https/repo1.maven.org/maven2/ch/qos/logback/logback-classic/1.2.3/logback-classic-1.2.3.jar:/Users/dlieber/Library/Caches/Coursier/v1/https/repo1.maven.org/maven2/ch/qos/logback/logback-core/1.2.3/logback-core-1.2.3.jar:/Users/dlieber/Library/Caches/Coursier/v1/https/repo1.maven.org/maven2/com/beachape/enumeratum-macros_2.13/1.6.1/enumeratum-macros_2.13-1.6.1.jar:/Users/dlieber/Library/Caches/Coursier/v1/https/repo1.maven.org/maven2/com/beachape/enumeratum_2.13/1.6.1/enumeratum_2.13-1.6.1.jar:/Users/dlieber/Library/Caches/Coursier/v1/https/repo1.maven.org/maven2/com/fasterxml/jackson/core/jackson-annotations/2.10.1/jackson-annotations-2.10.1.jar:/Users/dlieber/Library/Caches/Coursier/v1/https/repo1.maven.org/maven2/com/fasterxml/jackson/core/jackson-core/2.10.1/jackson-core-2.10.1.jar:/Users/dlieber/Library/Caches/Coursier/v1/https/repo1.maven.org/maven2/com/fasterxml/jackson/core/jackson-databind/2.10.1/jackson-databind-2.10.1.jar:/Users/dlieber/Library/Caches/Coursier/v1/https/repo1.maven.org/maven2/com/fasterxml/jackson/datatype/jackson-datatype-jdk8/2.10.1/jackson-datatype-jdk8-2.10.1.jar:/Users/dlieber/Library/Caches/Coursier/v1/https/repo1.maven.org/maven2/com/fasterxml/jackson/datatype/jackson-datatype-jsr310/2.10.1/jackson-datatype-jsr310-2.10.1.jar:/Users/dlieber/Library/Caches/Coursier/v1/https/repo1.maven.org/maven2/com/fazecast/jSerialComm/2.6.2/jSerialComm-2.6.2.jar:/Users/dlieber/Library/Caches/Coursier/v1/https/repo1.maven.org/maven2/com/github/andyglow/typesafe-config-scala_2.13/1.1.0/typesafe-config-scala_2.13-1.1.0.jar:/Users/dlieber/Library
Launcher Type: SUN_STANDARD

[Global flags]
     intx CICompilerCount                          = 12                                        {product} {ergonomic}
     uint ConcGCThreads                            = 3                                         {product} {ergonomic}
     uint G1ConcRefinementThreads                  = 13                                        {product} {ergonomic}
   size_t G1HeapRegionSize                         = 4194304                                   {product} {ergonomic}
    uintx GCDrainStackTargetSize                   = 64                                        {product} {ergonomic}
   size_t InitialHeapSize                          = 1073741824                                {product} {ergonomic}
   size_t MarkStackSize                            = 4194304                                   {product} {ergonomic}
   size_t MaxHeapSize                              = 17179869184                               {product} {ergonomic}
   size_t MaxNewSize                               = 10305404928                               {product} {ergonomic}
   size_t MinHeapDeltaBytes                        = 4194304                                   {product} {ergonomic}
    uintx NonNMethodCodeHeapSize                   = 7591728                                {pd product} {ergonomic}
    uintx NonProfiledCodeHeapSize                  = 122033256                              {pd product} {ergonomic}
    uintx ProfiledCodeHeapSize                     = 122033256                              {pd product} {ergonomic}
    uintx ReservedCodeCacheSize                    = 251658240                              {pd product} {ergonomic}
     bool SegmentedCodeCache                       = true                                      {product} {ergonomic}
     bool UseCompressedClassPointers               = true                                 {lp64_product} {ergonomic}
     bool UseCompressedOops                        = true                                 {lp64_product} {ergonomic}
     bool UseG1GC                                  = true                                      {product} {ergonomic}

Logging:
Log output configuration:
 #0: stdout all=warning uptime,level,tags
 #1: stderr all=off uptime,level,tags

Environment Variables:
JAVA_HOME=/Users/dlieber/.sdkman/candidates/java/current
PATH=/Users/dlieber/.sdkman/candidates/java/current/bin:/usr/local/bin:/usr/bin:/bin:/usr/sbin:/sbin:/usr/local/mysql/bin:/Library/Apple/usr/bin:/Applications/Wireshark.app/Contents/MacOS:/Users/dlieber/.cargo/bin
SHELL=/bin/zsh

Signal Handlers:
SIGSEGV: [libjvm.dylib+0x77229c], sa_mask[0]=11111111011111110111111111111111, sa_flags=SA_ONSTACK|SA_RESTART|SA_SIGINFO
SIGBUS: [libjvm.dylib+0x77229c], sa_mask[0]=11111111011111110111111111111111, sa_flags=SA_RESTART|SA_SIGINFO
SIGFPE: [libjvm.dylib+0x77229c], sa_mask[0]=11111111011111110111111111111111, sa_flags=SA_RESTART|SA_SIGINFO
SIGPIPE: [libjvm.dylib+0x60ec6c], sa_mask[0]=11111111011111110111111111111111, sa_flags=SA_RESTART|SA_SIGINFO
SIGXFSZ: [libjvm.dylib+0x60ec6c], sa_mask[0]=11111111011111110111111111111111, sa_flags=SA_RESTART|SA_SIGINFO
SIGILL: [libjvm.dylib+0x77229c], sa_mask[0]=11111111011111110111111111111111, sa_flags=SA_RESTART|SA_SIGINFO
SIGUSR2: [libjvm.dylib+0x60f25c], sa_mask[0]=00100000000000000000000000000000, sa_flags=SA_RESTART|SA_SIGINFO
SIGHUP: [libjvm.dylib+0x60dcb7], sa_mask[0]=11111111011111110111111111111111, sa_flags=SA_RESTART|SA_SIGINFO
SIGINT: [libjvm.dylib+0x60dcb7], sa_mask[0]=11111111011111110111111111111111, sa_flags=SA_RESTART|SA_SIGINFO
SIGTERM: [libjvm.dylib+0x60dcb7], sa_mask[0]=11111111011111110111111111111111, sa_flags=SA_RESTART|SA_SIGINFO
SIGQUIT: [libjvm.dylib+0x60dcb7], sa_mask[0]=11111111011111110111111111111111, sa_flags=SA_RESTART|SA_SIGINFO


---------------  S Y S T E M  ---------------

OS:uname:Darwin 20.4.0 Darwin Kernel Version 20.4.0: Thu Mar 25 07:05:22 PDT 2021; root:xnu-7195.101.1~26/RELEASE_X86_64 x86_64
rlimit: STACK 8192k, CORE 0k, NPROC 11136, NOFILE 10240, AS infinity, DATA infinity, FSIZE infinity
load average:4.04 3.52 3.05

CPU:total 16 (initial active 16) (8 cores per cpu, 2 threads per core) family 6 model 158 stepping 13, cmov, cx8, fxsr, mmx, sse, sse2, sse3, ssse3, sse4.1, sse4.2, popcnt, avx, avx2, aes, clmul, erms, 3dnowpref, lzcnt, ht, tsc, tscinvbit, bmi1, bmi2, adx, fma

Memory: 4k page, physical 67108864k(851848k free)

vm_info: OpenJDK 64-Bit Server VM (11.0.4+11) for bsd-amd64 JRE (11.0.4+11), built on Jul 18 2019 04:32:50 by "jenkins" with gcc 4.2.1 Compatible Apple LLVM 7.0.2 (clang-700.1.81)

END.
