#
# A fatal error has been detected by the Java Runtime Environment:
#
#  SIGSEGV (0xb) at pc=0x0000000152143515, pid=30670, tid=259
#
# JRE version: OpenJDK Runtime Environment (12.0.2+10) (build 12.0.2+10)
# Java VM: OpenJDK 64-Bit Server VM (12.0.2+10, mixed mode, sharing, tiered, compressed oops, g1 gc, bsd-amd64)
# Problematic frame:
# C  [libglass.dylib+0x9515]  -[GlassApplication applicationWillHide:]+0xd5
#
# No core dump will be written. Core dumps have been disabled. To enable core dumping, try "ulimit -c unlimited" before starting Java again
#
# If you would like to submit a bug report, please visit:
#   http://bugreport.java.com/bugreport/crash.jsp
#

---------------  S U M M A R Y ------------

Command Line: -agentlib:jdwp=transport=dt_socket,address=127.0.0.1:53161,suspend=y,server=n -javaagent:/Users/dlieber/Library/Caches/JetBrains/IntelliJIdea2021.1/captureAgent/debugger-agent.jar -Dfile.encoding=UTF-8 org.jetbrains.plugins.scala.testingSupport.specs2.Specs2Runner @/var/folders/40/32_wnrm92fg5crlxcy6c4rmw0000gn/T/idea_scala_test_runner13657554640203225771.tmp -showProgressMessages true

Host: MacBookPro16,1 x86_64 2300 MHz, 16 cores, 64G, Darwin 20.4.0
Time: Fri Apr  9 18:00:18 2021 CDT elapsed time: 3 seconds (0d 0h 0m 3s)

---------------  T H R E A D  ---------------

Current thread is native thread

Stack: [0x00007ffee8ff8000,0x00007ffee97f8000],  sp=0x00007ffee97f0ae0,  free space=8162k
Native frames: (J=compiled Java code, A=aot compiled Java code, j=interpreted, Vv=VM code, C=native code)
C  [libglass.dylib+0x9515]  -[GlassApplication applicationWillHide:]+0xd5
C  [CoreFoundation+0x7721d]  __CFNOTIFICATIONCENTER_IS_CALLING_OUT_TO_AN_OBSERVER__+0xc
C  [CoreFoundation+0x112c7c]  ___CFXRegistrationPost_block_invoke+0x31
C  [CoreFoundation+0x112bfa]  _CFXRegistrationPost+0x1c6
C  [CoreFoundation+0x4829e]  _CFXNotificationPost+0x2e0
C  [Foundation+0x92c8]  -[NSNotificationCenter postNotificationName:object:userInfo:]+0x3b
C  [AppKit+0x2d6d0d]  -[NSApplication _doHideMaybeFakingIt:]+0x118
C  [AppKit+0x250263]  _hideShowHandler+0x8b
C  [HIToolbox+0x9661]  DispatchEventToHandlers(EventTargetRec*, OpaqueEventRef*, HandlerCallRec*)+0x552
C  [HIToolbox+0x8a83]  SendEventToEventTargetInternal(OpaqueEventRef*, OpaqueEventTargetRef*, HandlerCallRec*)+0x14b
C  [HIToolbox+0x1e332]  SendEventToEventTarget+0x27
C  [AppKit+0x3e896]  _DPSNextEvent+0x6ec
C  [AppKit+0x3ccdd]  -[NSApplication(NSEvent) _nextEventMatchingEventMask:untilDate:inMode:dequeue:]+0x554
C  [AppKit+0x2f051]  -[NSApplication run]+0x24a
C  [libosxapp.dylib+0x283b]  +[NSApplicationAWT runAWTLoopWithApp:]+0xde
C  [libawt_lwawt.dylib+0x382ac]  +[AWTStarter starter:headless:]+0x342
C  [JavaNativeFoundation+0x977f]  +[JNFRunLoop _performCopiedBlock:]+0xf
C  [Foundation+0x800c1]  __NSThreadPerformPerform+0xcc
C  [CoreFoundation+0x81a8c]  __CFRUNLOOP_IS_CALLING_OUT_TO_A_SOURCE0_PERFORM_FUNCTION__+0x11
C  [CoreFoundation+0x819f4]  __CFRunLoopDoSource0+0xb4
C  [CoreFoundation+0x81774]  __CFRunLoopDoSources0+0xf2
C  [CoreFoundation+0x8019c]  __CFRunLoopRun+0x37d
C  [CoreFoundation+0x7f75c]  CFRunLoopRunSpecific+0x233
C  [libjli.dylib+0x6444]  CreateExecutionEnvironment+0x190
C  [libjli.dylib+0x25b7]  JLI_Launch+0x51f
C  [java+0xca1]  main+0x177
C  [libdyld.dylib+0x15f3d]  start+0x1


siginfo: si_signo: 11 (SIGSEGV), si_code: 1 (SEGV_MAPERR), si_addr: 0x0000000000000000

Register to memory mapping:

RAX=
[error occurred during error reporting (printing register info), id 0xb, SIGSEGV (0xb) at pc=0x000000010eeea2ee]

Registers:
RAX=0x00007ffc0ccbfb40, RBX=0x0000000000000000, RCX=0x00007ffc7d00f168, RDX=0x0000000000000000
RSP=0x00007ffee97f0ae0, RBP=0x00007ffee97f0f10, RSI=0x00007ffc7d00f000, RDI=0x00007ffc7d00f160
R8 =0x0000000000000000, R9 =0x00007fff801c76e0, R10=0x00007fff801c49b8, R11=0x00007fff2129311e
R12=0x00007fff202f2800, R13=0x0000000000000000, R14=0x00007ffc0ccbe750, R15=0x00007ffc0ccbfb40
RIP=0x0000000152143515, EFLAGS=0x0000000000010202, ERR=0x0000000000000004
  TRAPNO=0x000000000000000e

Top of Stack: (sp=0x00007ffee97f0ae0)
0x00007ffee97f0ae0:   00000001521434b5 00007fff2054321d
0x00007ffee97f0af0:   00007fff205dec7c 00007fff205debfa
0x00007ffee97f0b00:   00007fff2051429e 00007fff2127f2c8
0x00007ffee97f0b10:   00007fff22fd9d0d 00007fff22f53263
0x00007ffee97f0b20:   00007fff2873e661 00007fff2873da83
0x00007ffee97f0b30:   00007fff28753332 00007fff22d41896
0x00007ffee97f0b40:   00007fff22d3fcdd 00007fff22d32051
0x00007ffee97f0b50:   0000000156e9883b 0000000156e242ac
0x00007ffee97f0b60:   00007fff6e8f577f 00007fff212f60c1
0x00007ffee97f0b70:   00007fff2054da8c 00007fff2054d9f4
0x00007ffee97f0b80:   00007fff2054d774 00007fff2054c19c
0x00007ffee97f0b90:   00007fff2054b75c 0000000106417444
0x00007ffee97f0ba0:   00000001064135b7 0000000106408ca1
0x00007ffee97f0bb0:   00007fff2046ff3d 000000000000000a
0x00007ffee97f0bc0:   00007fff8016ec90 0000000000000000
0x00007ffee97f0bd0:   00007ffee97f0c00 00007fff203028f9
0x00007ffee97f0be0:   00007fff8016eda8 00007fff8016ec90
0x00007ffee97f0bf0:   0000000000000000 00007fff8016ec90
0x00007ffee97f0c00:   00007ffee97f0c20 00007fff2030288d
0x00007ffee97f0c10:   00007ffffffffff8 00007fff80723108
0x00007ffee97f0c20:   00007ffee97f0c70 00007fff20303039
0x00007ffee97f0c30:   00007fff00000000 0000000000000000
0x00007ffee97f0c40:   00007ffee97f11d0 00007ffffffffff8
0x00007ffee97f0c50:   0000000000000000 00007fff2031471d
0x00007ffee97f0c60:   00007ffee97f0c80 00007fff203034a2
0x00007ffee97f0c70:   00007fff2031471d 00007ffc7cc0e990
0x00007ffee97f0c80:   00007ffee97f0ca0 00007fff20303fdd
0x00007ffee97f0c90:   0000000000000000 00007fff202f358c
0x00007ffee97f0ca0:   00007ffee97f1230 00007fff202f3bdf
0x00007ffee97f0cb0:   0000060700000000 00007fff8016eda8
0x00007ffee97f0cc0:   0000000000000013 0000000000000000
0x00007ffee97f0cd0:   00007ffee97f0d70 00007fff204d3f3b 

Instructions: (pc=0x0000000152143515)
0x0000000152143415:   88 00 00 00 48 8b 05 10 fd 02 00 48 8b 00 48 3b
0x0000000152143425:   45 d0 75 12 48 81 c4 08 04 00 00 5b 41 5c 41 5d
0x0000000152143435:   41 5e 41 5f 5d c3 e8 38 52 02 00 55 48 89 e5 41
0x0000000152143445:   57 41 56 41 55 41 54 53 48 81 ec 08 04 00 00 49
0x0000000152143455:   89 fe 48 8b 05 d2 fc 02 00 48 8b 00 48 89 45 d0
0x0000000152143465:   4c 8d 25 dc a5 03 00 49 8b 1c 24 48 85 db 75 78
0x0000000152143475:   48 8b 05 bc fc 02 00 48 8b 38 48 8d 35 f6 a0 02
0x0000000152143485:   00 48 8d 15 30 ab 02 00 48 8d 0d 57 a9 02 00 41
0x0000000152143495:   b8 2d 01 00 00 31 c0 e8 13 52 02 00 4c 8d bd d0
0x00000001521434a5:   fb ff ff be 80 00 00 00 4c 89 ff e8 e1 51 02 00
0x00000001521434b5:   89 c3 4c 89 ff 89 de e8 db 51 02 00 49 89 c7 85
0x00000001521434c5:   db 7e 19 41 89 dd 4c 89 fb 66 90 48 8b 3b e8 68
0x00000001521434d5:   53 02 00 48 83 c3 08 49 ff cd 75 ef 4c 89 ff e8
0x00000001521434e5:   d1 51 02 00 49 8b 1c 24 48 8b 3d 6c 93 03 00 48
0x00000001521434f5:   8b 35 85 81 03 00 4c 8b 25 7e fc 02 00 41 ff d4
0x0000000152143505:   48 8b 35 9c 81 03 00 48 89 c7 41 ff d4 49 89 c7
0x0000000152143515:   48 8b 03 4c 8b a8 e8 01 00 00 48 8b 05 5a 96 03
0x0000000152143525:   00 4d 8b 34 06 48 8b 3d 6f 93 03 00 48 8b 35 90
0x0000000152143535:   86 03 00 41 ff d4 48 89 c1 31 c0 48 89 df 4c 89
0x0000000152143545:   f6 48 89 ca 41 ff d5 48 8b 35 75 81 03 00 4c 89
0x0000000152143555:   ff 41 ff d4 48 8b 03 48 89 df ff 50 78 49 89 c6
0x0000000152143565:   4d 85 f6 74 3f 48 8b 03 48 89 df ff 90 88 00 00
0x0000000152143575:   00 4c 8b 03 48 8d 05 d0 a4 03 00 48 8b 30 48 8d
0x0000000152143585:   05 2e a6 03 00 48 8b 50 50 31 c0 48 89 df 4c 89
0x0000000152143595:   f1 41 ff 90 68 04 00 00 48 8b 03 48 89 df ff 90
0x00000001521435a5:   88 00 00 00 48 8b 05 80 fb 02 00 48 8b 00 48 3b
0x00000001521435b5:   45 d0 75 12 48 81 c4 08 04 00 00 5b 41 5c 41 5d
0x00000001521435c5:   41 5e 41 5f 5d c3 e8 a8 50 02 00 55 48 89 e5 41
0x00000001521435d5:   57 41 56 41 55 41 54 53 48 81 ec 08 04 00 00 49
0x00000001521435e5:   89 fe 48 8b 05 42 fb 02 00 48 8b 00 48 89 45 d0
0x00000001521435f5:   4c 8d 25 4c a4 03 00 49 8b 1c 24 48 85 db 75 78
0x0000000152143605:   48 8b 05 2c fb 02 00 48 8b 38 48 8d 35 66 9f 02 


Stack slot to memory mapping:
stack at sp + 0 slots: 
[error occurred during error reporting (inspecting top of stack), id 0xb, SIGSEGV (0xb) at pc=0x000000010eeea2ee]


---------------  P R O C E S S  ---------------

VM state:not at safepoint (normal execution)

VM Mutex/Monitor currently owned by a thread: None

Heap address: 0x0000000400000000, size: 16384 MB, Compressed Oops mode: Zero based, Oop shift amount: 3
Narrow klass base: 0x0000000800000000, Narrow klass shift: 3
Compressed class space size: 1073741824 Address: 0x00000008010fe000

Heap:
 garbage-first heap   total 69632K, used 36583K [0x0000000400000000, 0x0000000800000000)
  region size 4096K, 8 young (32768K), 1 survivors (4096K)
 Metaspace       used 39194K, capacity 41228K, committed 41600K, reserved 1083392K
  class space    used 5714K, capacity 6651K, committed 6784K, reserved 1048576K
Heap Regions: E=young(eden), S=young(survivor), O=old, HS=humongous(starts), HC=humongous(continues), CS=collection set, F=free, A=archive, TAMS=top-at-mark-start (previous, next)
|   0|0x0000000400000000, 0x0000000400400000, 0x0000000400400000|100%| O|  |TAMS 0x0000000400400000, 0x0000000400000000| Untracked 
|   1|0x0000000400400000, 0x0000000400800000, 0x0000000400800000|100%| O|  |TAMS 0x0000000400800000, 0x0000000400400000| Untracked 
|   2|0x0000000400800000, 0x00000004009c2000, 0x0000000400c00000| 43%| O|  |TAMS 0x0000000400936c00, 0x0000000400800000| Untracked 
|   3|0x0000000400c00000, 0x0000000400c00000, 0x0000000401000000|  0%| F|  |TAMS 0x0000000400c00000, 0x0000000400c00000| Untracked 
|   4|0x0000000401000000, 0x0000000401000000, 0x0000000401400000|  0%| F|  |TAMS 0x0000000401000000, 0x0000000401000000| Untracked 
|   5|0x0000000401400000, 0x0000000401400000, 0x0000000401800000|  0%| F|  |TAMS 0x0000000401400000, 0x0000000401400000| Untracked 
|   6|0x0000000401800000, 0x0000000401800000, 0x0000000401c00000|  0%| F|  |TAMS 0x0000000401800000, 0x0000000401800000| Untracked 
|   7|0x0000000401c00000, 0x0000000401e3ffd0, 0x0000000402000000| 56%| S|CS|TAMS 0x0000000401c00000, 0x0000000401c00000| Complete 
|   8|0x0000000402000000, 0x0000000402146030, 0x0000000402400000| 31%| E|  |TAMS 0x0000000402000000, 0x0000000402000000| Complete 
|   9|0x0000000402400000, 0x0000000402800000, 0x0000000402800000|100%| E|CS|TAMS 0x0000000402400000, 0x0000000402400000| Complete 
|  10|0x0000000402800000, 0x0000000402c00000, 0x0000000402c00000|100%| E|  |TAMS 0x0000000402800000, 0x0000000402800000| Complete 
|  11|0x0000000402c00000, 0x0000000403000000, 0x0000000403000000|100%| E|CS|TAMS 0x0000000402c00000, 0x0000000402c00000| Complete 
| 222|0x0000000437800000, 0x0000000437c00000, 0x0000000437c00000|100%| E|CS|TAMS 0x0000000437800000, 0x0000000437800000| Complete 
| 223|0x0000000437c00000, 0x0000000438000000, 0x0000000438000000|100%| E|CS|TAMS 0x0000000437c00000, 0x0000000437c00000| Complete 
| 255|0x000000043fc00000, 0x0000000440000000, 0x0000000440000000|100%| E|CS|TAMS 0x000000043fc00000, 0x000000043fc00000| Complete 
|3838|0x00000007bf800000, 0x00000007bfb48000, 0x00000007bfc00000| 82%|OA|  |TAMS 0x00000007bfb48000, 0x00000007bf800000| Untracked 
|3839|0x00000007bfc00000, 0x00000007bfc70000, 0x00000007c0000000| 10%|CA|  |TAMS 0x00000007bfc70000, 0x00000007bfc00000| Untracked 

Card table byte_map: [0x00000001297d6000,0x000000012b7d6000] _byte_map_base: 0x00000001277d6000

Marking Bits (Prev, Next): (CMBitMap*) 0x00007ffc6d008218, (CMBitMap*) 0x00007ffc6d008258
 Prev Bits: [0x000000012d7d6000, 0x000000013d7d6000)
 Next Bits: [0x000000013d7d6000, 0x000000014d7d6000)

Polling page: 0x0000000106483000

Metaspace:

Usage:
  Non-class:     33.77 MB capacity,    32.70 MB ( 97%) used,   846.62 KB (  2%) free+waste,   250.06 KB ( <1%) overhead. 
      Class:      6.50 MB capacity,     5.58 MB ( 86%) used,   808.09 KB ( 12%) free+waste,   128.69 KB (  2%) overhead. 
       Both:     40.26 MB capacity,    38.28 MB ( 95%) used,     1.62 MB (  4%) free+waste,   378.75 KB ( <1%) overhead. 

Virtual space:
  Non-class space:       34.00 MB reserved,      34.00 MB (100%) committed 
      Class space:        1.00 GB reserved,       6.62 MB ( <1%) committed 
             Both:        1.03 GB reserved,      40.62 MB (  4%) committed 

Chunk freelists:
   Non-Class:  4.88 KB
       Class:  1.62 KB
        Both:  6.50 KB

CodeHeap 'non-profiled nmethods': size=119172Kb used=2518Kb max_used=2518Kb free=116653Kb
 bounds [0x0000000120375000, 0x00000001205f5000, 0x00000001277d6000]
CodeHeap 'profiled nmethods': size=119168Kb used=10282Kb max_used=10282Kb free=108885Kb
 bounds [0x0000000118f15000, 0x0000000119935000, 0x0000000120375000]
CodeHeap 'non-nmethods': size=7420Kb used=3012Kb max_used=3052Kb free=4407Kb
 bounds [0x00000001187d6000, 0x0000000118ae6000, 0x0000000118f15000]
 total_blobs=6901 nmethods=4633 adapters=544
 compilation: enabled
              stopped_count=0, restarted_count=0
 full_count=0

Compilation events (10 events):
Event: 3.429 Thread 0x00007ffc7d887000 5119       3       java.lang.invoke.MethodHandle::withVarargs (39 bytes)
Event: 3.429 Thread 0x00007ffc7d81c800 5120       3       java.lang.invoke.MethodHandle::asVarargsCollector (40 bytes)
Event: 3.429 Thread 0x00007ffc7d014800 5121       3       java.lang.invoke.MethodHandle::spreadArrayChecks (89 bytes)
Event: 3.429 Thread 0x00007ffc4e008800 5122       3       java.lang.invoke.MethodHandleImpl::makeVarargsCollector (47 bytes)
Event: 3.429 Thread 0x00007ffc7d887000 nmethod 5119 0x0000000119920d90 code [0x0000000119920f60, 0x00000001199213a8]
Event: 3.429 Thread 0x00007ffc7d887000 5123       3       java.lang.invoke.MethodHandleImpl$AsVarargsCollector::<init> (11 bytes)
Event: 3.430 Thread 0x00007ffc7d81c800 nmethod 5120 0x0000000119921510 code [0x0000000119921720, 0x0000000119921d98]
Event: 3.430 Thread 0x00007ffc7d887000 nmethod 5123 0x0000000119921f90 code [0x00000001199221a0, 0x0000000119922918]
Event: 3.430 Thread 0x00007ffc4e008800 nmethod 5122 0x0000000119922b90 code [0x0000000119922e00, 0x0000000119923c48]
Event: 3.431 Thread 0x00007ffc7d014800 nmethod 5121 0x0000000119924110 code [0x00000001199245a0, 0x0000000119926458]

GC Heap History (10 events):
Event: 2.533 GC heap before
{Heap before GC invocations=6 (full 0):
 garbage-first heap   total 69632K, used 38792K [0x0000000400000000, 0x0000000800000000)
  region size 4096K, 8 young (32768K), 1 survivors (4096K)
 Metaspace       used 28374K, capacity 29869K, committed 30080K, reserved 1075200K
  class space    used 4059K, capacity 4666K, committed 4736K, reserved 1048576K
}
Event: 2.534 GC heap after
{Heap after GC invocations=7 (full 0):
 garbage-first heap   total 69632K, used 14253K [0x0000000400000000, 0x0000000800000000)
  region size 4096K, 1 young (4096K), 1 survivors (4096K)
 Metaspace       used 28374K, capacity 29869K, committed 30080K, reserved 1075200K
  class space    used 4059K, capacity 4666K, committed 4736K, reserved 1048576K
}
Event: 2.696 GC heap before
{Heap before GC invocations=7 (full 0):
 garbage-first heap   total 69632K, used 38829K [0x0000000400000000, 0x0000000800000000)
  region size 4096K, 8 young (32768K), 1 survivors (4096K)
 Metaspace       used 29443K, capacity 30986K, committed 31104K, reserved 1075200K
  class space    used 4279K, capacity 4905K, committed 4992K, reserved 1048576K
}
Event: 2.697 GC heap after
{Heap after GC invocations=8 (full 0):
 garbage-first heap   total 69632K, used 14597K [0x0000000400000000, 0x0000000800000000)
  region size 4096K, 1 young (4096K), 1 survivors (4096K)
 Metaspace       used 29443K, capacity 30986K, committed 31104K, reserved 1075200K
  class space    used 4279K, capacity 4905K, committed 4992K, reserved 1048576K
}
Event: 2.881 GC heap before
{Heap before GC invocations=8 (full 0):
 garbage-first heap   total 69632K, used 30981K [0x0000000400000000, 0x0000000800000000)
  region size 4096K, 6 young (24576K), 1 survivors (4096K)
 Metaspace       used 33610K, capacity 35321K, committed 35584K, reserved 1079296K
  class space    used 4918K, capacity 5738K, committed 5888K, reserved 1048576K
}
Event: 2.883 GC heap after
{Heap after GC invocations=9 (full 0):
 garbage-first heap   total 69632K, used 14942K [0x0000000400000000, 0x0000000800000000)
  region size 4096K, 1 young (4096K), 1 survivors (4096K)
 Metaspace       used 33610K, capacity 35321K, committed 35584K, reserved 1079296K
  class space    used 4918K, capacity 5738K, committed 5888K, reserved 1048576K
}
Event: 3.041 GC heap before
{Heap before GC invocations=10 (full 0):
 garbage-first heap   total 69632K, used 43614K [0x0000000400000000, 0x0000000800000000)
  region size 4096K, 8 young (32768K), 1 survivors (4096K)
 Metaspace       used 36101K, capacity 37926K, committed 38272K, reserved 1081344K
  class space    used 5259K, capacity 6124K, committed 6272K, reserved 1048576K
}
Event: 3.043 GC heap after
{Heap after GC invocations=11 (full 0):
 garbage-first heap   total 69632K, used 15598K [0x0000000400000000, 0x0000000800000000)
  region size 4096K, 1 young (4096K), 1 survivors (4096K)
 Metaspace       used 36101K, capacity 37926K, committed 38272K, reserved 1081344K
  class space    used 5259K, capacity 6124K, committed 6272K, reserved 1048576K
}
Event: 3.206 GC heap before
{Heap before GC invocations=11 (full 0):
 garbage-first heap   total 69632K, used 44270K [0x0000000400000000, 0x0000000800000000)
  region size 4096K, 8 young (32768K), 1 survivors (4096K)
 Metaspace       used 36991K, capacity 38809K, committed 39040K, reserved 1081344K
  class space    used 5362K, capacity 6213K, committed 6272K, reserved 1048576K
}
Event: 3.208 GC heap after
{Heap after GC invocations=12 (full 0):
 garbage-first heap   total 69632K, used 16103K [0x0000000400000000, 0x0000000800000000)
  region size 4096K, 1 young (4096K), 1 survivors (4096K)
 Metaspace       used 36991K, capacity 38809K, committed 39040K, reserved 1081344K
  class space    used 5362K, capacity 6213K, committed 6272K, reserved 1048576K
}

Deoptimization events (10 events):
Event: 3.336 Thread 0x00007ffc7e28b800 Uncommon trap: reason=class_check action=maybe_recompile pc=0x00000001205a1ddc method=com.typesafe.config.impl.Tokenizer$TokenIterator.nextCharRaw()I @ 14 c2
Event: 3.336 Thread 0x00007ffc7e28b800 Uncommon trap: reason=class_check action=maybe_recompile pc=0x00000001205a1ddc method=com.typesafe.config.impl.Tokenizer$TokenIterator.nextCharRaw()I @ 14 c2
Event: 3.354 Thread 0x00007ffc7ed1e800 Uncommon trap: reason=predicate action=maybe_recompile pc=0x00000001203c462c method=scala.collection.immutable.List.prependedAll(Lscala/collection/IterableOnce;)Lscala/collection/immutable/List; @ 111 c2
Event: 3.379 Thread 0x00007ffc7ed1e800 Uncommon trap: reason=bimorphic_or_optimized_type_check action=maybe_recompile pc=0x000000012039cb78 method=java.util.regex.Pattern$SliceNode.study(Ljava/util/regex/Pattern$TreeInfo;)Z @ 33 c2
Event: 3.388 Thread 0x00007ffc7ed1e800 Uncommon trap: reason=class_check action=maybe_recompile pc=0x0000000120565afc method=scala.collection.immutable.List.foreach(Lscala/Function1;)V @ 14 c2
Event: 3.390 Thread 0x00007ffc7ed1e800 Uncommon trap: reason=class_check action=maybe_recompile pc=0x0000000120565afc method=scala.collection.immutable.List.foreach(Lscala/Function1;)V @ 14 c2
Event: 3.394 Thread 0x00007ffc7ed1e800 Uncommon trap: reason=unstable_if action=reinterpret pc=0x00000001203ecb28 method=scala.collection.immutable.BitmapIndexedMapNode.get(Ljava/lang/Object;III)Lscala/Option; @ 74 c2
Event: 3.402 Thread 0x00007ffc7ed1e800 Uncommon trap: reason=class_check action=maybe_recompile pc=0x0000000120565afc method=scala.collection.immutable.List.foreach(Lscala/Function1;)V @ 14 c2
Event: 3.402 Thread 0x00007ffc7ed1e800 Uncommon trap: reason=class_check action=maybe_recompile pc=0x0000000120565afc method=scala.collection.immutable.List.foreach(Lscala/Function1;)V @ 14 c2
Event: 3.427 Thread 0x00007ffc7ed1e800 Uncommon trap: reason=unstable_if action=reinterpret pc=0x00000001204686c0 method=java.util.jar.JarFile.getVersionedEntry(Ljava/lang/String;Ljava/util/jar/JarEntry;)Ljava/util/jar/JarEntry; @ 16 c2

Classes redefined (0 events):
No events

Internal exceptions (10 events):
Event: 2.724 Thread 0x00007ffc7d515000 Implicit null exception at 0x000000012047cbaf to 0x000000012047cc31
Event: 2.785 Thread 0x00007ffc7d515000 Exception <a 'java/lang/NoSuchMethodError'{0x0000000437eb2d98}: java.lang.invoke.DirectMethodHandle$Holder.invokeStaticInit(Ljava/lang/Object;Ljava/lang/Object;Ljava/lang/Object;Ljava/lang/Object;)Ljava/lang/Object;> (0x0000000437eb2d98) thrown at [/scrat
Event: 2.793 Thread 0x00007ffc7d515000 Exception <a 'java/lang/NoSuchMethodError'{0x0000000437f55ab8}: java.lang.invoke.DirectMethodHandle$Holder.invokeStaticInit(Ljava/lang/Object;Ljava/lang/Object;Ljava/lang/Object;Ljava/lang/Object;Ljava/lang/Object;)Ljava/lang/Object;> (0x0000000437f55ab8)
Event: 2.799 Thread 0x00007ffc7d515000 Exception <a 'java/lang/NoSuchMethodError'{0x0000000437fc0788}: java.lang.invoke.DirectMethodHandle$Holder.invokeStaticInit(Ljava/lang/Object;Ljava/lang/Object;Ljava/lang/Object;Ljava/lang/Object;Ljava/lang/Object;Ljava/lang/Object;)Ljava/lang/Object;> (0
Event: 2.815 Thread 0x00007ffc7d515000 Exception <a 'java/lang/NoSuchMethodError'{0x0000000437911820}: java.lang.invoke.DirectMethodHandle$Holder.invokeStaticInit(Ljava/lang/Object;Ljava/lang/Object;Ljava/lang/Object;Ljava/lang/Object;Ljava/lang/Object;Ljava/lang/Object;Ljava/lang/Object;Ljava
Event: 3.186 Thread 0x00007ffc4d4ec000 Exception <a 'sun/nio/fs/UnixException'{0x0000000402a95bd0}> (0x0000000402a95bd0) thrown at [/scratch/mesos/slaves/a1bab71e-a362-4507-81ed-9c72a04b09cc-S132/frameworks/1735e8a2-a1db-478c-8104-60c8b0af87dd-0196/executors/f2acab4c-3d79-4ad0-b3ff-1b31891db30
Event: 3.408 Thread 0x00007ffc7ed1e800 Exception <a 'java/lang/ClassNotFoundException'{0x0000000402069a58}: sun/awt/resources/spi/awtProvider> (0x0000000402069a58) thrown at [/scratch/mesos/slaves/a1bab71e-a362-4507-81ed-9c72a04b09cc-S132/frameworks/1735e8a2-a1db-478c-8104-60c8b0af87dd-0196/ex
Event: 3.414 Thread 0x00007ffc7ed1e800 Exception <a 'java/io/FileNotFoundException'{0x000000040208efc0}> (0x000000040208efc0) thrown at [/scratch/mesos/slaves/a1bab71e-a362-4507-81ed-9c72a04b09cc-S132/frameworks/1735e8a2-a1db-478c-8104-60c8b0af87dd-0196/executors/f2acab4c-3d79-4ad0-b3ff-1b3189
Event: 3.419 Thread 0x00007ffc7ed1e800 Exception <a 'java/io/FileNotFoundException'{0x00000004020f1008}> (0x00000004020f1008) thrown at [/scratch/mesos/slaves/a1bab71e-a362-4507-81ed-9c72a04b09cc-S132/frameworks/1735e8a2-a1db-478c-8104-60c8b0af87dd-0196/executors/f2acab4c-3d79-4ad0-b3ff-1b3189
Event: 3.423 Thread 0x00007ffc7ed1e800 Exception <a 'java/lang/ClassNotFoundException'{0x000000040210b7b8}: sun/awt/resources/spi/awtosxProvider> (0x000000040210b7b8) thrown at [/scratch/mesos/slaves/a1bab71e-a362-4507-81ed-9c72a04b09cc-S132/frameworks/1735e8a2-a1db-478c-8104-60c8b0af87dd-0196

Events (10 events):
Event: 3.429 loading class java/util/EventListener done
Event: 3.429 loading class java/beans/PropertyChangeListener done
Event: 3.429 loading class sun/awt/SunToolkit$ModalityListenerList
Event: 3.429 loading class sun/awt/ModalityListener
Event: 3.429 loading class sun/awt/ModalityListener done
Event: 3.429 loading class sun/awt/SunToolkit$ModalityListenerList done
Event: 3.429 Executing VM operation: RevokeBias
Event: 3.429 Executing VM operation: RevokeBias done
Event: 3.430 loading class sun/awt/util/ThreadGroupUtils
Event: 3.430 loading class sun/awt/util/ThreadGroupUtils done


Dynamic libraries:
0x00007fff2a533000 	/usr/lib/libz.1.dylib
0x0000000106411000 	/Library/Java/JavaVirtualMachines/openjdk-12.0.2.jdk/Contents/Home/lib/libjli.dylib
0x00007fff34ee1000 	/System/Library/Frameworks/Cocoa.framework/Versions/A/Cocoa
0x00007fff222d5000 	/System/Library/Frameworks/Security.framework/Versions/A/Security
0x00007fff33108000 	/System/Library/Frameworks/ApplicationServices.framework/Versions/A/ApplicationServices
0x00007fff2a5fb000 	/usr/lib/libSystem.B.dylib
0x00007fff2a5f5000 	/usr/lib/system/libcache.dylib
0x00007fff2a5b1000 	/usr/lib/system/libcommonCrypto.dylib
0x00007fff2a5db000 	/usr/lib/system/libcompiler_rt.dylib
0x00007fff2a5d0000 	/usr/lib/system/libcopyfile.dylib
0x00007fff201dc000 	/usr/lib/system/libcorecrypto.dylib
0x00007fff202a7000 	/usr/lib/system/libdispatch.dylib
0x00007fff2045a000 	/usr/lib/system/libdyld.dylib
0x00007fff2a5ec000 	/usr/lib/system/libkeymgr.dylib
0x00007fff2d9d5000 	/usr/lib/system/liblaunch.dylib
0x00007fff2a58f000 	/usr/lib/system/libmacho.dylib
0x00007fff29d87000 	/usr/lib/system/libquarantine.dylib
0x00007fff2a5e9000 	/usr/lib/system/libremovefile.dylib
0x00007fff24ca2000 	/usr/lib/system/libsystem_asl.dylib
0x00007fff2018c000 	/usr/lib/system/libsystem_blocks.dylib
0x00007fff20329000 	/usr/lib/system/libsystem_c.dylib
0x00007fff2a5e3000 	/usr/lib/system/libsystem_collections.dylib
0x00007fff29092000 	/usr/lib/system/libsystem_configuration.dylib
0x00007fff2837f000 	/usr/lib/system/libsystem_containermanager.dylib
0x00007fff2a332000 	/usr/lib/system/libsystem_coreservices.dylib
0x00007fff2288a000 	/usr/lib/system/libsystem_darwin.dylib
0x00007fff2a5ed000 	/usr/lib/system/libsystem_dnssd.dylib
0x00007fff20326000 	/usr/lib/system/libsystem_featureflags.dylib
0x00007fff204a0000 	/usr/lib/system/libsystem_info.dylib
0x00007fff2a546000 	/usr/lib/system/libsystem_m.dylib
0x00007fff2027a000 	/usr/lib/system/libsystem_malloc.dylib
0x00007fff24c35000 	/usr/lib/system/libsystem_networkextension.dylib
0x00007fff22ca9000 	/usr/lib/system/libsystem_notify.dylib
0x00007fff2fe58000 	/usr/lib/system/libsystem_product_info_filter.dylib
0x00007fff29096000 	/usr/lib/system/libsystem_sandbox.dylib
0x00007fff2a5e6000 	/usr/lib/system/libsystem_secinit.dylib
0x00007fff2041e000 	/usr/lib/system/libsystem_kernel.dylib
0x00007fff20496000 	/usr/lib/system/libsystem_platform.dylib
0x00007fff2044e000 	/usr/lib/system/libsystem_pthread.dylib
0x00007fff2637c000 	/usr/lib/system/libsystem_symptoms.dylib
0x00007fff201c4000 	/usr/lib/system/libsystem_trace.dylib
0x00007fff2a5bd000 	/usr/lib/system/libunwind.dylib
0x00007fff2018e000 	/usr/lib/system/libxpc.dylib
0x00007fff20408000 	/usr/lib/libc++abi.dylib
0x00007fff202ec000 	/usr/lib/libobjc.A.dylib
0x00007fff2a5c8000 	/usr/lib/liboah.dylib
0x00007fff203b2000 	/usr/lib/libc++.1.dylib
0x00007fff204cc000 	/System/Library/Frameworks/CoreFoundation.framework/Versions/A/CoreFoundation
0x00007fff21276000 	/System/Library/Frameworks/Foundation.framework/Versions/C/Foundation
0x00007fff22d03000 	/System/Library/Frameworks/AppKit.framework/Versions/C/AppKit
0x00007fff25bb8000 	/System/Library/Frameworks/CoreData.framework/Versions/A/CoreData
0x00007fff23a4a000 	/System/Library/PrivateFrameworks/UIFoundation.framework/Versions/A/UIFoundation
0x00007fff2fbeb000 	/System/Library/PrivateFrameworks/RemoteViewServices.framework/Versions/A/RemoteViewServices
0x00007fff28a45000 	/System/Library/PrivateFrameworks/XCTTargetBootstrap.framework/Versions/A/XCTTargetBootstrap
0x00007fff2b71b000 	/usr/lib/libspindump.dylib
0x00007fff23c99000 	/System/Library/Frameworks/UniformTypeIdentifiers.framework/Versions/A/UniformTypeIdentifiers
0x00007fff27249000 	/usr/lib/libapp_launch_measurement.dylib
0x00007fff2724c000 	/System/Library/PrivateFrameworks/CoreAutoLayout.framework/Versions/A/CoreAutoLayout
0x00007fff283ac000 	/System/Library/Frameworks/Metal.framework/Versions/A/Metal
0x00007fff290a1000 	/usr/lib/liblangid.dylib
0x00007fff28a49000 	/System/Library/PrivateFrameworks/CoreSVG.framework/Versions/A/CoreSVG
0x00007fff24cd1000 	/System/Library/PrivateFrameworks/SkyLight.framework/Versions/A/SkyLight
0x00007fff25035000 	/System/Library/Frameworks/CoreGraphics.framework/Versions/A/CoreGraphics
0x00007fff3010c000 	/System/Library/Frameworks/Accelerate.framework/Versions/A/Accelerate
0x00007fff2b15a000 	/System/Library/PrivateFrameworks/IconServices.framework/Versions/A/IconServices
0x00007fff28390000 	/System/Library/Frameworks/IOSurface.framework/Versions/A/IOSurface
0x00007fff26539000 	/usr/lib/libDiagnosticMessagesClient.dylib
0x00007fff28a31000 	/System/Library/PrivateFrameworks/DFRFoundation.framework/Versions/A/DFRFoundation
0x00007fff2262a000 	/usr/lib/libicucore.A.dylib
0x00007fff2cc59000 	/System/Library/Frameworks/AudioToolbox.framework/Versions/A/AudioToolbox
0x00007fff2beeb000 	/System/Library/PrivateFrameworks/DataDetectorsCore.framework/Versions/A/DataDetectorsCore
0x00007fff24c45000 	/usr/lib/libMobileGestalt.dylib
0x00007fff28735000 	/System/Library/Frameworks/Carbon.framework/Versions/A/Frameworks/HIToolbox.framework/Versions/A/HIToolbox
0x00007fff26c93000 	/System/Library/Frameworks/QuartzCore.framework/Versions/A/QuartzCore
0x00007fff2fc23000 	/System/Library/Frameworks/Carbon.framework/Versions/A/Frameworks/SpeechRecognition.framework/Versions/A/SpeechRecognition
0x00007fff26fb2000 	/System/Library/PrivateFrameworks/CoreUI.framework/Versions/A/CoreUI
0x00007fff21c44000 	/System/Library/Frameworks/CoreAudio.framework/Versions/A/CoreAudio
0x00007fff26624000 	/System/Library/Frameworks/DiskArbitration.framework/Versions/A/DiskArbitration
0x00007fff2bae8000 	/System/Library/PrivateFrameworks/MultitouchSupport.framework/Versions/A/MultitouchSupport
0x00007fff2bee2000 	/System/Library/PrivateFrameworks/InternationalSupport.framework/Versions/A/InternationalSupport
0x00007fff24c44000 	/usr/lib/libenergytrace.dylib
0x00007fff22bfa000 	/System/Library/Frameworks/IOKit.framework/Versions/A/IOKit
0x00007fff2ff56000 	/System/Library/Frameworks/CoreServices.framework/Versions/A/CoreServices
0x00007fff271df000 	/System/Library/PrivateFrameworks/PerformanceAnalysis.framework/Versions/A/PerformanceAnalysis
0x00007fff6b950000 	/System/Library/Frameworks/OpenGL.framework/Versions/A/OpenGL
0x00007fff2bf66000 	/System/Library/PrivateFrameworks/UserActivity.framework/Versions/A/UserActivity
0x00007fff256bf000 	/System/Library/Frameworks/ColorSync.framework/Versions/A/ColorSync
0x00007fff28caf000 	/System/Library/Frameworks/CoreImage.framework/Versions/A/CoreImage
0x00007fff21a5f000 	/System/Library/Frameworks/CoreText.framework/Versions/A/CoreText
0x00007fff28a73000 	/System/Library/Frameworks/ImageIO.framework/Versions/A/ImageIO
0x00007fff2a601000 	/System/Library/PrivateFrameworks/SoftLinking.framework/Versions/A/SoftLinking
0x00007fff27294000 	/usr/lib/libxml2.2.dylib
0x00007fff2a872000 	/usr/lib/libcompression.dylib
0x00007fff2be14000 	/System/Library/PrivateFrameworks/TextureIO.framework/Versions/A/TextureIO
0x00007fff2ae99000 	/usr/lib/libate.dylib
0x00007fff2ac7f000 	/usr/lib/liblzma.5.dylib
0x00007fff20f8a000 	/System/Library/Frameworks/SystemConfiguration.framework/Versions/A/SystemConfiguration
0x00007fff2a5fd000 	/usr/lib/libfakelink.dylib
0x00007fff24796000 	/System/Library/Frameworks/CFNetwork.framework/Versions/A/CFNetwork
0x00007fff2a73d000 	/usr/lib/libarchive.2.dylib
0x00007fff21008000 	/usr/lib/libCRFSuite.dylib
0x00007fff29dae000 	/usr/lib/libbsm.0.dylib
0x00007fff24116000 	/usr/lib/libnetwork.dylib
0x00007fff2a602000 	/usr/lib/libpcap.A.dylib
0x00007fff26375000 	/usr/lib/libdns_services.dylib
0x00007fff2ac98000 	/usr/lib/libcoretls_cfhelpers.dylib
0x00007fff2a83c000 	/usr/lib/libapple_nghttp2.dylib
0x00007fff2a595000 	/usr/lib/system/libkxld.dylib
0x00007fff25fee000 	/usr/lib/libsqlite3.dylib
0x00007fff2a315000 	/System/Library/PrivateFrameworks/AppleFSCompression.framework/Versions/A/AppleFSCompression
0x00007fff29d96000 	/usr/lib/libcoretls.dylib
0x00007fff2a86d000 	/usr/lib/libpam.2.dylib
0x00007fff2ad95000 	/usr/lib/libxar.1.dylib
0x00007fff2909d000 	/System/Library/PrivateFrameworks/AppleSystemInfo.framework/Versions/A/AppleSystemInfo
0x00007fff299dd000 	/System/Library/PrivateFrameworks/IOMobileFramebuffer.framework/Versions/A/IOMobileFramebuffer
0x00007fff2a325000 	/usr/lib/libbz2.1.0.dylib
0x00007fff2a63a000 	/usr/lib/libiconv.2.dylib
0x00007fff2a58e000 	/usr/lib/libcharset.1.dylib
0x00007fff2721b000 	/System/Library/Frameworks/CoreServices.framework/Versions/A/Frameworks/FSEvents.framework/Versions/A/FSEvents
0x00007fff22894000 	/System/Library/Frameworks/CoreServices.framework/Versions/A/Frameworks/CarbonCore.framework/Versions/A/CarbonCore
0x00007fff26589000 	/System/Library/Frameworks/CoreServices.framework/Versions/A/Frameworks/Metadata.framework/Versions/A/Metadata
0x00007fff2a337000 	/System/Library/Frameworks/CoreServices.framework/Versions/A/Frameworks/OSServices.framework/Versions/A/OSServices
0x00007fff2a7af000 	/System/Library/Frameworks/CoreServices.framework/Versions/A/Frameworks/SearchKit.framework/Versions/A/SearchKit
0x00007fff26300000 	/System/Library/Frameworks/CoreServices.framework/Versions/A/Frameworks/AE.framework/Versions/A/AE
0x00007fff2096a000 	/System/Library/Frameworks/CoreServices.framework/Versions/A/Frameworks/LaunchServices.framework/Versions/A/LaunchServices
0x00007fff2ac2f000 	/System/Library/Frameworks/CoreServices.framework/Versions/A/Frameworks/DictionaryServices.framework/Versions/A/DictionaryServices
0x00007fff27224000 	/System/Library/Frameworks/CoreServices.framework/Versions/A/Frameworks/SharedFileList.framework/Versions/A/SharedFileList
0x00007fff29d8a000 	/usr/lib/libCheckFix.dylib
0x00007fff24cb9000 	/System/Library/PrivateFrameworks/TCC.framework/Versions/A/TCC
0x00007fff290a3000 	/System/Library/PrivateFrameworks/CoreNLP.framework/Versions/A/CoreNLP
0x00007fff2653c000 	/System/Library/PrivateFrameworks/MetadataUtilities.framework/Versions/A/MetadataUtilities
0x00007fff2103d000 	/usr/lib/libmecabra.dylib
0x00007fff2a094000 	/System/Library/Frameworks/MLCompute.framework/Versions/A/MLCompute
0x00007fff29dbf000 	/usr/lib/libmecab.dylib
0x00007fff29e09000 	/usr/lib/libgermantok.dylib
0x00007fff2a817000 	/usr/lib/libThaiTokenizer.dylib
0x00007fff2add0000 	/usr/lib/libChineseTokenizer.dylib
0x00007fff2a86b000 	/System/Library/Frameworks/MetalPerformanceShaders.framework/Versions/A/MetalPerformanceShaders
0x00007fff2662b000 	/System/Library/Frameworks/Accelerate.framework/Versions/A/Frameworks/vImage.framework/Versions/A/vImage
0x00007fff2ff30000 	/System/Library/Frameworks/Accelerate.framework/Versions/A/Frameworks/vecLib.framework/Versions/A/vecLib
0x00007fff2addb000 	/System/Library/Frameworks/Accelerate.framework/Versions/A/Frameworks/vecLib.framework/Versions/A/libvMisc.dylib
0x00007fff297f8000 	/System/Library/Frameworks/Accelerate.framework/Versions/A/Frameworks/vecLib.framework/Versions/A/libvDSP.dylib
0x00007fff20c71000 	/System/Library/Frameworks/Accelerate.framework/Versions/A/Frameworks/vecLib.framework/Versions/A/libBLAS.dylib
0x00007fff2a891000 	/System/Library/Frameworks/Accelerate.framework/Versions/A/Frameworks/vecLib.framework/Versions/A/libLAPACK.dylib
0x00007fff29e0f000 	/System/Library/Frameworks/Accelerate.framework/Versions/A/Frameworks/vecLib.framework/Versions/A/libLinearAlgebra.dylib
0x00007fff2a854000 	/System/Library/Frameworks/Accelerate.framework/Versions/A/Frameworks/vecLib.framework/Versions/A/libSparseBLAS.dylib
0x00007fff2a88b000 	/System/Library/Frameworks/Accelerate.framework/Versions/A/Frameworks/vecLib.framework/Versions/A/libQuadrature.dylib
0x00007fff2914f000 	/System/Library/Frameworks/Accelerate.framework/Versions/A/Frameworks/vecLib.framework/Versions/A/libBNNS.dylib
0x00007fff20f1b000 	/System/Library/Frameworks/Accelerate.framework/Versions/A/Frameworks/vecLib.framework/Versions/A/libSparse.dylib
0x00007fff2902b000 	/System/Library/Frameworks/MetalPerformanceShaders.framework/Versions/A/Frameworks/MPSCore.framework/Versions/A/MPSCore
0x00007fff2a284000 	/System/Library/Frameworks/MetalPerformanceShaders.framework/Versions/A/Frameworks/MPSImage.framework/Versions/A/MPSImage
0x00007fff29e25000 	/System/Library/Frameworks/MetalPerformanceShaders.framework/Versions/A/Frameworks/MPSNeuralNetwork.framework/Versions/A/MPSNeuralNetwork
0x00007fff2a1f6000 	/System/Library/Frameworks/MetalPerformanceShaders.framework/Versions/A/Frameworks/MPSMatrix.framework/Versions/A/MPSMatrix
0x00007fff2a044000 	/System/Library/Frameworks/MetalPerformanceShaders.framework/Versions/A/Frameworks/MPSRayIntersector.framework/Versions/A/MPSRayIntersector
0x00007fff2a22d000 	/System/Library/Frameworks/MetalPerformanceShaders.framework/Versions/A/Frameworks/MPSNDArray.framework/Versions/A/MPSNDArray
0x00007fff20b9d000 	/System/Library/PrivateFrameworks/MetalTools.framework/Versions/A/MetalTools
0x00007fff2909b000 	/System/Library/PrivateFrameworks/AggregateDictionary.framework/Versions/A/AggregateDictionary
0x00007fff26509000 	/System/Library/PrivateFrameworks/CoreAnalytics.framework/Versions/A/CoreAnalytics
0x00007fff2a819000 	/System/Library/PrivateFrameworks/AppleSauce.framework/Versions/A/AppleSauce
0x00007fff283a2000 	/System/Library/PrivateFrameworks/IOAccelerator.framework/Versions/A/IOAccelerator
0x00007fff6b944000 	/System/Library/Frameworks/OpenGL.framework/Versions/A/Libraries/libCoreFSCache.dylib
0x00007fff215d4000 	/System/Library/PrivateFrameworks/LanguageModeling.framework/Versions/A/LanguageModeling
0x00007fff299cb000 	/System/Library/PrivateFrameworks/CoreEmoji.framework/Versions/A/CoreEmoji
0x00007fff29148000 	/System/Library/PrivateFrameworks/LinguisticData.framework/Versions/A/LinguisticData
0x00007fff20ece000 	/System/Library/PrivateFrameworks/Lexicon.framework/Versions/A/Lexicon
0x00007fff2a72b000 	/usr/lib/libcmph.dylib
0x00007fff271fb000 	/System/Library/Frameworks/OpenDirectory.framework/Versions/A/Frameworks/CFOpenDirectory.framework/Versions/A/CFOpenDirectory
0x00007fff271eb000 	/System/Library/Frameworks/OpenDirectory.framework/Versions/A/OpenDirectory
0x00007fff2ac9a000 	/System/Library/PrivateFrameworks/APFS.framework/Versions/A/APFS
0x00007fff29cec000 	/System/Library/Frameworks/SecurityFoundation.framework/Versions/A/SecurityFoundation
0x00007fff2ada3000 	/usr/lib/libutil.dylib
0x00007fff22bbf000 	/System/Library/PrivateFrameworks/CoreServicesStore.framework/Versions/A/CoreServicesStore
0x00007fff29d82000 	/System/Library/Frameworks/ServiceManagement.framework/Versions/A/ServiceManagement
0x00007fff2ada7000 	/usr/lib/libxslt.1.dylib
0x00007fff29d78000 	/System/Library/PrivateFrameworks/BackgroundTaskManagement.framework/Versions/A/BackgroundTaskManagement
0x00007fff2bd5e000 	/System/Library/Frameworks/ImageIO.framework/Versions/A/Resources/libRadiance.dylib
0x00007fff2bd68000 	/System/Library/Frameworks/ImageIO.framework/Versions/A/Resources/libJPEG.dylib
0x00007fff2bcb2000 	/System/Library/Frameworks/ImageIO.framework/Versions/A/Resources/libPng.dylib
0x00007fff2bcd9000 	/System/Library/Frameworks/ImageIO.framework/Versions/A/Resources/libTIFF.dylib
0x00007fff2bdbd000 	/System/Library/Frameworks/ImageIO.framework/Versions/A/Resources/libGIF.dylib
0x00007fff2ba04000 	/System/Library/Frameworks/ImageIO.framework/Versions/A/Resources/libJP2.dylib
0x00007fff2b122000 	/usr/lib/libexpat.1.dylib
0x00007fff2b9ba000 	/System/Library/PrivateFrameworks/AppleJPEG.framework/Versions/A/AppleJPEG
0x00007fff285d8000 	/System/Library/PrivateFrameworks/FontServices.framework/libFontParser.dylib
0x00007fff262b7000 	/System/Library/PrivateFrameworks/RunningBoardServices.framework/Versions/A/RunningBoardServices
0x00007fff2bae4000 	/System/Library/PrivateFrameworks/WatchdogClient.framework/Versions/A/WatchdogClient
0x00007fff216bd000 	/System/Library/Frameworks/CoreDisplay.framework/Versions/A/CoreDisplay
0x00007fff284ed000 	/System/Library/Frameworks/CoreMedia.framework/Versions/A/CoreMedia
0x00007fff27377000 	/System/Library/Frameworks/CoreVideo.framework/Versions/A/CoreVideo
0x00007fff2bb1f000 	/System/Library/Frameworks/VideoToolbox.framework/Versions/A/VideoToolbox
0x00007fff26237000 	/System/Library/PrivateFrameworks/BaseBoard.framework/Versions/A/BaseBoard
0x00007fff2b265000 	/System/Library/PrivateFrameworks/PersistentConnection.framework/Versions/A/PersistentConnection
0x00007fff25fd8000 	/System/Library/PrivateFrameworks/ProtocolBuffer.framework/Versions/A/ProtocolBuffer
0x00007fff2621f000 	/System/Library/PrivateFrameworks/CommonUtilities.framework/Versions/A/CommonUtilities
0x00007fff2b97d000 	/System/Library/PrivateFrameworks/Bom.framework/Versions/A/Bom
0x00007fff2bd56000 	/System/Library/PrivateFrameworks/GPUWrangler.framework/Versions/A/GPUWrangler
0x00007fff2bd39000 	/System/Library/PrivateFrameworks/IOPresentment.framework/Versions/A/IOPresentment
0x00007fff2bd62000 	/System/Library/PrivateFrameworks/DSExternalDisplay.framework/Versions/A/DSExternalDisplay
0x00007fff2bdc2000 	/System/Library/PrivateFrameworks/CMCaptureCore.framework/Versions/A/CMCaptureCore
0x00007fff2b701000 	/System/Library/PrivateFrameworks/AppServerSupport.framework/Versions/A/AppServerSupport
0x00007fff2d778000 	/System/Library/PrivateFrameworks/perfdata.framework/Versions/A/perfdata
0x00007fff29cdb000 	/System/Library/PrivateFrameworks/AssertionServices.framework/Versions/A/AssertionServices
0x00007fff217f4000 	/System/Library/PrivateFrameworks/AudioToolboxCore.framework/Versions/A/AudioToolboxCore
0x00007fff284d0000 	/System/Library/PrivateFrameworks/caulk.framework/Versions/A/caulk
0x00007fff3cb62000 	/System/Library/PrivateFrameworks/SystemPolicy.framework/Versions/A/SystemPolicy
0x00007fff2af31000 	/usr/lib/libIOReport.dylib
0x00007fff2cfb4000 	/usr/lib/libSMC.dylib
0x00007fff2bc7e000 	/usr/lib/libAudioToolboxUtility.dylib
0x00007fff3d4b3000 	/usr/lib/libmis.dylib
0x00007fff6b9a0000 	/System/Library/Frameworks/OpenGL.framework/Versions/A/Libraries/libGLU.dylib
0x00007fff6b963000 	/System/Library/Frameworks/OpenGL.framework/Versions/A/Libraries/libGFXShared.dylib
0x00007fff6bb71000 	/System/Library/Frameworks/OpenGL.framework/Versions/A/Libraries/libGL.dylib
0x00007fff6b96c000 	/System/Library/Frameworks/OpenGL.framework/Versions/A/Libraries/libGLImage.dylib
0x00007fff6b960000 	/System/Library/Frameworks/OpenGL.framework/Versions/A/Libraries/libCVMSPluginSupport.dylib
0x00007fff6b94b000 	/System/Library/Frameworks/OpenGL.framework/Versions/A/Libraries/libCoreVMClient.dylib
0x00007fff6cfbb000 	/System/Library/Frameworks/OpenCL.framework/Versions/A/OpenCL
0x00007fff2b28e000 	/System/Library/PrivateFrameworks/GraphVisualizer.framework/Versions/A/GraphVisualizer
0x00007fff2b29d000 	/System/Library/PrivateFrameworks/FaceCore.framework/Versions/A/FaceCore
0x00007fff2b6b9000 	/System/Library/PrivateFrameworks/OTSVG.framework/Versions/A/OTSVG
0x00007fff26f70000 	/System/Library/Frameworks/ApplicationServices.framework/Versions/A/Frameworks/ATS.framework/Versions/A/Resources/libFontRegistry.dylib
0x00007fff2b708000 	/System/Library/PrivateFrameworks/FontServices.framework/libhvf.dylib
0x00007fff2b0ce000 	/System/Library/PrivateFrameworks/AppleVA.framework/Versions/A/AppleVA
0x00007fff2cdfc000 	/System/Library/Frameworks/ApplicationServices.framework/Versions/A/Frameworks/ATS.framework/Versions/A/ATS
0x00007fff2d10f000 	/System/Library/Frameworks/ApplicationServices.framework/Versions/A/Frameworks/ColorSyncLegacy.framework/Versions/A/ColorSyncLegacy
0x00007fff257b6000 	/System/Library/Frameworks/ApplicationServices.framework/Versions/A/Frameworks/HIServices.framework/Versions/A/HIServices
0x00007fff2d0f4000 	/System/Library/Frameworks/ApplicationServices.framework/Versions/A/Frameworks/LangAnalysis.framework/Versions/A/LangAnalysis
0x00007fff2bdcc000 	/System/Library/Frameworks/ApplicationServices.framework/Versions/A/Frameworks/PrintCore.framework/Versions/A/PrintCore
0x00007fff2d117000 	/System/Library/Frameworks/ApplicationServices.framework/Versions/A/Frameworks/QD.framework/Versions/A/QD
0x00007fff2cdec000 	/System/Library/Frameworks/ApplicationServices.framework/Versions/A/Frameworks/SpeechSynthesis.framework/Versions/A/SpeechSynthesis
0x00007fff2bd8d000 	/System/Library/Frameworks/ApplicationServices.framework/Versions/A/Frameworks/ATSUI.framework/Versions/A/ATSUI
0x00007fff2d094000 	/usr/lib/libcups.2.dylib
0x00007fff2d104000 	/System/Library/PrivateFrameworks/NetAuth.framework/Versions/A/NetAuth
0x00007fff2d793000 	/System/Library/Frameworks/Kerberos.framework/Versions/A/Kerberos
0x00007fff2d7a3000 	/System/Library/Frameworks/GSS.framework/Versions/A/GSS
0x00007fff2ce69000 	/usr/lib/libresolv.9.dylib
0x00007fff2b71e000 	/System/Library/PrivateFrameworks/Heimdal.framework/Versions/A/Heimdal
0x00007fff3341d000 	/System/Library/Frameworks/Kerberos.framework/Versions/A/Libraries/libHeimdalProxy.dylib
0x00007fff26384000 	/System/Library/Frameworks/Network.framework/Versions/A/Network
0x00007fff2b13b000 	/usr/lib/libheimdal-asn1.dylib
0x00007fff2d7f4000 	/System/Library/PrivateFrameworks/CommonAuth.framework/Versions/A/CommonAuth
0x00007fff273c5000 	/System/Library/PrivateFrameworks/login.framework/Versions/A/Frameworks/loginsupport.framework/Versions/A/loginsupport
0x00007fff2cd73000 	/System/Library/PrivateFrameworks/AudioSession.framework/Versions/A/AudioSession
0x00007fff2cdd9000 	/usr/lib/libAudioStatistics.dylib
0x00007fff2b1c7000 	/System/Library/PrivateFrameworks/MediaExperience.framework/Versions/A/MediaExperience
0x00007fff2cc27000 	/System/Library/PrivateFrameworks/AudioSession.framework/libSessionUtility.dylib
0x00007fff2d784000 	/usr/lib/libperfcheck.dylib
0x00007fff2d123000 	/System/Library/PrivateFrameworks/AudioResourceArbitration.framework/Versions/A/AudioResourceArbitration
0x00007fff2b145000 	/System/Library/PrivateFrameworks/IconFoundation.framework/Versions/A/IconFoundation
0x00007fff2fc13000 	/System/Library/PrivateFrameworks/SpeechRecognitionCore.framework/Versions/A/SpeechRecognitionCore
0x000000010e800000 	/Library/Java/JavaVirtualMachines/openjdk-12.0.2.jdk/Contents/Home/lib/server/libjvm.dylib
0x0000000106452000 	/Library/Java/JavaVirtualMachines/openjdk-12.0.2.jdk/Contents/Home/lib/libverify.dylib
0x000000010645e000 	/Library/Java/JavaVirtualMachines/openjdk-12.0.2.jdk/Contents/Home/lib/libjava.dylib
0x0000000106485000 	/Library/Java/JavaVirtualMachines/openjdk-12.0.2.jdk/Contents/Home/lib/libjdwp.dylib
0x00000001064bb000 	/Library/Java/JavaVirtualMachines/openjdk-12.0.2.jdk/Contents/Home/lib/libinstrument.dylib
0x000000010650d000 	/Library/Java/JavaVirtualMachines/openjdk-12.0.2.jdk/Contents/Home/lib/libzip.dylib
0x0000000106515000 	/Library/Java/JavaVirtualMachines/openjdk-12.0.2.jdk/Contents/Home/lib/libjimage.dylib
0x000000010670f000 	/Library/Java/JavaVirtualMachines/openjdk-12.0.2.jdk/Contents/Home/lib/libdt_socket.dylib
0x0000000106715000 	/Library/Java/JavaVirtualMachines/openjdk-12.0.2.jdk/Contents/Home/lib/libnio.dylib
0x0000000106723000 	/Library/Java/JavaVirtualMachines/openjdk-12.0.2.jdk/Contents/Home/lib/libnet.dylib
0x0000000106737000 	/Library/Java/JavaVirtualMachines/openjdk-12.0.2.jdk/Contents/Home/lib/libextnet.dylib
0x000000010673a000 	/Users/dlieber/.openjfx/cache/11.0.1/libprism_es2.dylib
0x00007fff22b80000 	/System/Library/PrivateFrameworks/CoreServicesInternal.framework/Versions/A/CoreServicesInternal
0x00007fff6bb7c000 	/System/Library/Frameworks/OpenGL.framework/Versions/A/Resources/GLEngine.bundle/GLEngine
0x00007fff6b9dd000 	/System/Library/Frameworks/OpenGL.framework/Versions/A/Libraries/libGLProgrammability.dylib
0x00007fff5ed62000 	/System/Library/Extensions/AppleIntelKBLGraphicsGLDriver.bundle/Contents/MacOS/AppleIntelKBLGraphicsGLDriver
0x00007fff4624d000 	/System/Library/PrivateFrameworks/GPUSupport.framework/Versions/A/Libraries/libGPUSupportMercury.dylib
0x00000001100e6000 	/System/Library/Extensions/AMDRadeonX6000GLDriver.bundle/Contents/MacOS/AMDRadeonX6000GLDriver
0x00007fff6df61000 	/System/Library/Extensions/AMDRadeonX6000GLDriver.bundle/Contents/MacOS/ATIRadeonX6000SCLib.dylib
0x00007fff5dfd2000 	/System/Library/Extensions/AMDShared.bundle/Contents/PlugIns/libSC.dylib
0x00007fff6bcfa000 	/System/Library/Frameworks/OpenGL.framework/Versions/A/Resources/GLRendererFloat.bundle/GLRendererFloat
0x000000015213a000 	/Users/dlieber/.openjfx/cache/11.0.1/libglass.dylib
0x00007fff30f93000 	/System/Library/Frameworks/FileProvider.framework/Versions/A/FileProvider
0x00007fff261a2000 	/System/Library/Frameworks/Accounts.framework/Versions/A/Accounts
0x00007fff310e2000 	/System/Library/PrivateFrameworks/GenerationalStorage.framework/Versions/A/GenerationalStorage
0x00007fff31a76000 	/System/Library/PrivateFrameworks/CoreSymbolication.framework/Versions/A/CoreSymbolication
0x00007fff309b3000 	/System/Library/PrivateFrameworks/SymptomDiagnosticReporter.framework/Versions/A/SymptomDiagnosticReporter
0x00007fff23cac000 	/System/Library/PrivateFrameworks/DesktopServicesPriv.framework/Versions/A/DesktopServicesPriv
0x00007fff22cb5000 	/usr/lib/libsandbox.1.dylib
0x00007fff273f0000 	/System/Library/PrivateFrameworks/UserManagement.framework/Versions/A/UserManagement
0x00007fff29cb8000 	/System/Library/PrivateFrameworks/MobileKeyBag.framework/Versions/A/MobileKeyBag
0x00007fff34493000 	/System/Library/PrivateFrameworks/ChunkingLibrary.framework/Versions/A/ChunkingLibrary
0x00007fff31a3a000 	/System/Library/PrivateFrameworks/DebugSymbols.framework/Versions/A/DebugSymbols
0x00007fff2e1b6000 	/System/Library/PrivateFrameworks/Sharing.framework/Versions/A/Sharing
0x00007fff32a20000 	/System/Library/PrivateFrameworks/Apple80211.framework/Versions/A/Apple80211
0x00007fff2a365000 	/System/Library/PrivateFrameworks/AuthKit.framework/Versions/A/AuthKit
0x00007fff29abb000 	/System/Library/PrivateFrameworks/CoreUtils.framework/Versions/A/CoreUtils
0x00007fff299e8000 	/System/Library/Frameworks/CoreWLAN.framework/Versions/A/CoreWLAN
0x00007fff2e302000 	/System/Library/Frameworks/IOBluetooth.framework/Versions/A/IOBluetooth
0x00007fff32a84000 	/System/Library/PrivateFrameworks/CoreWiFi.framework/Versions/A/CoreWiFi
0x00007fff2d87a000 	/System/Library/PrivateFrameworks/CorePhoneNumbers.framework/Versions/A/CorePhoneNumbers
0x00007fff30aba000 	/System/Library/PrivateFrameworks/DiskManagement.framework/Versions/A/DiskManagement
0x00007fff309d0000 	/System/Library/PrivateFrameworks/AppleIDAuthSupport.framework/Versions/A/AppleIDAuthSupport
0x00007fff2d85a000 	/System/Library/PrivateFrameworks/KeychainCircle.framework/Versions/A/KeychainCircle
0x00007fff30a86000 	/System/Library/PrivateFrameworks/MediaKit.framework/Versions/A/MediaKit
0x00007fff309dd000 	/System/Library/Frameworks/DiscRecording.framework/Versions/A/DiscRecording
0x00007fff2b042000 	/usr/lib/libCoreStorage.dylib
0x00007fff32ebf000 	/usr/lib/libcsfde.dylib
0x00007fff2e43c000 	/System/Library/PrivateFrameworks/ProtectedCloudStorage.framework/Versions/A/ProtectedCloudStorage
0x00007fff32eb7000 	/System/Library/PrivateFrameworks/EFILogin.framework/Versions/A/EFILogin
0x00007fff334d0000 	/System/Library/Frameworks/AudioUnit.framework/Versions/A/AudioUnit
0x00007fff3094e000 	/System/Library/Frameworks/CoreBluetooth.framework/Versions/A/CoreBluetooth
0x00007fff2b03a000 	/usr/lib/libMatch.1.dylib
0x00000001102c4000 	/usr/lib/libobjc-trampolines.dylib
0x00007fff41148000 	/System/Library/Frameworks/Accelerate.framework/Versions/A/Frameworks/vImage.framework/Versions/A/Libraries/libCGInterfaces.dylib
0x00007fff270f3000 	/System/Library/PrivateFrameworks/ViewBridge.framework/Versions/A/ViewBridge
0x00007fff2af39000 	/System/Library/PrivateFrameworks/CrashReporterSupport.framework/Versions/A/CrashReporterSupport
0x00007fff47884000 	/System/Library/PrivateFrameworks/OSAnalytics.framework/Versions/A/OSAnalytics
0x00007fff7772b000 	/usr/lib/libRosetta.dylib
0x00007fff32e46000 	/System/Library/PrivateFrameworks/RemoteServiceDiscovery.framework/Versions/A/RemoteServiceDiscovery
0x00007fff514f2000 	/System/Library/PrivateFrameworks/Symbolication.framework/Versions/A/Symbolication
0x00007fff3d493000 	/System/Library/PrivateFrameworks/MallocStackLogging.framework/Versions/A/MallocStackLogging
0x0000000156cf2000 	/Library/Java/JavaVirtualMachines/openjdk-12.0.2.jdk/Contents/Home/lib/libawt.dylib
0x0000000156d87000 	/Library/Java/JavaVirtualMachines/openjdk-12.0.2.jdk/Contents/Home/lib/libmlib_image.dylib
0x00007fff6e8ec000 	/System/Library/Frameworks/JavaNativeFoundation.framework/Versions/A/JavaNativeFoundation
0x00007fff6e8f8000 	/System/Library/Frameworks/JavaRuntimeSupport.framework/Versions/A/JavaRuntimeSupport
0x00007fff3c8ac000 	/System/Library/Frameworks/Carbon.framework/Versions/A/Carbon
0x00007fff36360000 	/System/Library/Frameworks/Carbon.framework/Versions/A/Frameworks/CommonPanels.framework/Versions/A/CommonPanels
0x00007fff32eb3000 	/System/Library/Frameworks/Carbon.framework/Versions/A/Frameworks/Help.framework/Versions/A/Help
0x00007fff36364000 	/System/Library/Frameworks/Carbon.framework/Versions/A/Frameworks/ImageCapture.framework/Versions/A/ImageCapture
0x00007fff36334000 	/System/Library/Frameworks/Carbon.framework/Versions/A/Frameworks/OpenScripting.framework/Versions/A/OpenScripting
0x00007fff3635c000 	/System/Library/Frameworks/Carbon.framework/Versions/A/Frameworks/Ink.framework/Versions/A/Ink
0x00007fff3c8a8000 	/System/Library/Frameworks/Carbon.framework/Versions/A/Frameworks/Print.framework/Versions/A/Print
0x00007fff36358000 	/System/Library/Frameworks/Carbon.framework/Versions/A/Frameworks/SecurityHI.framework/Versions/A/SecurityHI
0x0000000156dec000 	/Library/Java/JavaVirtualMachines/openjdk-12.0.2.jdk/Contents/Home/lib/libawt_lwawt.dylib
0x0000000156e96000 	/Library/Java/JavaVirtualMachines/openjdk-12.0.2.jdk/Contents/Home/lib/libosxapp.dylib
0x00007fff3bec3000 	/System/Library/Frameworks/ExceptionHandling.framework/Versions/A/ExceptionHandling
0x0000000156eb8000 	/Library/Java/JavaVirtualMachines/openjdk-12.0.2.jdk/Contents/Home/lib/libfontmanager.dylib
0x0000000156fb7000 	/Library/Java/JavaVirtualMachines/openjdk-12.0.2.jdk/Contents/Home/lib/libfreetype.dylib


VM Arguments:
jvm_args: -agentlib:jdwp=transport=dt_socket,address=127.0.0.1:53161,suspend=y,server=n -javaagent:/Users/dlieber/Library/Caches/JetBrains/IntelliJIdea2021.1/captureAgent/debugger-agent.jar -Dfile.encoding=UTF-8 
java_command: org.jetbrains.plugins.scala.testingSupport.specs2.Specs2Runner @/var/folders/40/32_wnrm92fg5crlxcy6c4rmw0000gn/T/idea_scala_test_runner13657554640203225771.tmp -showProgressMessages true
java_class_path (initial): /Users/dlieber/Library/Application Support/JetBrains/IntelliJIdea2021.1/plugins/Scala/lib/runners.jar:/Users/dlieber/dev/ham/fdcluster/target/scala-2.13/test-classes:/Users/dlieber/dev/ham/fdcluster/target/scala-2.13/classes:/Users/dlieber/Library/Caches/Coursier/v1/https/repo1.maven.org/maven2/aopalliance/aopalliance/1.0/aopalliance-1.0.jar:/Users/dlieber/Library/Caches/Coursier/v1/https/repo1.maven.org/maven2/ch/qos/logback/logback-classic/1.2.3/logback-classic-1.2.3.jar:/Users/dlieber/Library/Caches/Coursier/v1/https/repo1.maven.org/maven2/ch/qos/logback/logback-core/1.2.3/logback-core-1.2.3.jar:/Users/dlieber/Library/Caches/Coursier/v1/https/repo1.maven.org/maven2/com/beachape/enumeratum-macros_2.13/1.6.1/enumeratum-macros_2.13-1.6.1.jar:/Users/dlieber/Library/Caches/Coursier/v1/https/repo1.maven.org/maven2/com/beachape/enumeratum_2.13/1.6.1/enumeratum_2.13-1.6.1.jar:/Users/dlieber/Library/Caches/Coursier/v1/https/repo1.maven.org/maven2/com/fasterxml/jackson/core/jackson-annotations/2.10.1/jackson-annotations-2.10.1.jar:/Users/dlieber/Library/Caches/Coursier/v1/https/repo1.maven.org/maven2/com/fasterxml/jackson/core/jackson-core/2.10.1/jackson-core-2.10.1.jar:/Users/dlieber/Library/Caches/Coursier/v1/https/repo1.maven.org/maven2/com/fasterxml/jackson/core/jackson-databind/2.10.1/jackson-databind-2.10.1.jar:/Users/dlieber/Library/Caches/Coursier/v1/https/repo1.maven.org/maven2/com/fasterxml/jackson/datatype/jackson-datatype-jdk8/2.10.1/jackson-datatype-jdk8-2.10.1.jar:/Users/dlieber/Library/Caches/Coursier/v1/https/repo1.maven.org/maven2/com/fasterxml/jackson/datatype/jackson-datatype-jsr310/2.10.1/jackson-datatype-jsr310-2.10.1.jar:/Users/dlieber/Library/Caches/Coursier/v1/https/repo1.maven.org/maven2/com/fazecast/jSerialComm/2.6.2/jSerialComm-2.6.2.jar:/Users/dlieber/Library/Caches/Coursier/v1/https/repo1.maven.org/maven2/com/github/andyglow/typesafe-config-scala_2.13/1.1.0/typesafe-config-scala_2.13-1.1.0.jar:/Users/dlieber/Library
Launcher Type: SUN_STANDARD

[Global flags]
     intx CICompilerCount                          = 12                                        {product} {ergonomic}
     uint ConcGCThreads                            = 3                                         {product} {ergonomic}
     uint G1ConcRefinementThreads                  = 13                                        {product} {ergonomic}
   size_t G1HeapRegionSize                         = 4194304                                   {product} {ergonomic}
    uintx GCDrainStackTargetSize                   = 64                                        {product} {ergonomic}
   size_t InitialHeapSize                          = 1073741824                                {product} {ergonomic}
   size_t MarkStackSize                            = 4194304                                   {product} {ergonomic}
   size_t MaxHeapSize                              = 17179869184                               {product} {ergonomic}
   size_t MaxNewSize                               = 10305404928                               {product} {ergonomic}
   size_t MinHeapDeltaBytes                        = 4194304                                   {product} {ergonomic}
    uintx NonNMethodCodeHeapSize                   = 7594288                                {pd product} {ergonomic}
    uintx NonProfiledCodeHeapSize                  = 122031976                              {pd product} {ergonomic}
    uintx ProfiledCodeHeapSize                     = 122031976                              {pd product} {ergonomic}
    uintx ReservedCodeCacheSize                    = 251658240                              {pd product} {ergonomic}
     bool SegmentedCodeCache                       = true                                      {product} {ergonomic}
     bool UseCompressedClassPointers               = true                                 {lp64_product} {ergonomic}
     bool UseCompressedOops                        = true                                 {lp64_product} {ergonomic}
     bool UseG1GC                                  = true                                      {product} {ergonomic}

Logging:
Log output configuration:
 #0: stdout all=warning uptime,level,tags
 #1: stderr all=off uptime,level,tags

Environment Variables:
JAVA_HOME=/Users/dlieber/.sdkman/candidates/java/current
PATH=/Users/dlieber/.sdkman/candidates/java/current/bin:/usr/local/bin:/usr/bin:/bin:/usr/sbin:/sbin:/usr/local/mysql/bin:/Library/Apple/usr/bin:/Applications/Wireshark.app/Contents/MacOS:/Users/dlieber/.cargo/bin
SHELL=/bin/zsh

Signal Handlers:
SIGSEGV: [libjvm.dylib+0x735568], sa_mask[0]=11111111011111110111111111111111, sa_flags=SA_ONSTACK|SA_RESTART|SA_SIGINFO
SIGBUS: [libjvm.dylib+0x735568], sa_mask[0]=11111111011111110111111111111111, sa_flags=SA_RESTART|SA_SIGINFO
SIGFPE: [libjvm.dylib+0x735568], sa_mask[0]=11111111011111110111111111111111, sa_flags=SA_RESTART|SA_SIGINFO
SIGPIPE: [libjvm.dylib+0x5dcfee], sa_mask[0]=11111111011111110111111111111111, sa_flags=SA_RESTART|SA_SIGINFO
SIGXFSZ: [libjvm.dylib+0x5dcfee], sa_mask[0]=11111111011111110111111111111111, sa_flags=SA_RESTART|SA_SIGINFO
SIGILL: [libjvm.dylib+0x735568], sa_mask[0]=11111111011111110111111111111111, sa_flags=SA_RESTART|SA_SIGINFO
SIGUSR2: [libjvm.dylib+0x5dd5d3], sa_mask[0]=00100000000000000000000000000000, sa_flags=SA_RESTART|SA_SIGINFO
SIGHUP: [libjvm.dylib+0x5dc293], sa_mask[0]=11111111011111110111111111111111, sa_flags=SA_RESTART|SA_SIGINFO
SIGINT: [libjvm.dylib+0x5dc293], sa_mask[0]=11111111011111110111111111111111, sa_flags=SA_RESTART|SA_SIGINFO
SIGTERM: [libjvm.dylib+0x5dc293], sa_mask[0]=11111111011111110111111111111111, sa_flags=SA_RESTART|SA_SIGINFO
SIGQUIT: [libjvm.dylib+0x5dc293], sa_mask[0]=11111111011111110111111111111111, sa_flags=SA_RESTART|SA_SIGINFO


---------------  S Y S T E M  ---------------

OS:uname:Darwin 20.4.0 Darwin Kernel Version 20.4.0: Thu Mar 25 07:05:22 PDT 2021; root:xnu-7195.101.1~26/RELEASE_X86_64 x86_64
rlimit: STACK 8192k, CORE 0k, NPROC 11136, NOFILE 10240, AS infinity, DATA infinity, FSIZE infinity
load average:2.07 2.13 2.15

CPU:total 16 (initial active 16) (8 cores per cpu, 2 threads per core) family 6 model 158 stepping 13, cmov, cx8, fxsr, mmx, sse, sse2, sse3, ssse3, sse4.1, sse4.2, popcnt, avx, avx2, aes, clmul, erms, 3dnowpref, lzcnt, ht, tsc, tscinvbit, bmi1, bmi2, adx, fma

Memory: 4k page, physical 67108864k(1000500k free)

vm_info: OpenJDK 64-Bit Server VM (12.0.2+10) for bsd-amd64 JRE (12.0.2+10), built on Jul 16 2019 01:04:04 by "mach5one" with gcc 4.2.1 Compatible Apple LLVM 9.1.0 (clang-902.0.39.2)

END.
