#
# A fatal error has been detected by the Java Runtime Environment:
#
#  SIGSEGV (0xb) at pc=0x0000000112a32515, pid=71031, tid=259
#
# JRE version: OpenJDK Runtime Environment (15.0.2+7) (build 15.0.2+7)
# Java VM: OpenJDK 64-Bit Server VM (15.0.2+7, mixed mode, sharing, tiered, compressed oops, g1 gc, bsd-amd64)
# Problematic frame:
# C  [libglass.dylib+0x9515]  -[GlassApplication applicationWillHide:]+0xd5
#
# No core dump will be written. Core dumps have been disabled. To enable core dumping, try "ulimit -c unlimited" before starting Java again
#
# If you would like to submit a bug report, please visit:
#   https://bugreport.java.com/bugreport/crash.jsp
#

---------------  S U M M A R Y ------------

Command Line: -javaagent:/Applications/IntelliJ IDEA 3.app/Contents/lib/idea_rt.jar=49985:/Applications/IntelliJ IDEA 3.app/Contents/bin -Dfile.encoding=UTF-8 org.jetbrains.plugins.scala.testingSupport.specs2.Specs2Runner @/var/folders/40/32_wnrm92fg5crlxcy6c4rmw0000gn/T/idea_scala_test_runner3049752057296443276.tmp -showProgressMessages true

Host: MacBookPro16,1 x86_64 2300 MHz, 16 cores, 64G, Darwin 20.5.0
Time: Thu May 13 17:54:04 2021 CDT elapsed time: 4.012284 seconds (0d 0h 0m 4s)

---------------  T H R E A D  ---------------

Current thread is native thread

Stack: [0x00007ffee273c000,0x00007ffee2f3c000],  sp=0x00007ffee2f348c0,  free space=8162k
Native frames: (J=compiled Java code, A=aot compiled Java code, j=interpreted, Vv=VM code, C=native code)
C  [libglass.dylib+0x9515]  -[GlassApplication applicationWillHide:]+0xd5
C  [CoreFoundation+0x7710d]  __CFNOTIFICATIONCENTER_IS_CALLING_OUT_TO_AN_OBSERVER__+0xc
C  [CoreFoundation+0x112b6c]  ___CFXRegistrationPost_block_invoke+0x31
C  [CoreFoundation+0x112aea]  _CFXRegistrationPost+0x1c6
C  [CoreFoundation+0x4838e]  _CFXNotificationPost+0x2e0
C  [Foundation+0x9dc8]  -[NSNotificationCenter postNotificationName:object:userInfo:]+0x3b
C  [AppKit+0x2d702d]  -[NSApplication _doHideMaybeFakingIt:]+0x118
C  [AppKit+0x25056b]  _hideShowHandler+0x8b
C  [HIToolbox+0x9dd1]  DispatchEventToHandlers(EventTargetRec*, OpaqueEventRef*, HandlerCallRec*)+0x552
C  [HIToolbox+0x91f3]  SendEventToEventTargetInternal(OpaqueEventRef*, OpaqueEventTargetRef*, HandlerCallRec*)+0x14b
C  [HIToolbox+0x1eab2]  SendEventToEventTarget+0x27
C  [AppKit+0x3ea7e]  _DPSNextEvent+0x6ec
C  [AppKit+0x3cec5]  -[NSApplication(NSEvent) _nextEventMatchingEventMask:untilDate:inMode:dequeue:]+0x554
C  [AppKit+0x2f239]  -[NSApplication run]+0x24a
C  [libosxapp.dylib+0x8789]  +[NSApplicationAWT runAWTLoopWithApp:]+0x99
C  [libawt_lwawt.dylib+0x42e98]  +[AWTStarter starter:headless:]+0x3e8
C  [JavaNativeFoundation+0x977f]  +[JNFRunLoop _performCopiedBlock:]+0xf
C  [Foundation+0x80bc1]  __NSThreadPerformPerform+0xcc
C  [CoreFoundation+0x8197c]  __CFRUNLOOP_IS_CALLING_OUT_TO_A_SOURCE0_PERFORM_FUNCTION__+0x11
C  [CoreFoundation+0x818e4]  __CFRunLoopDoSource0+0xb4
C  [CoreFoundation+0x81664]  __CFRunLoopDoSources0+0xf2
C  [CoreFoundation+0x8008c]  __CFRunLoopRun+0x37d
C  [CoreFoundation+0x7f64c]  CFRunLoopRunSpecific+0x233
C  [libjli.dylib+0xb102]  CreateExecutionEnvironment+0x182
C  [libjli.dylib+0x6d35]  JLI_Launch+0x585
C  [java+0x3c11]  main+0x191
C  [libdyld.dylib+0x15f5d]  start+0x1


siginfo: si_signo: 11 (SIGSEGV), si_code: 1 (SEGV_MAPERR), si_addr: 0x0000000000000000

Registers:
RAX=0x00007fee217859e0, RBX=0x0000000000000000, RCX=0x00007feed200f140, RDX=0x0000000000000000
RSP=0x00007ffee2f348c0, RBP=0x00007ffee2f34cf0, RSI=0x00007feed200f000, RDI=0x00007feed200f138
R8 =0x0000000000000000, R9 =0x00007fff8023b6d0, R10=0x00007fff802389a8, R11=0x00007fff2130ac1e
R12=0x00007fff20366800, R13=0x0000000000000000, R14=0x00007fee21785e90, R15=0x00007fee217859e0
RIP=0x0000000112a32515, EFLAGS=0x0000000000010202, ERR=0x0000000000000004
  TRAPNO=0x000000000000000e

Top of Stack: (sp=0x00007ffee2f348c0)
0x00007ffee2f348c0:   0000000112a324b5 00007fff205b710d
0x00007ffee2f348d0:   00007fff20652b6c 00007fff20652aea
0x00007ffee2f348e0:   00007fff2058838e 00007fff212f6dc8
0x00007ffee2f348f0:   00007fff2305302d 00007fff22fcc56b
0x00007ffee2f34900:   00007fff287d0dd1 00007fff287d01f3
0x00007ffee2f34910:   00007fff287e5ab2 00007fff22dbaa7e
0x00007ffee2f34920:   00007fff22db8ec5 00007fff22dab239
0x00007ffee2f34930:   000000015df80789 000000015df06e98
0x00007ffee2f34940:   00007fff6ea5a77f 00007fff2136dbc1
0x00007ffee2f34950:   00007fff205c197c 00007fff205c18e4
0x00007ffee2f34960:   00007fff205c1664 00007fff205c008c
0x00007ffee2f34970:   00007fff205bf64c 000000010ccdf102
0x00007ffee2f34980:   000000010ccdad35 000000010ccc7c11
0x00007ffee2f34990:   00007fff204e3f5d 00007fff20367fb5
0x00007ffee2f349a0:   00007fff801e2c70 0000000000000000
0x00007ffee2f349b0:   00007ffee2f349e0 00007fff203768f9
0x00007ffee2f349c0:   00007fff801e2d88 00007fff801e2c70
0x00007ffee2f349d0:   0000000000000000 00007fff801e2c70
0x00007ffee2f349e0:   00007ffee2f34a00 00007fff2037688d
0x00007ffee2f349f0:   00007ffffffffff8 00007fff80797008
0x00007ffee2f34a00:   00007ffee2f34a50 00007fff20377039
0x00007ffee2f34a10:   0000000000000000 0000000000000000
0x00007ffee2f34a20:   00007ffee2f34b00 00007ffffffffff8
0x00007ffee2f34a30:   0000000000000000 00007fff2038871d
0x00007ffee2f34a40:   00007ffee2f34a60 00007fff203774a2
0x00007ffee2f34a50:   00007fff2038871d 00007fee216cfbb0
0x00007ffee2f34a60:   00007ffee2f34a80 00007fff20377fdd
0x00007ffee2f34a70:   0000000000000000 00007fff2036758c
0x00007ffee2f34a80:   00007ffee2f35010 00007fff20367bdf
0x00007ffee2f34a90:   0000060700000000 00007fff801e2d88
0x00007ffee2f34aa0:   0000000000000013 0000000000000000
0x00007ffee2f34ab0:   00007ffee2f34b50 00007fff2054802b 

Instructions: (pc=0x0000000112a32515)
0x0000000112a32415:   88 00 00 00 48 8b 05 10 fd 02 00 48 8b 00 48 3b
0x0000000112a32425:   45 d0 75 12 48 81 c4 08 04 00 00 5b 41 5c 41 5d
0x0000000112a32435:   41 5e 41 5f 5d c3 e8 38 52 02 00 55 48 89 e5 41
0x0000000112a32445:   57 41 56 41 55 41 54 53 48 81 ec 08 04 00 00 49
0x0000000112a32455:   89 fe 48 8b 05 d2 fc 02 00 48 8b 00 48 89 45 d0
0x0000000112a32465:   4c 8d 25 dc a5 03 00 49 8b 1c 24 48 85 db 75 78
0x0000000112a32475:   48 8b 05 bc fc 02 00 48 8b 38 48 8d 35 f6 a0 02
0x0000000112a32485:   00 48 8d 15 30 ab 02 00 48 8d 0d 57 a9 02 00 41
0x0000000112a32495:   b8 2d 01 00 00 31 c0 e8 13 52 02 00 4c 8d bd d0
0x0000000112a324a5:   fb ff ff be 80 00 00 00 4c 89 ff e8 e1 51 02 00
0x0000000112a324b5:   89 c3 4c 89 ff 89 de e8 db 51 02 00 49 89 c7 85
0x0000000112a324c5:   db 7e 19 41 89 dd 4c 89 fb 66 90 48 8b 3b e8 68
0x0000000112a324d5:   53 02 00 48 83 c3 08 49 ff cd 75 ef 4c 89 ff e8
0x0000000112a324e5:   d1 51 02 00 49 8b 1c 24 48 8b 3d 6c 93 03 00 48
0x0000000112a324f5:   8b 35 85 81 03 00 4c 8b 25 7e fc 02 00 41 ff d4
0x0000000112a32505:   48 8b 35 9c 81 03 00 48 89 c7 41 ff d4 49 89 c7
0x0000000112a32515:   48 8b 03 4c 8b a8 e8 01 00 00 48 8b 05 5a 96 03
0x0000000112a32525:   00 4d 8b 34 06 48 8b 3d 6f 93 03 00 48 8b 35 90
0x0000000112a32535:   86 03 00 41 ff d4 48 89 c1 31 c0 48 89 df 4c 89
0x0000000112a32545:   f6 48 89 ca 41 ff d5 48 8b 35 75 81 03 00 4c 89
0x0000000112a32555:   ff 41 ff d4 48 8b 03 48 89 df ff 50 78 49 89 c6
0x0000000112a32565:   4d 85 f6 74 3f 48 8b 03 48 89 df ff 90 88 00 00
0x0000000112a32575:   00 4c 8b 03 48 8d 05 d0 a4 03 00 48 8b 30 48 8d
0x0000000112a32585:   05 2e a6 03 00 48 8b 50 50 31 c0 48 89 df 4c 89
0x0000000112a32595:   f1 41 ff 90 68 04 00 00 48 8b 03 48 89 df ff 90
0x0000000112a325a5:   88 00 00 00 48 8b 05 80 fb 02 00 48 8b 00 48 3b
0x0000000112a325b5:   45 d0 75 12 48 81 c4 08 04 00 00 5b 41 5c 41 5d
0x0000000112a325c5:   41 5e 41 5f 5d c3 e8 a8 50 02 00 55 48 89 e5 41
0x0000000112a325d5:   57 41 56 41 55 41 54 53 48 81 ec 08 04 00 00 49
0x0000000112a325e5:   89 fe 48 8b 05 42 fb 02 00 48 8b 00 48 89 45 d0
0x0000000112a325f5:   4c 8d 25 4c a4 03 00 49 8b 1c 24 48 85 db 75 78
0x0000000112a32605:   48 8b 05 2c fb 02 00 48 8b 38 48 8d 35 66 9f 02 



---------------  P R O C E S S  ---------------

VM state: not at safepoint (normal execution)

VM Mutex/Monitor currently owned by a thread: None

Heap address: 0x0000000400000000, size: 16384 MB, Compressed Oops mode: Zero based, Oop shift amount: 3
CDS archive(s) mapped at: [0x0000000800000000-0x0000000800b2f000-0x0000000800b2f000), size 11726848, SharedBaseAddress: 0x0000000800000000, ArchiveRelocationMode: 0.
Compressed class space mapped at: 0x0000000800b30000-0x0000000840b30000, size: 1073741824
Narrow klass base: 0x0000000800000000, Narrow klass shift: 3, Narrow klass range: 0x100000000

GC Precious Log:
 CPUs: 16 total, 16 available
 Memory: 65536M
 Large Page Support: Disabled
 NUMA Support: Disabled
 Compressed Oops: Enabled (Zero based)
 Heap Region Size: 8M
 Heap Min Capacity: 8M
 Heap Initial Capacity: 1G
 Heap Max Capacity: 16G
 Pre-touch: Disabled
 Parallel Workers: 13
 Concurrent Workers: 3
 Concurrent Refinement Workers: 13
 Periodic GC: Disabled

Heap:
 garbage-first heap   total 139264K, used 30146K [0x0000000400000000, 0x0000000800000000)
  region size 8192K, 3 young (24576K), 1 survivors (8192K)
 Metaspace       used 46587K, capacity 46957K, committed 47872K, reserved 1089536K
  class space    used 6694K, capacity 6785K, committed 6912K, reserved 1048576K

Heap Regions: E=young(eden), S=young(survivor), O=old, HS=humongous(starts), HC=humongous(continues), CS=collection set, F=free, OA=open archive, CA=closed archive, TAMS=top-at-mark-start (previous, next)
|   0|0x0000000400000000, 0x00000004006e4800, 0x0000000400800000| 86%| O|  |TAMS 0x00000004006e4800, 0x0000000400000000| Untracked 
|   1|0x0000000400800000, 0x0000000400800000, 0x0000000401000000|  0%| F|  |TAMS 0x0000000400800000, 0x0000000400800000| Untracked 
|   2|0x0000000401000000, 0x0000000401000000, 0x0000000401800000|  0%| F|  |TAMS 0x0000000401000000, 0x0000000401000000| Untracked 
|   3|0x0000000401800000, 0x0000000401800000, 0x0000000402000000|  0%| F|  |TAMS 0x0000000401800000, 0x0000000401800000| Untracked 
|   4|0x0000000402000000, 0x0000000402000000, 0x0000000402800000|  0%| F|  |TAMS 0x0000000402000000, 0x0000000402000000| Untracked 
|   5|0x0000000402800000, 0x0000000402ec2020, 0x0000000403000000| 84%| S|CS|TAMS 0x0000000402800000, 0x0000000402800000| Complete 
|   6|0x0000000403000000, 0x0000000403000000, 0x0000000403800000|  0%| F|  |TAMS 0x0000000403000000, 0x0000000403000000| Untracked 
|   7|0x0000000403800000, 0x0000000403800000, 0x0000000404000000|  0%| F|  |TAMS 0x0000000403800000, 0x0000000403800000| Untracked 
|   8|0x0000000404000000, 0x0000000404000000, 0x0000000404800000|  0%| F|  |TAMS 0x0000000404000000, 0x0000000404000000| Untracked 
|   9|0x0000000404800000, 0x0000000404800000, 0x0000000405000000|  0%| F|  |TAMS 0x0000000404800000, 0x0000000404800000| Untracked 
|  10|0x0000000405000000, 0x0000000405000000, 0x0000000405800000|  0%| F|  |TAMS 0x0000000405000000, 0x0000000405000000| Untracked 
|  11|0x0000000405800000, 0x0000000405800000, 0x0000000406000000|  0%| F|  |TAMS 0x0000000405800000, 0x0000000405800000| Untracked 
|  12|0x0000000406000000, 0x0000000406000000, 0x0000000406800000|  0%| F|  |TAMS 0x0000000406000000, 0x0000000406000000| Untracked 
| 126|0x000000043f000000, 0x000000043f22c668, 0x000000043f800000| 27%| E|  |TAMS 0x000000043f000000, 0x000000043f000000| Complete 
| 127|0x000000043f800000, 0x0000000440000000, 0x0000000440000000|100%| E|CS|TAMS 0x000000043f800000, 0x000000043f800000| Complete 
|1918|0x00000007bf000000, 0x00000007bf751000, 0x00000007bf800000| 91%|OA|  |TAMS 0x00000007bf751000, 0x00000007bf000000| Untracked 
|1919|0x00000007bf800000, 0x00000007bf879000, 0x00000007c0000000|  5%|CA|  |TAMS 0x00000007bf879000, 0x00000007bf800000| Untracked 

Card table byte_map: [0x000000010fffc000,0x0000000111ffc000] _byte_map_base: 0x000000010dffc000

Marking Bits (Prev, Next): (CMBitMap*) 0x00007feed400c010, (CMBitMap*) 0x00007feed400c050
 Prev Bits: [0x00000001343de000, 0x00000001443de000)
 Next Bits: [0x00000001443de000, 0x00000001543de000)

Polling page: 0x000000010dd8d000

Metaspace:

Usage:
  Non-class:     39.23 MB capacity,    38.96 MB (>99%) used,   224.32 KB ( <1%) free+waste,    54.50 KB ( <1%) overhead. 
      Class:      6.63 MB capacity,     6.54 MB ( 99%) used,    68.91 KB (  1%) free+waste,    21.69 KB ( <1%) overhead. 
       Both:     45.86 MB capacity,    45.50 MB (>99%) used,   293.23 KB ( <1%) free+waste,    76.19 KB ( <1%) overhead. 

Virtual space:
  Non-class space:       40.00 MB reserved,      40.00 MB (100%) committed 
      Class space:        1.00 GB reserved,       6.75 MB ( <1%) committed 
             Both:        1.04 GB reserved,      46.75 MB (  4%) committed 

Chunk freelists:
   Non-Class:  644.00 KB
       Class:  31.00 KB
        Both:  675.00 KB

MaxMetaspaceSize: 17179869184.00 GB
CompressedClassSpaceSize: 1.00 GB

CodeHeap 'non-profiled nmethods': size=119168Kb used=2861Kb max_used=2861Kb free=116306Kb
 bounds [0x000000012af7e000, 0x000000012b24e000, 0x00000001323de000]
CodeHeap 'profiled nmethods': size=119164Kb used=11053Kb max_used=11053Kb free=108111Kb
 bounds [0x0000000123b1f000, 0x00000001245ef000, 0x000000012af7e000]
CodeHeap 'non-nmethods': size=7428Kb used=3046Kb max_used=3101Kb free=4381Kb
 bounds [0x00000001233de000, 0x00000001236ee000, 0x0000000123b1f000]
 total_blobs=6661 nmethods=6001 adapters=569
 compilation: enabled
              stopped_count=0, restarted_count=0
 full_count=0

Compilation events (20 events):
Event: 3.941 Thread 0x00007feed4026800 nmethod 6835 0x00000001245e5310 code [0x00000001245e54a0, 0x00000001245e5690]
Event: 3.941 Thread 0x00007fee51808200 6836 %     4       com.sun.javafx.iio.png.PNGImageLoader2::doSubFilter @ 6 (35 bytes)
Event: 3.942 Thread 0x00007fee51808200 nmethod 6836% 0x000000012b241590 code [0x000000012b241700, 0x000000012b241838]
Event: 3.944 Thread 0x00007feed2050c00 6837 %     3       com.sun.javafx.iio.common.SmoothMinifier::putSourceScanline @ 286 (781 bytes)
Event: 3.945 Thread 0x00007feed2050c00 nmethod 6837% 0x00000001245e5790 code [0x00000001245e5aa0, 0x00000001245e7110]
Event: 3.945 Thread 0x00007feed4026800 6838       3       com.sun.javafx.iio.common.SmoothMinifier::putSourceScanline (781 bytes)
Event: 3.947 Thread 0x00007feed4026800 nmethod 6838 0x00000001245e7d10 code [0x00000001245e8000, 0x00000001245e9430]
Event: 3.947 Thread 0x00007feec1824800 6839 %     4       com.sun.javafx.iio.common.SmoothMinifier::putSourceScanline @ 286 (781 bytes)
Event: 3.953 Thread 0x00007fee51808200 6840       4       java.util.Arrays::fill (21 bytes)
Event: 3.955 Thread 0x00007fee51808200 nmethod 6840 0x000000012b241990 code [0x000000012b241b00, 0x000000012b241c78]
Event: 3.957 Thread 0x00007feed38d1200 nmethod 6821 0x000000012b241d90 code [0x000000012b242000, 0x000000012b2445a0]
Event: 3.971 Thread 0x00007feec1824800 nmethod 6839% 0x000000012b245a90 code [0x000000012b245c60, 0x000000012b246d58]
Event: 3.971 Thread 0x00007feec1824800 6841       4       com.sun.javafx.iio.common.SmoothMinifier::putSourceScanline (781 bytes)
Event: 3.994 Thread 0x00007feec1824800 nmethod 6841 0x000000012b247710 code [0x000000012b2478e0, 0x000000012b248a58]
Event: 3.998 Thread 0x00007feec1824800 6842       4       java.lang.invoke.DirectMethodHandle::internalMemberName (8 bytes)
Event: 3.998 Thread 0x00007feed4026800 6843       3       java.lang.invoke.BoundMethodHandle::editor (8 bytes)
Event: 3.999 Thread 0x00007feed4026800 nmethod 6843 0x00000001245e9f10 code [0x00000001245ea0e0, 0x00000001245ea460]
Event: 3.999 Thread 0x00007feec1824800 nmethod 6842 0x000000012b249310 code [0x000000012b249480, 0x000000012b2494f8]
Event: 4.009 Thread 0x00007feed38bda00 6844       3       java.io.UnixFileSystem::isAbsolute (13 bytes)
Event: 4.009 Thread 0x00007feed38bda00 nmethod 6844 0x00000001245ea610 code [0x00000001245ea7a0, 0x00000001245ea930]

GC Heap History (20 events):
Event: 1.345 GC heap before
{Heap before GC invocations=2 (full 0):
 garbage-first heap   total 1064960K, used 65255K [0x0000000400000000, 0x0000000800000000)
  region size 8192K, 8 young (65536K), 1 survivors (8192K)
 Metaspace       used 19113K, capacity 20505K, committed 20992K, reserved 1067008K
  class space    used 2290K, capacity 2457K, committed 2560K, reserved 1048576K
}
Event: 1.347 GC heap after
{Heap after GC invocations=3 (full 0):
 garbage-first heap   total 1064960K, used 16487K [0x0000000400000000, 0x0000000800000000)
  region size 8192K, 1 young (8192K), 1 survivors (8192K)
 Metaspace       used 19113K, capacity 20505K, committed 20992K, reserved 1067008K
  class space    used 2290K, capacity 2457K, committed 2560K, reserved 1048576K
}
Event: 1.369 GC heap before
{Heap before GC invocations=3 (full 0):
 garbage-first heap   total 1064960K, used 16487K [0x0000000400000000, 0x0000000800000000)
  region size 8192K, 2 young (16384K), 1 survivors (8192K)
 Metaspace       used 19622K, capacity 20889K, committed 21248K, reserved 1069056K
  class space    used 2349K, capacity 2521K, committed 2560K, reserved 1048576K
}
Event: 1.370 GC heap after
{Heap after GC invocations=4 (full 0):
 garbage-first heap   total 1064960K, used 16546K [0x0000000400000000, 0x0000000800000000)
  region size 8192K, 1 young (8192K), 1 survivors (8192K)
 Metaspace       used 19622K, capacity 20889K, committed 21248K, reserved 1069056K
  class space    used 2349K, capacity 2521K, committed 2560K, reserved 1048576K
}
Event: 2.076 GC heap before
{Heap before GC invocations=5 (full 0):
 garbage-first heap   total 139264K, used 90274K [0x0000000400000000, 0x0000000800000000)
  region size 8192K, 10 young (81920K), 1 survivors (8192K)
 Metaspace       used 31847K, capacity 32081K, committed 32768K, reserved 1077248K
  class space    used 4209K, capacity 4283K, committed 4352K, reserved 1048576K
}
Event: 2.079 GC heap after
{Heap after GC invocations=6 (full 0):
 garbage-first heap   total 139264K, used 18664K [0x0000000400000000, 0x0000000800000000)
  region size 8192K, 1 young (8192K), 1 survivors (8192K)
 Metaspace       used 31847K, capacity 32081K, committed 32768K, reserved 1077248K
  class space    used 4209K, capacity 4283K, committed 4352K, reserved 1048576K
}
Event: 2.221 GC heap before
{Heap before GC invocations=6 (full 0):
 garbage-first heap   total 139264K, used 26856K [0x0000000400000000, 0x0000000800000000)
  region size 8192K, 3 young (24576K), 1 survivors (8192K)
 Metaspace       used 34943K, capacity 35161K, committed 35840K, reserved 1081344K
  class space    used 4654K, capacity 4711K, committed 4736K, reserved 1048576K
}
Event: 2.224 GC heap after
{Heap after GC invocations=7 (full 0):
 garbage-first heap   total 139264K, used 19571K [0x0000000400000000, 0x0000000800000000)
  region size 8192K, 1 young (8192K), 1 survivors (8192K)
 Metaspace       used 34943K, capacity 35161K, committed 35840K, reserved 1081344K
  class space    used 4654K, capacity 4711K, committed 4736K, reserved 1048576K
}
Event: 2.826 GC heap before
{Heap before GC invocations=8 (full 0):
 garbage-first heap   total 139264K, used 93299K [0x0000000400000000, 0x0000000800000000)
  region size 8192K, 10 young (81920K), 1 survivors (8192K)
 Metaspace       used 38832K, capacity 39186K, committed 39936K, reserved 1083392K
  class space    used 5184K, capacity 5294K, committed 5376K, reserved 1048576K
}
Event: 2.829 GC heap after
{Heap after GC invocations=9 (full 0):
 garbage-first heap   total 139264K, used 20537K [0x0000000400000000, 0x0000000800000000)
  region size 8192K, 1 young (8192K), 1 survivors (8192K)
 Metaspace       used 38832K, capacity 39186K, committed 39936K, reserved 1083392K
  class space    used 5184K, capacity 5294K, committed 5376K, reserved 1048576K
}
Event: 3.084 GC heap before
{Heap before GC invocations=9 (full 0):
 garbage-first heap   total 139264K, used 94265K [0x0000000400000000, 0x0000000800000000)
  region size 8192K, 10 young (81920K), 1 survivors (8192K)
 Metaspace       used 40327K, capacity 40705K, committed 41472K, reserved 1085440K
  class space    used 5497K, capacity 5585K, committed 5632K, reserved 1048576K
}
Event: 3.086 GC heap after
{Heap after GC invocations=10 (full 0):
 garbage-first heap   total 139264K, used 20640K [0x0000000400000000, 0x0000000800000000)
  region size 8192K, 1 young (8192K), 1 survivors (8192K)
 Metaspace       used 40327K, capacity 40705K, committed 41472K, reserved 1085440K
  class space    used 5497K, capacity 5585K, committed 5632K, reserved 1048576K
}
Event: 3.291 GC heap before
{Heap before GC invocations=10 (full 0):
 garbage-first heap   total 139264K, used 94368K [0x0000000400000000, 0x0000000800000000)
  region size 8192K, 10 young (81920K), 1 survivors (8192K)
 Metaspace       used 42018K, capacity 42355K, committed 43008K, reserved 1087488K
  class space    used 5794K, capacity 5879K, committed 5888K, reserved 1048576K
}
Event: 3.294 GC heap after
{Heap after GC invocations=11 (full 0):
 garbage-first heap   total 139264K, used 21046K [0x0000000400000000, 0x0000000800000000)
  region size 8192K, 1 young (8192K), 1 survivors (8192K)
 Metaspace       used 42018K, capacity 42355K, committed 43008K, reserved 1087488K
  class space    used 5794K, capacity 5879K, committed 5888K, reserved 1048576K
}
Event: 3.486 GC heap before
{Heap before GC invocations=11 (full 0):
 garbage-first heap   total 139264K, used 94774K [0x0000000400000000, 0x0000000800000000)
  region size 8192K, 10 young (81920K), 1 survivors (8192K)
 Metaspace       used 43383K, capacity 43737K, committed 44416K, reserved 1087488K
  class space    used 6114K, capacity 6232K, committed 6272K, reserved 1048576K
}
Event: 3.489 GC heap after
{Heap after GC invocations=12 (full 0):
 garbage-first heap   total 139264K, used 21462K [0x0000000400000000, 0x0000000800000000)
  region size 8192K, 1 young (8192K), 1 survivors (8192K)
 Metaspace       used 43383K, capacity 43737K, committed 44416K, reserved 1087488K
  class space    used 6114K, capacity 6232K, committed 6272K, reserved 1048576K
}
Event: 3.713 GC heap before
{Heap before GC invocations=12 (full 0):
 garbage-first heap   total 139264K, used 86998K [0x0000000400000000, 0x0000000800000000)
  region size 8192K, 10 young (81920K), 1 survivors (8192K)
 Metaspace       used 45039K, capacity 45415K, committed 46208K, reserved 1089536K
  class space    used 6417K, capacity 6528K, committed 6528K, reserved 1048576K
}
Event: 3.717 GC heap after
{Heap after GC invocations=13 (full 0):
 garbage-first heap   total 139264K, used 21610K [0x0000000400000000, 0x0000000800000000)
  region size 8192K, 1 young (8192K), 1 survivors (8192K)
 Metaspace       used 45039K, capacity 45415K, committed 46208K, reserved 1089536K
  class space    used 6417K, capacity 6528K, committed 6528K, reserved 1048576K
}
Event: 3.905 GC heap before
{Heap before GC invocations=13 (full 0):
 garbage-first heap   total 139264K, used 95338K [0x0000000400000000, 0x0000000800000000)
  region size 8192K, 10 young (81920K), 1 survivors (8192K)
 Metaspace       used 45941K, capacity 46317K, committed 47232K, reserved 1089536K
  class space    used 6606K, capacity 6721K, committed 6784K, reserved 1048576K
}
Event: 3.908 GC heap after
{Heap after GC invocations=14 (full 0):
 garbage-first heap   total 139264K, used 21954K [0x0000000400000000, 0x0000000800000000)
  region size 8192K, 1 young (8192K), 1 survivors (8192K)
 Metaspace       used 45941K, capacity 46317K, committed 47232K, reserved 1089536K
  class space    used 6606K, capacity 6721K, committed 6784K, reserved 1048576K
}

Deoptimization events (20 events):
Event: 3.979 Thread 0x00007fee91e3ae00 DEOPT PACKING pc=0x00000001245e915d sp=0x00007000081eca40
Event: 3.979 Thread 0x00007fee91e3ae00 DEOPT UNPACKING pc=0x000000012342bf2b sp=0x00007000081ebf30 mode 0
Event: 3.979 Thread 0x00007fee91e3ae00 DEOPT PACKING pc=0x00000001245e915d sp=0x00007000081eca40
Event: 3.979 Thread 0x00007fee91e3ae00 DEOPT UNPACKING pc=0x000000012342bf2b sp=0x00007000081ebf30 mode 0
Event: 3.979 Thread 0x00007fee91e3ae00 DEOPT PACKING pc=0x00000001245e915d sp=0x00007000081eca40
Event: 3.979 Thread 0x00007fee91e3ae00 DEOPT UNPACKING pc=0x000000012342bf2b sp=0x00007000081ebf30 mode 0
Event: 3.979 Thread 0x00007fee91e3ae00 DEOPT PACKING pc=0x00000001245e915d sp=0x00007000081eca40
Event: 3.979 Thread 0x00007fee91e3ae00 DEOPT UNPACKING pc=0x000000012342bf2b sp=0x00007000081ebf30 mode 0
Event: 3.979 Thread 0x00007fee91e3ae00 DEOPT PACKING pc=0x00000001245e915d sp=0x00007000081eca40
Event: 3.979 Thread 0x00007fee91e3ae00 DEOPT UNPACKING pc=0x000000012342bf2b sp=0x00007000081ebf30 mode 0
Event: 3.979 Thread 0x00007fee91e3ae00 DEOPT PACKING pc=0x00000001245e915d sp=0x00007000081eca40
Event: 3.979 Thread 0x00007fee91e3ae00 DEOPT UNPACKING pc=0x000000012342bf2b sp=0x00007000081ebf30 mode 0
Event: 3.979 Thread 0x00007fee91e3ae00 DEOPT PACKING pc=0x00000001245e915d sp=0x00007000081eca40
Event: 3.979 Thread 0x00007fee91e3ae00 DEOPT UNPACKING pc=0x000000012342bf2b sp=0x00007000081ebf30 mode 0
Event: 3.980 Thread 0x00007fee91e3ae00 DEOPT PACKING pc=0x00000001245e915d sp=0x00007000081eca40
Event: 3.980 Thread 0x00007fee91e3ae00 DEOPT UNPACKING pc=0x000000012342bf2b sp=0x00007000081ebf30 mode 0
Event: 3.980 Thread 0x00007fee91e3ae00 DEOPT PACKING pc=0x00000001245e915d sp=0x00007000081eca40
Event: 3.980 Thread 0x00007fee91e3ae00 DEOPT UNPACKING pc=0x000000012342bf2b sp=0x00007000081ebf30 mode 0
Event: 3.980 Thread 0x00007fee91e3ae00 DEOPT PACKING pc=0x00000001245e915d sp=0x00007000081eca40
Event: 3.980 Thread 0x00007fee91e3ae00 DEOPT UNPACKING pc=0x000000012342bf2b sp=0x00007000081ebf30 mode 0

Classes unloaded (0 events):
No events

Classes redefined (0 events):
No events

Internal exceptions (20 events):
Event: 3.643 Thread 0x00007fee92e76200 Exception <a 'sun/nio/fs/UnixException'{0x0000000405493728}> (0x0000000405493728) 
thrown [src/hotspot/share/prims/jni.cpp, line 578]
Event: 3.643 Thread 0x00007feed4485a00 Exception <a 'sun/nio/fs/UnixException'{0x000000040547f038}> (0x000000040547f038) 
thrown [src/hotspot/share/prims/jni.cpp, line 578]
Event: 3.643 Thread 0x00007fee92e74200 Exception <a 'sun/nio/fs/UnixException'{0x0000000405456988}> (0x0000000405456988) 
thrown [src/hotspot/share/prims/jni.cpp, line 578]
Event: 3.643 Thread 0x00007feeb2045600 Exception <a 'sun/nio/fs/UnixException'{0x00000004054e5608}> (0x00000004054e5608) 
thrown [src/hotspot/share/prims/jni.cpp, line 578]
Event: 3.644 Thread 0x00007fee9200c600 Exception <a 'sun/nio/fs/UnixException'{0x00000004054d0f40}> (0x00000004054d0f40) 
thrown [src/hotspot/share/prims/jni.cpp, line 578]
Event: 3.644 Thread 0x00007fee9200c600 Exception <a 'sun/nio/fs/UnixException'{0x00000004054d5720}> (0x00000004054d5720) 
thrown [src/hotspot/share/prims/jni.cpp, line 578]
Event: 3.644 Thread 0x00007fee92e74200 Exception <a 'sun/nio/fs/UnixException'{0x00000004057ea900}> (0x00000004057ea900) 
thrown [src/hotspot/share/prims/jni.cpp, line 578]
Event: 3.644 Thread 0x00007fee92e76200 Exception <a 'sun/nio/fs/UnixException'{0x00000004057fd920}> (0x00000004057fd920) 
thrown [src/hotspot/share/prims/jni.cpp, line 578]
Event: 3.644 Thread 0x00007feed4485a00 Exception <a 'sun/nio/fs/UnixException'{0x00000004048023c0}> (0x00000004048023c0) 
thrown [src/hotspot/share/prims/jni.cpp, line 578]
Event: 3.888 Thread 0x00007feed2008200 Exception <a 'java/net/UnknownHostException'{0x00000004031b6a50}> (0x00000004031b6a50) 
thrown [src/hotspot/share/prims/jni.cpp, line 599]
Event: 3.888 Thread 0x00007feed2008200 Exception <a 'sun/nio/fs/UnixException'{0x00000004031b78e0}> (0x00000004031b78e0) 
thrown [src/hotspot/share/prims/jni.cpp, line 578]
Event: 3.888 Thread 0x00007feed2008200 Exception <a 'sun/nio/fs/UnixException'{0x00000004031b8290}> (0x00000004031b8290) 
thrown [src/hotspot/share/prims/jni.cpp, line 578]
Event: 3.895 Thread 0x00007feed2008200 Exception <a 'sun/nio/fs/UnixException'{0x0000000403267740}> (0x0000000403267740) 
thrown [src/hotspot/share/prims/jni.cpp, line 578]
Event: 3.900 Thread 0x00007fee91e3ae00 Exception <a 'sun/nio/fs/UnixException'{0x000000040338e0b8}> (0x000000040338e0b8) 
thrown [src/hotspot/share/prims/jni.cpp, line 578]
Event: 3.900 Thread 0x00007fee919f4200 Exception <a 'sun/nio/fs/UnixException'{0x0000000403379478}> (0x0000000403379478) 
thrown [src/hotspot/share/prims/jni.cpp, line 578]
Event: 3.900 Thread 0x00007fee91e35c00 Exception <a 'sun/nio/fs/UnixException'{0x000000040335d540}> (0x000000040335d540) 
thrown [src/hotspot/share/prims/jni.cpp, line 578]
Event: 3.988 Thread 0x00007fee91e3ae00 Exception <a 'java/lang/ClassNotFoundException'{0x000000043f2025d8}: sun/awt/resources/spi/awtProvider> (0x000000043f2025d8) 
thrown [src/hotspot/share/classfile/systemDictionary.cpp, line 295]
Event: 3.998 Thread 0x00007fee91e3ae00 Exception <a 'java/io/FileNotFoundException'{0x000000043f20d928}> (0x000000043f20d928) 
thrown [src/hotspot/share/prims/jni.cpp, line 578]
Event: 3.999 Thread 0x00007fee91e3ae00 Exception <a 'java/io/FileNotFoundException'{0x000000043f20f430}> (0x000000043f20f430) 
thrown [src/hotspot/share/prims/jni.cpp, line 578]
Event: 4.002 Thread 0x00007fee91e3ae00 Exception <a 'java/lang/ClassNotFoundException'{0x000000043f2132c8}: sun/awt/resources/spi/awtosxProvider> (0x000000043f2132c8) 
thrown [src/hotspot/share/classfile/systemDictionary.cpp, line 295]

Events (20 events):
Event: 4.009 loading class sun/awt/AWTAccessor$InputEventAccessor done
Event: 4.009 loading class java/awt/event/InputEvent$1 done
Event: 4.009 loading class sun/lwawt/macosx/LWCToolkit$2
Event: 4.009 loading class sun/lwawt/macosx/LWCToolkit$2 done
Event: 4.009 loading class java/awt/Toolkit$DesktopPropertyChangeSupport
Event: 4.009 loading class java/beans/PropertyChangeSupport
Event: 4.009 loading class java/beans/PropertyChangeSupport done
Event: 4.009 loading class java/awt/Toolkit$DesktopPropertyChangeSupport done
Event: 4.010 loading class java/beans/PropertyChangeSupport$PropertyChangeListenerMap
Event: 4.010 loading class java/beans/ChangeListenerMap
Event: 4.010 loading class java/beans/ChangeListenerMap done
Event: 4.010 loading class java/beans/PropertyChangeSupport$PropertyChangeListenerMap done
Event: 4.010 loading class java/beans/PropertyChangeListener
Event: 4.010 loading class java/beans/PropertyChangeListener done
Event: 4.010 loading class sun/awt/SunToolkit$ModalityListenerList
Event: 4.010 loading class sun/awt/ModalityListener
Event: 4.010 loading class sun/awt/ModalityListener done
Event: 4.010 loading class sun/awt/SunToolkit$ModalityListenerList done
Event: 4.010 loading class sun/awt/util/ThreadGroupUtils
Event: 4.010 loading class sun/awt/util/ThreadGroupUtils done


Dynamic libraries:
0x00007fff2a5cb000 	/usr/lib/libz.1.dylib
0x000000010ccd4000 	/usr/local/Cellar/openjdk/15.0.2/libexec/openjdk.jdk/Contents/Home/lib/libjli.dylib
0x00007fff34fbe000 	/System/Library/Frameworks/Cocoa.framework/Versions/A/Cocoa
0x00007fff2234e000 	/System/Library/Frameworks/Security.framework/Versions/A/Security
0x00007fff331cb000 	/System/Library/Frameworks/ApplicationServices.framework/Versions/A/ApplicationServices
0x00007fff2a693000 	/usr/lib/libSystem.B.dylib
0x00007fff2a68d000 	/usr/lib/system/libcache.dylib
0x00007fff2a649000 	/usr/lib/system/libcommonCrypto.dylib
0x00007fff2a673000 	/usr/lib/system/libcompiler_rt.dylib
0x00007fff2a668000 	/usr/lib/system/libcopyfile.dylib
0x00007fff20250000 	/usr/lib/system/libcorecrypto.dylib
0x00007fff2031b000 	/usr/lib/system/libdispatch.dylib
0x00007fff204ce000 	/usr/lib/system/libdyld.dylib
0x00007fff2a684000 	/usr/lib/system/libkeymgr.dylib
0x00007fff2da7f000 	/usr/lib/system/liblaunch.dylib
0x00007fff2a627000 	/usr/lib/system/libmacho.dylib
0x00007fff29e1f000 	/usr/lib/system/libquarantine.dylib
0x00007fff2a681000 	/usr/lib/system/libremovefile.dylib
0x00007fff24d24000 	/usr/lib/system/libsystem_asl.dylib
0x00007fff20200000 	/usr/lib/system/libsystem_blocks.dylib
0x00007fff2039d000 	/usr/lib/system/libsystem_c.dylib
0x00007fff2a67b000 	/usr/lib/system/libsystem_collections.dylib
0x00007fff29125000 	/usr/lib/system/libsystem_configuration.dylib
0x00007fff2840d000 	/usr/lib/system/libsystem_containermanager.dylib
0x00007fff2a3ca000 	/usr/lib/system/libsystem_coreservices.dylib
0x00007fff22903000 	/usr/lib/system/libsystem_darwin.dylib
0x00007fff2a685000 	/usr/lib/system/libsystem_dnssd.dylib
0x00007fff2039a000 	/usr/lib/system/libsystem_featureflags.dylib
0x00007fff20514000 	/usr/lib/system/libsystem_info.dylib
0x00007fff2a5de000 	/usr/lib/system/libsystem_m.dylib
0x00007fff202ee000 	/usr/lib/system/libsystem_malloc.dylib
0x00007fff24cb7000 	/usr/lib/system/libsystem_networkextension.dylib
0x00007fff22d22000 	/usr/lib/system/libsystem_notify.dylib
0x00007fff2ff0e000 	/usr/lib/system/libsystem_product_info_filter.dylib
0x00007fff29129000 	/usr/lib/system/libsystem_sandbox.dylib
0x00007fff2a67e000 	/usr/lib/system/libsystem_secinit.dylib
0x00007fff20492000 	/usr/lib/system/libsystem_kernel.dylib
0x00007fff2050a000 	/usr/lib/system/libsystem_platform.dylib
0x00007fff204c2000 	/usr/lib/system/libsystem_pthread.dylib
0x00007fff263ff000 	/usr/lib/system/libsystem_symptoms.dylib
0x00007fff20238000 	/usr/lib/system/libsystem_trace.dylib
0x00007fff2a655000 	/usr/lib/system/libunwind.dylib
0x00007fff20202000 	/usr/lib/system/libxpc.dylib
0x00007fff2047c000 	/usr/lib/libc++abi.dylib
0x00007fff20360000 	/usr/lib/libobjc.A.dylib
0x00007fff2a660000 	/usr/lib/liboah.dylib
0x00007fff20426000 	/usr/lib/libc++.1.dylib
0x00007fff20540000 	/System/Library/Frameworks/CoreFoundation.framework/Versions/A/CoreFoundation
0x00007fff212ed000 	/System/Library/Frameworks/Foundation.framework/Versions/C/Foundation
0x00007fff22d7c000 	/System/Library/Frameworks/AppKit.framework/Versions/C/AppKit
0x00007fff25c3b000 	/System/Library/Frameworks/CoreData.framework/Versions/A/CoreData
0x00007fff23ac5000 	/System/Library/PrivateFrameworks/UIFoundation.framework/Versions/A/UIFoundation
0x00007fff2fca1000 	/System/Library/PrivateFrameworks/RemoteViewServices.framework/Versions/A/RemoteViewServices
0x00007fff28ad7000 	/System/Library/PrivateFrameworks/XCTTargetBootstrap.framework/Versions/A/XCTTargetBootstrap
0x00007fff2b7bc000 	/usr/lib/libspindump.dylib
0x00007fff23d14000 	/System/Library/Frameworks/UniformTypeIdentifiers.framework/Versions/A/UniformTypeIdentifiers
0x00007fff272d7000 	/usr/lib/libapp_launch_measurement.dylib
0x00007fff272da000 	/System/Library/PrivateFrameworks/CoreAutoLayout.framework/Versions/A/CoreAutoLayout
0x00007fff2843a000 	/System/Library/Frameworks/Metal.framework/Versions/A/Metal
0x00007fff29134000 	/usr/lib/liblangid.dylib
0x00007fff28adb000 	/System/Library/PrivateFrameworks/CoreSVG.framework/Versions/A/CoreSVG
0x00007fff24d53000 	/System/Library/PrivateFrameworks/SkyLight.framework/Versions/A/SkyLight
0x00007fff250b8000 	/System/Library/Frameworks/CoreGraphics.framework/Versions/A/CoreGraphics
0x00007fff301c8000 	/System/Library/Frameworks/Accelerate.framework/Versions/A/Accelerate
0x00007fff2b1fa000 	/System/Library/PrivateFrameworks/IconServices.framework/Versions/A/IconServices
0x00007fff2841e000 	/System/Library/Frameworks/IOSurface.framework/Versions/A/IOSurface
0x00007fff265c3000 	/usr/lib/libDiagnosticMessagesClient.dylib
0x00007fff28ac3000 	/System/Library/PrivateFrameworks/DFRFoundation.framework/Versions/A/DFRFoundation
0x00007fff226a3000 	/usr/lib/libicucore.A.dylib
0x00007fff2cd03000 	/System/Library/Frameworks/AudioToolbox.framework/Versions/A/AudioToolbox
0x00007fff2bf8d000 	/System/Library/PrivateFrameworks/DataDetectorsCore.framework/Versions/A/DataDetectorsCore
0x00007fff24cc7000 	/usr/lib/libMobileGestalt.dylib
0x00007fff287c7000 	/System/Library/Frameworks/Carbon.framework/Versions/A/Frameworks/HIToolbox.framework/Versions/A/HIToolbox
0x00007fff26d1d000 	/System/Library/Frameworks/QuartzCore.framework/Versions/A/QuartzCore
0x00007fff2fcd9000 	/System/Library/Frameworks/Carbon.framework/Versions/A/Frameworks/SpeechRecognition.framework/Versions/A/SpeechRecognition
0x00007fff2703c000 	/System/Library/PrivateFrameworks/CoreUI.framework/Versions/A/CoreUI
0x00007fff21cbd000 	/System/Library/Frameworks/CoreAudio.framework/Versions/A/CoreAudio
0x00007fff266ae000 	/System/Library/Frameworks/DiskArbitration.framework/Versions/A/DiskArbitration
0x00007fff2bb8a000 	/System/Library/PrivateFrameworks/MultitouchSupport.framework/Versions/A/MultitouchSupport
0x00007fff2bf84000 	/System/Library/PrivateFrameworks/InternationalSupport.framework/Versions/A/InternationalSupport
0x00007fff24cc6000 	/usr/lib/libenergytrace.dylib
0x00007fff22c73000 	/System/Library/Frameworks/IOKit.framework/Versions/A/IOKit
0x00007fff3000c000 	/System/Library/Frameworks/CoreServices.framework/Versions/A/CoreServices
0x00007fff27269000 	/System/Library/PrivateFrameworks/PerformanceAnalysis.framework/Versions/A/PerformanceAnalysis
0x00007fff6bab1000 	/System/Library/Frameworks/OpenGL.framework/Versions/A/OpenGL
0x00007fff2c008000 	/System/Library/PrivateFrameworks/UserActivity.framework/Versions/A/UserActivity
0x00007fff25742000 	/System/Library/Frameworks/ColorSync.framework/Versions/A/ColorSync
0x00007fff28d42000 	/System/Library/Frameworks/CoreImage.framework/Versions/A/CoreImage
0x00007fff21ad7000 	/System/Library/Frameworks/CoreText.framework/Versions/A/CoreText
0x00007fff28b05000 	/System/Library/Frameworks/ImageIO.framework/Versions/A/ImageIO
0x00007fff2a699000 	/System/Library/PrivateFrameworks/SoftLinking.framework/Versions/A/SoftLinking
0x00007fff27322000 	/usr/lib/libxml2.2.dylib
0x00007fff2a90a000 	/usr/lib/libcompression.dylib
0x00007fff2beb6000 	/System/Library/PrivateFrameworks/TextureIO.framework/Versions/A/TextureIO
0x00007fff2af39000 	/usr/lib/libate.dylib
0x00007fff2ad1e000 	/usr/lib/liblzma.5.dylib
0x00007fff21001000 	/System/Library/Frameworks/SystemConfiguration.framework/Versions/A/SystemConfiguration
0x00007fff2a695000 	/usr/lib/libfakelink.dylib
0x00007fff24818000 	/System/Library/Frameworks/CFNetwork.framework/Versions/A/CFNetwork
0x00007fff2a7d5000 	/usr/lib/libarchive.2.dylib
0x00007fff2107f000 	/usr/lib/libCRFSuite.dylib
0x00007fff29e46000 	/usr/lib/libbsm.0.dylib
0x00007fff24191000 	/usr/lib/libnetwork.dylib
0x00007fff2a69a000 	/usr/lib/libpcap.A.dylib
0x00007fff263f8000 	/usr/lib/libdns_services.dylib
0x00007fff2ad37000 	/usr/lib/libcoretls_cfhelpers.dylib
0x00007fff2a8d4000 	/usr/lib/libapple_nghttp2.dylib
0x00007fff2a62d000 	/usr/lib/system/libkxld.dylib
0x00007fff26071000 	/usr/lib/libsqlite3.dylib
0x00007fff2a3ad000 	/System/Library/PrivateFrameworks/AppleFSCompression.framework/Versions/A/AppleFSCompression
0x00007fff29e2e000 	/usr/lib/libcoretls.dylib
0x00007fff2a905000 	/usr/lib/libpam.2.dylib
0x00007fff2ae35000 	/usr/lib/libxar.1.dylib
0x00007fff29130000 	/System/Library/PrivateFrameworks/AppleSystemInfo.framework/Versions/A/AppleSystemInfo
0x00007fff29a70000 	/System/Library/PrivateFrameworks/IOMobileFramebuffer.framework/Versions/A/IOMobileFramebuffer
0x00007fff2a3bd000 	/usr/lib/libbz2.1.0.dylib
0x00007fff2a6d2000 	/usr/lib/libiconv.2.dylib
0x00007fff2a626000 	/usr/lib/libcharset.1.dylib
0x00007fff272a5000 	/System/Library/Frameworks/CoreServices.framework/Versions/A/Frameworks/FSEvents.framework/Versions/A/FSEvents
0x00007fff2290d000 	/System/Library/Frameworks/CoreServices.framework/Versions/A/Frameworks/CarbonCore.framework/Versions/A/CarbonCore
0x00007fff26613000 	/System/Library/Frameworks/CoreServices.framework/Versions/A/Frameworks/Metadata.framework/Versions/A/Metadata
0x00007fff2a3cf000 	/System/Library/Frameworks/CoreServices.framework/Versions/A/Frameworks/OSServices.framework/Versions/A/OSServices
0x00007fff2a847000 	/System/Library/Frameworks/CoreServices.framework/Versions/A/Frameworks/SearchKit.framework/Versions/A/SearchKit
0x00007fff26383000 	/System/Library/Frameworks/CoreServices.framework/Versions/A/Frameworks/AE.framework/Versions/A/AE
0x00007fff209de000 	/System/Library/Frameworks/CoreServices.framework/Versions/A/Frameworks/LaunchServices.framework/Versions/A/LaunchServices
0x00007fff2acce000 	/System/Library/Frameworks/CoreServices.framework/Versions/A/Frameworks/DictionaryServices.framework/Versions/A/DictionaryServices
0x00007fff272b2000 	/System/Library/Frameworks/CoreServices.framework/Versions/A/Frameworks/SharedFileList.framework/Versions/A/SharedFileList
0x00007fff29e22000 	/usr/lib/libCheckFix.dylib
0x00007fff24d3b000 	/System/Library/PrivateFrameworks/TCC.framework/Versions/A/TCC
0x00007fff29136000 	/System/Library/PrivateFrameworks/CoreNLP.framework/Versions/A/CoreNLP
0x00007fff265c6000 	/System/Library/PrivateFrameworks/MetadataUtilities.framework/Versions/A/MetadataUtilities
0x00007fff210b4000 	/usr/lib/libmecabra.dylib
0x00007fff2a12c000 	/System/Library/Frameworks/MLCompute.framework/Versions/A/MLCompute
0x00007fff29e57000 	/usr/lib/libmecab.dylib
0x00007fff29ea1000 	/usr/lib/libgermantok.dylib
0x00007fff2a8af000 	/usr/lib/libThaiTokenizer.dylib
0x00007fff2ae70000 	/usr/lib/libChineseTokenizer.dylib
0x00007fff2a903000 	/System/Library/Frameworks/MetalPerformanceShaders.framework/Versions/A/MetalPerformanceShaders
0x00007fff266b5000 	/System/Library/Frameworks/Accelerate.framework/Versions/A/Frameworks/vImage.framework/Versions/A/vImage
0x00007fff2ffe6000 	/System/Library/Frameworks/Accelerate.framework/Versions/A/Frameworks/vecLib.framework/Versions/A/vecLib
0x00007fff2ae7b000 	/System/Library/Frameworks/Accelerate.framework/Versions/A/Frameworks/vecLib.framework/Versions/A/libvMisc.dylib
0x00007fff2988b000 	/System/Library/Frameworks/Accelerate.framework/Versions/A/Frameworks/vecLib.framework/Versions/A/libvDSP.dylib
0x00007fff20ce7000 	/System/Library/Frameworks/Accelerate.framework/Versions/A/Frameworks/vecLib.framework/Versions/A/libBLAS.dylib
0x00007fff2a930000 	/System/Library/Frameworks/Accelerate.framework/Versions/A/Frameworks/vecLib.framework/Versions/A/libLAPACK.dylib
0x00007fff29ea7000 	/System/Library/Frameworks/Accelerate.framework/Versions/A/Frameworks/vecLib.framework/Versions/A/libLinearAlgebra.dylib
0x00007fff2a8ec000 	/System/Library/Frameworks/Accelerate.framework/Versions/A/Frameworks/vecLib.framework/Versions/A/libSparseBLAS.dylib
0x00007fff2a92a000 	/System/Library/Frameworks/Accelerate.framework/Versions/A/Frameworks/vecLib.framework/Versions/A/libQuadrature.dylib
0x00007fff291e2000 	/System/Library/Frameworks/Accelerate.framework/Versions/A/Frameworks/vecLib.framework/Versions/A/libBNNS.dylib
0x00007fff20f92000 	/System/Library/Frameworks/Accelerate.framework/Versions/A/Frameworks/vecLib.framework/Versions/A/libSparse.dylib
0x00007fff290be000 	/System/Library/Frameworks/MetalPerformanceShaders.framework/Versions/A/Frameworks/MPSCore.framework/Versions/A/MPSCore
0x00007fff2a31c000 	/System/Library/Frameworks/MetalPerformanceShaders.framework/Versions/A/Frameworks/MPSImage.framework/Versions/A/MPSImage
0x00007fff29ebd000 	/System/Library/Frameworks/MetalPerformanceShaders.framework/Versions/A/Frameworks/MPSNeuralNetwork.framework/Versions/A/MPSNeuralNetwork
0x00007fff2a28e000 	/System/Library/Frameworks/MetalPerformanceShaders.framework/Versions/A/Frameworks/MPSMatrix.framework/Versions/A/MPSMatrix
0x00007fff2a0dc000 	/System/Library/Frameworks/MetalPerformanceShaders.framework/Versions/A/Frameworks/MPSRayIntersector.framework/Versions/A/MPSRayIntersector
0x00007fff2a2c5000 	/System/Library/Frameworks/MetalPerformanceShaders.framework/Versions/A/Frameworks/MPSNDArray.framework/Versions/A/MPSNDArray
0x00007fff20c13000 	/System/Library/PrivateFrameworks/MetalTools.framework/Versions/A/MetalTools
0x00007fff2912e000 	/System/Library/PrivateFrameworks/AggregateDictionary.framework/Versions/A/AggregateDictionary
0x00007fff26593000 	/System/Library/PrivateFrameworks/CoreAnalytics.framework/Versions/A/CoreAnalytics
0x00007fff2a8b1000 	/System/Library/PrivateFrameworks/AppleSauce.framework/Versions/A/AppleSauce
0x00007fff28430000 	/System/Library/PrivateFrameworks/IOAccelerator.framework/Versions/A/IOAccelerator
0x00007fff6baa5000 	/System/Library/Frameworks/OpenGL.framework/Versions/A/Libraries/libCoreFSCache.dylib
0x00007fff2164c000 	/System/Library/PrivateFrameworks/LanguageModeling.framework/Versions/A/LanguageModeling
0x00007fff29a5e000 	/System/Library/PrivateFrameworks/CoreEmoji.framework/Versions/A/CoreEmoji
0x00007fff291db000 	/System/Library/PrivateFrameworks/LinguisticData.framework/Versions/A/LinguisticData
0x00007fff20f44000 	/System/Library/PrivateFrameworks/Lexicon.framework/Versions/A/Lexicon
0x00007fff2a7c3000 	/usr/lib/libcmph.dylib
0x00007fff27285000 	/System/Library/Frameworks/OpenDirectory.framework/Versions/A/Frameworks/CFOpenDirectory.framework/Versions/A/CFOpenDirectory
0x00007fff27275000 	/System/Library/Frameworks/OpenDirectory.framework/Versions/A/OpenDirectory
0x00007fff2ad39000 	/System/Library/PrivateFrameworks/APFS.framework/Versions/A/APFS
0x00007fff29d84000 	/System/Library/Frameworks/SecurityFoundation.framework/Versions/A/SecurityFoundation
0x00007fff2ae43000 	/usr/lib/libutil.dylib
0x00007fff22c38000 	/System/Library/PrivateFrameworks/CoreServicesStore.framework/Versions/A/CoreServicesStore
0x00007fff29e1a000 	/System/Library/Frameworks/ServiceManagement.framework/Versions/A/ServiceManagement
0x00007fff2ae47000 	/usr/lib/libxslt.1.dylib
0x00007fff29e10000 	/System/Library/PrivateFrameworks/BackgroundTaskManagement.framework/Versions/A/BackgroundTaskManagement
0x00007fff2be00000 	/System/Library/Frameworks/ImageIO.framework/Versions/A/Resources/libRadiance.dylib
0x00007fff2be0a000 	/System/Library/Frameworks/ImageIO.framework/Versions/A/Resources/libJPEG.dylib
0x00007fff2bd54000 	/System/Library/Frameworks/ImageIO.framework/Versions/A/Resources/libPng.dylib
0x00007fff2bd7b000 	/System/Library/Frameworks/ImageIO.framework/Versions/A/Resources/libTIFF.dylib
0x00007fff2be5f000 	/System/Library/Frameworks/ImageIO.framework/Versions/A/Resources/libGIF.dylib
0x00007fff2baa6000 	/System/Library/Frameworks/ImageIO.framework/Versions/A/Resources/libJP2.dylib
0x00007fff2b1c2000 	/usr/lib/libexpat.1.dylib
0x00007fff2ba5c000 	/System/Library/PrivateFrameworks/AppleJPEG.framework/Versions/A/AppleJPEG
0x00007fff28666000 	/System/Library/PrivateFrameworks/FontServices.framework/libFontParser.dylib
0x00007fff2633a000 	/System/Library/PrivateFrameworks/RunningBoardServices.framework/Versions/A/RunningBoardServices
0x00007fff2bb86000 	/System/Library/PrivateFrameworks/WatchdogClient.framework/Versions/A/WatchdogClient
0x00007fff21735000 	/System/Library/Frameworks/CoreDisplay.framework/Versions/A/CoreDisplay
0x00007fff2857b000 	/System/Library/Frameworks/CoreMedia.framework/Versions/A/CoreMedia
0x00007fff27405000 	/System/Library/Frameworks/CoreVideo.framework/Versions/A/CoreVideo
0x00007fff2bbc1000 	/System/Library/Frameworks/VideoToolbox.framework/Versions/A/VideoToolbox
0x00007fff262ba000 	/System/Library/PrivateFrameworks/BaseBoard.framework/Versions/A/BaseBoard
0x00007fff2b306000 	/System/Library/PrivateFrameworks/PersistentConnection.framework/Versions/A/PersistentConnection
0x00007fff2605b000 	/System/Library/PrivateFrameworks/ProtocolBuffer.framework/Versions/A/ProtocolBuffer
0x00007fff262a2000 	/System/Library/PrivateFrameworks/CommonUtilities.framework/Versions/A/CommonUtilities
0x00007fff2ba1f000 	/System/Library/PrivateFrameworks/Bom.framework/Versions/A/Bom
0x00007fff2bdf8000 	/System/Library/PrivateFrameworks/GPUWrangler.framework/Versions/A/GPUWrangler
0x00007fff2bddb000 	/System/Library/PrivateFrameworks/IOPresentment.framework/Versions/A/IOPresentment
0x00007fff2be04000 	/System/Library/PrivateFrameworks/DSExternalDisplay.framework/Versions/A/DSExternalDisplay
0x00007fff2be64000 	/System/Library/PrivateFrameworks/CMCaptureCore.framework/Versions/A/CMCaptureCore
0x00007fff2b7a2000 	/System/Library/PrivateFrameworks/AppServerSupport.framework/Versions/A/AppServerSupport
0x00007fff2d822000 	/System/Library/PrivateFrameworks/perfdata.framework/Versions/A/perfdata
0x00007fff29d73000 	/System/Library/PrivateFrameworks/AssertionServices.framework/Versions/A/AssertionServices
0x00007fff2186c000 	/System/Library/PrivateFrameworks/AudioToolboxCore.framework/Versions/A/AudioToolboxCore
0x00007fff2855e000 	/System/Library/PrivateFrameworks/caulk.framework/Versions/A/caulk
0x00007fff3cc58000 	/System/Library/PrivateFrameworks/SystemPolicy.framework/Versions/A/SystemPolicy
0x00007fff2afd1000 	/usr/lib/libIOReport.dylib
0x00007fff2d05e000 	/usr/lib/libSMC.dylib
0x00007fff2bd20000 	/usr/lib/libAudioToolboxUtility.dylib
0x00007fff3d5b4000 	/usr/lib/libmis.dylib
0x00007fff6bb01000 	/System/Library/Frameworks/OpenGL.framework/Versions/A/Libraries/libGLU.dylib
0x00007fff6bac4000 	/System/Library/Frameworks/OpenGL.framework/Versions/A/Libraries/libGFXShared.dylib
0x00007fff6bcd2000 	/System/Library/Frameworks/OpenGL.framework/Versions/A/Libraries/libGL.dylib
0x00007fff6bacd000 	/System/Library/Frameworks/OpenGL.framework/Versions/A/Libraries/libGLImage.dylib
0x00007fff6bac1000 	/System/Library/Frameworks/OpenGL.framework/Versions/A/Libraries/libCVMSPluginSupport.dylib
0x00007fff6baac000 	/System/Library/Frameworks/OpenGL.framework/Versions/A/Libraries/libCoreVMClient.dylib
0x00007fff6d11c000 	/System/Library/Frameworks/OpenCL.framework/Versions/A/OpenCL
0x00007fff2b32f000 	/System/Library/PrivateFrameworks/GraphVisualizer.framework/Versions/A/GraphVisualizer
0x00007fff2b33e000 	/System/Library/PrivateFrameworks/FaceCore.framework/Versions/A/FaceCore
0x00007fff2b75a000 	/System/Library/PrivateFrameworks/OTSVG.framework/Versions/A/OTSVG
0x00007fff26ffa000 	/System/Library/Frameworks/ApplicationServices.framework/Versions/A/Frameworks/ATS.framework/Versions/A/Resources/libFontRegistry.dylib
0x00007fff2b7a9000 	/System/Library/PrivateFrameworks/FontServices.framework/libhvf.dylib
0x00007fff2b16e000 	/System/Library/PrivateFrameworks/AppleVA.framework/Versions/A/AppleVA
0x00007fff2cea6000 	/System/Library/Frameworks/ApplicationServices.framework/Versions/A/Frameworks/ATS.framework/Versions/A/ATS
0x00007fff2d1b9000 	/System/Library/Frameworks/ApplicationServices.framework/Versions/A/Frameworks/ColorSyncLegacy.framework/Versions/A/ColorSyncLegacy
0x00007fff25839000 	/System/Library/Frameworks/ApplicationServices.framework/Versions/A/Frameworks/HIServices.framework/Versions/A/HIServices
0x00007fff2d19e000 	/System/Library/Frameworks/ApplicationServices.framework/Versions/A/Frameworks/LangAnalysis.framework/Versions/A/LangAnalysis
0x00007fff2be6e000 	/System/Library/Frameworks/ApplicationServices.framework/Versions/A/Frameworks/PrintCore.framework/Versions/A/PrintCore
0x00007fff2d1c1000 	/System/Library/Frameworks/ApplicationServices.framework/Versions/A/Frameworks/QD.framework/Versions/A/QD
0x00007fff2ce96000 	/System/Library/Frameworks/ApplicationServices.framework/Versions/A/Frameworks/SpeechSynthesis.framework/Versions/A/SpeechSynthesis
0x00007fff2be2f000 	/System/Library/Frameworks/ApplicationServices.framework/Versions/A/Frameworks/ATSUI.framework/Versions/A/ATSUI
0x00007fff2d13e000 	/usr/lib/libcups.2.dylib
0x00007fff2d1ae000 	/System/Library/PrivateFrameworks/NetAuth.framework/Versions/A/NetAuth
0x00007fff2d83d000 	/System/Library/Frameworks/Kerberos.framework/Versions/A/Kerberos
0x00007fff2d84d000 	/System/Library/Frameworks/GSS.framework/Versions/A/GSS
0x00007fff2cf13000 	/usr/lib/libresolv.9.dylib
0x00007fff2b7bf000 	/System/Library/PrivateFrameworks/Heimdal.framework/Versions/A/Heimdal
0x00007fff334e0000 	/System/Library/Frameworks/Kerberos.framework/Versions/A/Libraries/libHeimdalProxy.dylib
0x00007fff26407000 	/System/Library/Frameworks/Network.framework/Versions/A/Network
0x00007fff2b1db000 	/usr/lib/libheimdal-asn1.dylib
0x00007fff2d89e000 	/System/Library/PrivateFrameworks/CommonAuth.framework/Versions/A/CommonAuth
0x00007fff27453000 	/System/Library/PrivateFrameworks/login.framework/Versions/A/Frameworks/loginsupport.framework/Versions/A/loginsupport
0x00007fff2ce1d000 	/System/Library/PrivateFrameworks/AudioSession.framework/Versions/A/AudioSession
0x00007fff2ce83000 	/usr/lib/libAudioStatistics.dylib
0x00007fff2b267000 	/System/Library/PrivateFrameworks/MediaExperience.framework/Versions/A/MediaExperience
0x00007fff2ccd1000 	/System/Library/PrivateFrameworks/AudioSession.framework/libSessionUtility.dylib
0x00007fff2d82e000 	/usr/lib/libperfcheck.dylib
0x00007fff2d1cd000 	/System/Library/PrivateFrameworks/AudioResourceArbitration.framework/Versions/A/AudioResourceArbitration
0x00007fff2b1e5000 	/System/Library/PrivateFrameworks/IconFoundation.framework/Versions/A/IconFoundation
0x00007fff2fcc9000 	/System/Library/PrivateFrameworks/SpeechRecognitionCore.framework/Versions/A/SpeechRecognitionCore
0x000000010cd1c000 	/usr/local/Cellar/openjdk/15.0.2/libexec/openjdk.jdk/Contents/Home/lib/server/libjvm.dylib
0x000000010dd7d000 	/usr/local/Cellar/openjdk/15.0.2/libexec/openjdk.jdk/Contents/Home/lib/libjimage.dylib
0x000000010dd8f000 	/usr/local/Cellar/openjdk/15.0.2/libexec/openjdk.jdk/Contents/Home/lib/libinstrument.dylib
0x000000010dda3000 	/usr/local/Cellar/openjdk/15.0.2/libexec/openjdk.jdk/Contents/Home/lib/libjava.dylib
0x00000001128d6000 	/usr/local/Cellar/openjdk/15.0.2/libexec/openjdk.jdk/Contents/Home/lib/libzip.dylib
0x00000001128e6000 	/usr/local/Cellar/openjdk/15.0.2/libexec/openjdk.jdk/Contents/Home/lib/libnio.dylib
0x00000001128fe000 	/usr/local/Cellar/openjdk/15.0.2/libexec/openjdk.jdk/Contents/Home/lib/libnet.dylib
0x000000011291a000 	/usr/local/Cellar/openjdk/15.0.2/libexec/openjdk.jdk/Contents/Home/lib/libextnet.dylib
0x0000000112926000 	/usr/local/Cellar/openjdk/15.0.2/libexec/openjdk.jdk/Contents/Home/lib/libverify.dylib
0x000000011293a000 	/Users/dlieber/.openjfx/cache/11.0.1/libprism_es2.dylib
0x00007fff22bf9000 	/System/Library/PrivateFrameworks/CoreServicesInternal.framework/Versions/A/CoreServicesInternal
0x00007fff6bcdd000 	/System/Library/Frameworks/OpenGL.framework/Versions/A/Resources/GLEngine.bundle/GLEngine
0x00007fff6bb3e000 	/System/Library/Frameworks/OpenGL.framework/Versions/A/Libraries/libGLProgrammability.dylib
0x00007fff5eec4000 	/System/Library/Extensions/AppleIntelKBLGraphicsGLDriver.bundle/Contents/MacOS/AppleIntelKBLGraphicsGLDriver
0x00007fff46354000 	/System/Library/PrivateFrameworks/GPUSupport.framework/Versions/A/Libraries/libGPUSupportMercury.dylib
0x0000000112e1c000 	/System/Library/Extensions/AMDRadeonX6000GLDriver.bundle/Contents/MacOS/AMDRadeonX6000GLDriver
0x00007fff6e0be000 	/System/Library/Extensions/AMDRadeonX6000GLDriver.bundle/Contents/MacOS/ATIRadeonX6000SCLib.dylib
0x00007fff5e134000 	/System/Library/Extensions/AMDShared.bundle/Contents/PlugIns/libSC.dylib
0x00007fff6be5b000 	/System/Library/Frameworks/OpenGL.framework/Versions/A/Resources/GLRendererFloat.bundle/GLRendererFloat
0x0000000112a29000 	/Users/dlieber/.openjfx/cache/11.0.1/libglass.dylib
0x00007fff31050000 	/System/Library/Frameworks/FileProvider.framework/Versions/A/FileProvider
0x00007fff26225000 	/System/Library/Frameworks/Accounts.framework/Versions/A/Accounts
0x00007fff311a0000 	/System/Library/PrivateFrameworks/GenerationalStorage.framework/Versions/A/GenerationalStorage
0x00007fff31b3a000 	/System/Library/PrivateFrameworks/CoreSymbolication.framework/Versions/A/CoreSymbolication
0x00007fff30a70000 	/System/Library/PrivateFrameworks/SymptomDiagnosticReporter.framework/Versions/A/SymptomDiagnosticReporter
0x00007fff23d27000 	/System/Library/PrivateFrameworks/DesktopServicesPriv.framework/Versions/A/DesktopServicesPriv
0x00007fff22d2e000 	/usr/lib/libsandbox.1.dylib
0x00007fff2747e000 	/System/Library/PrivateFrameworks/UserManagement.framework/Versions/A/UserManagement
0x00007fff29d50000 	/System/Library/PrivateFrameworks/MobileKeyBag.framework/Versions/A/MobileKeyBag
0x00007fff34562000 	/System/Library/PrivateFrameworks/ChunkingLibrary.framework/Versions/A/ChunkingLibrary
0x00007fff31afe000 	/System/Library/PrivateFrameworks/DebugSymbols.framework/Versions/A/DebugSymbols
0x00007fff2e261000 	/System/Library/PrivateFrameworks/Sharing.framework/Versions/A/Sharing
0x00007fff32ae2000 	/System/Library/PrivateFrameworks/Apple80211.framework/Versions/A/Apple80211
0x00007fff2a3fd000 	/System/Library/PrivateFrameworks/AuthKit.framework/Versions/A/AuthKit
0x00007fff29b4e000 	/System/Library/PrivateFrameworks/CoreUtils.framework/Versions/A/CoreUtils
0x00007fff29a7b000 	/System/Library/Frameworks/CoreWLAN.framework/Versions/A/CoreWLAN
0x00007fff2e3ad000 	/System/Library/Frameworks/IOBluetooth.framework/Versions/A/IOBluetooth
0x00007fff32b46000 	/System/Library/PrivateFrameworks/CoreWiFi.framework/Versions/A/CoreWiFi
0x00007fff2d924000 	/System/Library/PrivateFrameworks/CorePhoneNumbers.framework/Versions/A/CorePhoneNumbers
0x00007fff30b77000 	/System/Library/PrivateFrameworks/DiskManagement.framework/Versions/A/DiskManagement
0x00007fff30a8d000 	/System/Library/PrivateFrameworks/AppleIDAuthSupport.framework/Versions/A/AppleIDAuthSupport
0x00007fff2d904000 	/System/Library/PrivateFrameworks/KeychainCircle.framework/Versions/A/KeychainCircle
0x00007fff30b43000 	/System/Library/PrivateFrameworks/MediaKit.framework/Versions/A/MediaKit
0x00007fff30a9a000 	/System/Library/Frameworks/DiscRecording.framework/Versions/A/DiscRecording
0x00007fff2b0e2000 	/usr/lib/libCoreStorage.dylib
0x00007fff32f81000 	/usr/lib/libcsfde.dylib
0x00007fff2e4e8000 	/System/Library/PrivateFrameworks/ProtectedCloudStorage.framework/Versions/A/ProtectedCloudStorage
0x00007fff32f79000 	/System/Library/PrivateFrameworks/EFILogin.framework/Versions/A/EFILogin
0x00007fff33593000 	/System/Library/Frameworks/AudioUnit.framework/Versions/A/AudioUnit
0x00007fff30a0a000 	/System/Library/Frameworks/CoreBluetooth.framework/Versions/A/CoreBluetooth
0x00007fff2b0da000 	/usr/lib/libMatch.1.dylib
0x000000015b52f000 	/usr/lib/libobjc-trampolines.dylib
0x00007fff41263000 	/System/Library/Frameworks/Accelerate.framework/Versions/A/Frameworks/vImage.framework/Versions/A/Libraries/libCGInterfaces.dylib
0x00007fff2717d000 	/System/Library/PrivateFrameworks/ViewBridge.framework/Versions/A/ViewBridge
0x00007fff2afd9000 	/System/Library/PrivateFrameworks/CrashReporterSupport.framework/Versions/A/CrashReporterSupport
0x00007fff4798a000 	/System/Library/PrivateFrameworks/OSAnalytics.framework/Versions/A/OSAnalytics
0x00007fff77916000 	/usr/lib/libRosetta.dylib
0x00007fff32f08000 	/System/Library/PrivateFrameworks/RemoteServiceDiscovery.framework/Versions/A/RemoteServiceDiscovery
0x00007fff51628000 	/System/Library/PrivateFrameworks/Symbolication.framework/Versions/A/Symbolication
0x00007fff3d594000 	/System/Library/PrivateFrameworks/MallocStackLogging.framework/Versions/A/MallocStackLogging
0x000000015dd74000 	/usr/local/Cellar/openjdk/15.0.2/libexec/openjdk.jdk/Contents/Home/lib/libawt.dylib
0x000000015de2c000 	/usr/local/Cellar/openjdk/15.0.2/libexec/openjdk.jdk/Contents/Home/lib/libmlib_image.dylib
0x00007fff6ea51000 	/System/Library/Frameworks/JavaNativeFoundation.framework/Versions/A/JavaNativeFoundation
0x00007fff6ea5d000 	/System/Library/Frameworks/JavaRuntimeSupport.framework/Versions/A/JavaRuntimeSupport
0x00007fff3c9a2000 	/System/Library/Frameworks/Carbon.framework/Versions/A/Carbon
0x00007fff36459000 	/System/Library/Frameworks/Carbon.framework/Versions/A/Frameworks/CommonPanels.framework/Versions/A/CommonPanels
0x00007fff32f75000 	/System/Library/Frameworks/Carbon.framework/Versions/A/Frameworks/Help.framework/Versions/A/Help
0x00007fff3645d000 	/System/Library/Frameworks/Carbon.framework/Versions/A/Frameworks/ImageCapture.framework/Versions/A/ImageCapture
0x00007fff3642d000 	/System/Library/Frameworks/Carbon.framework/Versions/A/Frameworks/OpenScripting.framework/Versions/A/OpenScripting
0x00007fff36455000 	/System/Library/Frameworks/Carbon.framework/Versions/A/Frameworks/Ink.framework/Versions/A/Ink
0x00007fff3c99e000 	/System/Library/Frameworks/Carbon.framework/Versions/A/Frameworks/Print.framework/Versions/A/Print
0x00007fff36451000 	/System/Library/Frameworks/Carbon.framework/Versions/A/Frameworks/SecurityHI.framework/Versions/A/SecurityHI
0x000000015dec4000 	/usr/local/Cellar/openjdk/15.0.2/libexec/openjdk.jdk/Contents/Home/lib/libawt_lwawt.dylib
0x000000015df78000 	/usr/local/Cellar/openjdk/15.0.2/libexec/openjdk.jdk/Contents/Home/lib/libosxapp.dylib
0x00007fff3bfbd000 	/System/Library/Frameworks/ExceptionHandling.framework/Versions/A/ExceptionHandling
0x000000015dfa0000 	/usr/local/Cellar/openjdk/15.0.2/libexec/openjdk.jdk/Contents/Home/lib/libfontmanager.dylib
0x000000015e0c4000 	/usr/local/Cellar/openjdk/15.0.2/libexec/openjdk.jdk/Contents/Home/lib/libfreetype.dylib


VM Arguments:
jvm_args: -javaagent:/Applications/IntelliJ IDEA 3.app/Contents/lib/idea_rt.jar=49985:/Applications/IntelliJ IDEA 3.app/Contents/bin -Dfile.encoding=UTF-8 
java_command: org.jetbrains.plugins.scala.testingSupport.specs2.Specs2Runner @/var/folders/40/32_wnrm92fg5crlxcy6c4rmw0000gn/T/idea_scala_test_runner3049752057296443276.tmp -showProgressMessages true
java_class_path (initial): /Users/dlieber/Library/Application Support/JetBrains/IntelliJIdea2021.1/plugins/Scala/lib/runners.jar:/Users/dlieber/dev/ham/fdcluster/target/scala-2.13/test-classes:/Users/dlieber/dev/ham/fdcluster/target/scala-2.13/classes:/Users/dlieber/Library/Caches/Coursier/v1/https/repo1.maven.org/maven2/aopalliance/aopalliance/1.0/aopalliance-1.0.jar:/Users/dlieber/Library/Caches/Coursier/v1/https/repo1.maven.org/maven2/ch/qos/logback/logback-classic/1.2.3/logback-classic-1.2.3.jar:/Users/dlieber/Library/Caches/Coursier/v1/https/repo1.maven.org/maven2/ch/qos/logback/logback-core/1.2.3/logback-core-1.2.3.jar:/Users/dlieber/Library/Caches/Coursier/v1/https/repo1.maven.org/maven2/com/beachape/enumeratum-macros_2.13/1.6.1/enumeratum-macros_2.13-1.6.1.jar:/Users/dlieber/Library/Caches/Coursier/v1/https/repo1.maven.org/maven2/com/beachape/enumeratum_2.13/1.6.1/enumeratum_2.13-1.6.1.jar:/Users/dlieber/Library/Caches/Coursier/v1/https/repo1.maven.org/maven2/com/fasterxml/jackson/core/jackson-annotations/2.10.1/jackson-annotations-2.10.1.jar:/Users/dlieber/Library/Caches/Coursier/v1/https/repo1.maven.org/maven2/com/fasterxml/jackson/core/jackson-core/2.10.1/jackson-core-2.10.1.jar:/Users/dlieber/Library/Caches/Coursier/v1/https/repo1.maven.org/maven2/com/fasterxml/jackson/core/jackson-databind/2.10.1/jackson-databind-2.10.1.jar:/Users/dlieber/Library/Caches/Coursier/v1/https/repo1.maven.org/maven2/com/fasterxml/jackson/datatype/jackson-datatype-jdk8/2.10.1/jackson-datatype-jdk8-2.10.1.jar:/Users/dlieber/Library/Caches/Coursier/v1/https/repo1.maven.org/maven2/com/fasterxml/jackson/datatype/jackson-datatype-jsr310/2.10.1/jackson-datatype-jsr310-2.10.1.jar:/Users/dlieber/Library/Caches/Coursier/v1/https/repo1.maven.org/maven2/com/github/andyglow/typesafe-config-scala_2.13/1.1.0/typesafe-config-scala_2.13-1.1.0.jar:/Users/dlieber/Library/Caches/Coursier/v1/https/repo1.maven.org/maven2/com/github/kxbmap/configs_2.13/0.6.0/configs_2.13-0.6.0.jar:/Users/dlieber/
Launcher Type: SUN_STANDARD

[Global flags]
     intx CICompilerCount                          = 12                                        {product} {ergonomic}
     uint ConcGCThreads                            = 3                                         {product} {ergonomic}
     uint G1ConcRefinementThreads                  = 13                                        {product} {ergonomic}
   size_t G1HeapRegionSize                         = 8388608                                   {product} {ergonomic}
    uintx GCDrainStackTargetSize                   = 64                                        {product} {ergonomic}
   size_t InitialHeapSize                          = 1073741824                                {product} {ergonomic}
   size_t MarkStackSize                            = 4194304                                   {product} {ergonomic}
   size_t MaxHeapSize                              = 17179869184                               {product} {ergonomic}
   size_t MaxNewSize                               = 10301210624                               {product} {ergonomic}
   size_t MinHeapDeltaBytes                        = 8388608                                   {product} {ergonomic}
   size_t MinHeapSize                              = 8388608                                   {product} {ergonomic}
    uintx NonNMethodCodeHeapSize                   = 7602480                                {pd product} {ergonomic}
    uintx NonProfiledCodeHeapSize                  = 122027880                              {pd product} {ergonomic}
    uintx ProfiledCodeHeapSize                     = 122027880                              {pd product} {ergonomic}
    uintx ReservedCodeCacheSize                    = 251658240                              {pd product} {ergonomic}
     bool SegmentedCodeCache                       = true                                      {product} {ergonomic}
   size_t SoftMaxHeapSize                          = 17179869184                            {manageable} {ergonomic}
     bool UseCompressedClassPointers               = true                                 {lp64_product} {ergonomic}
     bool UseCompressedOops                        = true                                 {lp64_product} {ergonomic}
     bool UseG1GC                                  = true                                      {product} {ergonomic}
     bool UseNUMA                                  = false                                     {product} {ergonomic}
     bool UseNUMAInterleaving                      = false                                     {product} {ergonomic}

Logging:
Log output configuration:
 #0: stdout all=warning uptime,level,tags
 #1: stderr all=off uptime,level,tags

Environment Variables:
JAVA_HOME=/Users/dlieber/.sdkman/candidates/java/current
PATH=/opt/local/bin:/opt/local/sbin:/Users/dlieber/.sdkman/candidates/java/current/bin:/usr/local/bin:/usr/bin:/bin:/usr/sbin:/sbin:/usr/local/mysql/bin:/Library/Apple/usr/bin:/Applications/Wireshark.app/Contents/MacOS:/Users/dlieber/.cargo/bin
SHELL=/bin/zsh
DISPLAY=:0
LC_CTYPE=en_US.UTF-8

Signal Handlers:
SIGSEGV: [libjvm.dylib+0xa69a10], sa_mask[0]=11111111011111110111111111111111, sa_flags=SA_ONSTACK|SA_RESTART|SA_SIGINFO
SIGBUS: [libjvm.dylib+0xa69a10], sa_mask[0]=11111111011111110111111111111111, sa_flags=SA_RESTART|SA_SIGINFO
SIGFPE: [libjvm.dylib+0xa69a10], sa_mask[0]=11111111011111110111111111111111, sa_flags=SA_RESTART|SA_SIGINFO
SIGPIPE: [libjvm.dylib+0x82a6b0], sa_mask[0]=11111111011111110111111111111111, sa_flags=SA_RESTART|SA_SIGINFO
SIGXFSZ: [libjvm.dylib+0x82a6b0], sa_mask[0]=11111111011111110111111111111111, sa_flags=SA_RESTART|SA_SIGINFO
SIGILL: [libjvm.dylib+0xa69a10], sa_mask[0]=11111111011111110111111111111111, sa_flags=SA_RESTART|SA_SIGINFO
SIGUSR2: [libjvm.dylib+0x82b150], sa_mask[0]=00100000000000000000000000000000, sa_flags=SA_RESTART|SA_SIGINFO
SIGHUP: [libjvm.dylib+0x8298b0], sa_mask[0]=11111111011111110111111111111111, sa_flags=SA_RESTART|SA_SIGINFO
SIGINT: [libjvm.dylib+0x8298b0], sa_mask[0]=11111111011111110111111111111111, sa_flags=SA_RESTART|SA_SIGINFO
SIGTERM: [libjvm.dylib+0x8298b0], sa_mask[0]=11111111011111110111111111111111, sa_flags=SA_RESTART|SA_SIGINFO
SIGQUIT: [libjvm.dylib+0x8298b0], sa_mask[0]=11111111011111110111111111111111, sa_flags=SA_RESTART|SA_SIGINFO


---------------  S Y S T E M  ---------------

OS:uname: Darwin 20.5.0 Darwin Kernel Version 20.5.0: Tue May  4 22:32:58 PDT 2021; root:xnu-7195.121.3~4/RELEASE_X86_64 x86_64
OS uptime: 1 days 22:09 hours
rlimit (soft/hard): STACK 8192k/65532k , CORE 0k/infinity , NPROC 11136/16704 , NOFILE 10240/infinity , AS infinity/infinity , CPU infinity/infinity , DATA infinity/infinity , FSIZE infinity/infinity , MEMLOCK infinity/infinity , RSS infinity/infinity
load average: 2.41 2.54 2.74

CPU: total 16 (initial active 16) (8 cores per cpu, 2 threads per core) family 6 model 158 stepping 13 microcode 0xea, cmov, cx8, fxsr, mmx, sse, sse2, sse3, ssse3, sse4.1, sse4.2, popcnt, vzeroupper, avx, avx2, aes, clmul, erms, 3dnowpref, lzcnt, ht, tsc, tscinvbit, bmi1, bmi2, adx, fma, clflush, clflushopt

Memory: 4k page, physical 67108864k(347236k free), swap 0k(0k free)

vm_info: OpenJDK 64-Bit Server VM (15.0.2+7) for bsd-amd64 JRE (15.0.2+7), built on Mar  2 2021 04:52:02 by "brew" with clang Apple LLVM 12.0.0 (clang-1200.0.32.29)

END.
