#
# A fatal error has been detected by the Java Runtime Environment:
#
#  SIGSEGV (0xb) at pc=0x000000014e895515, pid=21532, tid=259
#
# JRE version: OpenJDK Runtime Environment (15.0.2+7) (build 15.0.2+7)
# Java VM: OpenJDK 64-Bit Server VM (15.0.2+7, mixed mode, sharing, tiered, compressed oops, g1 gc, bsd-amd64)
# Problematic frame:
# C  [libglass.dylib+0x9515]  -[GlassApplication applicationWillHide:]+0xd5
#
# No core dump will be written. Core dumps have been disabled. To enable core dumping, try "ulimit -c unlimited" before starting Java again
#
# If you would like to submit a bug report, please visit:
#   https://bugreport.java.com/bugreport/crash.jsp
#

---------------  S U M M A R Y ------------

Command Line: -javaagent:/Applications/IntelliJ IDEA 3.app/Contents/lib/idea_rt.jar=52141:/Applications/IntelliJ IDEA 3.app/Contents/bin -Dfile.encoding=UTF-8 org.jetbrains.plugins.scala.testingSupport.specs2.Specs2Runner -s org.wa9nnn.fdcluster.model.AllContestRulesSpec -showProgressMessages true

Host: MacBookPro16,1 x86_64 2300 MHz, 16 cores, 64G, Darwin 20.5.0
Time: Fri May  7 18:31:44 2021 CDT elapsed time: 1.655924 seconds (0d 0h 0m 1s)

---------------  T H R E A D  ---------------

Current thread is native thread

Stack: [0x00007ffeec43f000,0x00007ffeecc3f000],  sp=0x00007ffeecc37920,  free space=8162k
Native frames: (J=compiled Java code, A=aot compiled Java code, j=interpreted, Vv=VM code, C=native code)
C  [libglass.dylib+0x9515]  -[GlassApplication applicationWillHide:]+0xd5
C  [CoreFoundation+0x7710d]  __CFNOTIFICATIONCENTER_IS_CALLING_OUT_TO_AN_OBSERVER__+0xc
C  [CoreFoundation+0x112b6c]  ___CFXRegistrationPost_block_invoke+0x31
C  [CoreFoundation+0x112aea]  _CFXRegistrationPost+0x1c6
C  [CoreFoundation+0x4838e]  _CFXNotificationPost+0x2e0
C  [Foundation+0x9dc8]  -[NSNotificationCenter postNotificationName:object:userInfo:]+0x3b
C  [AppKit+0x2d6d8d]  -[NSApplication _doHideMaybeFakingIt:]+0x118
C  [AppKit+0x2502f7]  _hideShowHandler+0x8b
C  [HIToolbox+0x9de1]  DispatchEventToHandlers(EventTargetRec*, OpaqueEventRef*, HandlerCallRec*)+0x552
C  [HIToolbox+0x9203]  SendEventToEventTargetInternal(OpaqueEventRef*, OpaqueEventTargetRef*, HandlerCallRec*)+0x14b
C  [HIToolbox+0x1eab2]  SendEventToEventTarget+0x27
C  [AppKit+0x3e97e]  _DPSNextEvent+0x6ec
C  [AppKit+0x3cdc5]  -[NSApplication(NSEvent) _nextEventMatchingEventMask:untilDate:inMode:dequeue:]+0x554
C  [AppKit+0x2f139]  -[NSApplication run]+0x24a
C  [libosxapp.dylib+0x8789]  +[NSApplicationAWT runAWTLoopWithApp:]+0x99
C  [libawt_lwawt.dylib+0x42e98]  +[AWTStarter starter:headless:]+0x3e8
C  [JavaNativeFoundation+0x977f]  +[JNFRunLoop _performCopiedBlock:]+0xf
C  [Foundation+0x80bc1]  __NSThreadPerformPerform+0xcc
C  [CoreFoundation+0x8197c]  __CFRUNLOOP_IS_CALLING_OUT_TO_A_SOURCE0_PERFORM_FUNCTION__+0x11
C  [CoreFoundation+0x818e4]  __CFRunLoopDoSource0+0xb4
C  [CoreFoundation+0x81664]  __CFRunLoopDoSources0+0xf2
C  [CoreFoundation+0x8008c]  __CFRunLoopRun+0x37d
C  [CoreFoundation+0x7f64c]  CFRunLoopRunSpecific+0x233
C  [libjli.dylib+0xb102]  CreateExecutionEnvironment+0x182
C  [libjli.dylib+0x6d35]  JLI_Launch+0x585
C  [java+0x3c11]  main+0x191
C  [libdyld.dylib+0x15f3d]  start+0x1


siginfo: si_signo: 11 (SIGSEGV), si_code: 1 (SEGV_MAPERR), si_addr: 0x0000000000000000

Registers:
RAX=0x00007ffa24cee4a0, RBX=0x0000000000000000, RCX=0x00007ffa3500a088, RDX=0x0000000000000000
RSP=0x00007ffeecc37920, RBP=0x00007ffeecc37d50, RSI=0x00007ffa3500a000, RDI=0x00007ffa3500a080
R8 =0x0000000000000000, R9 =0x00007fff801c76e0, R10=0x00007fff801c49b8, R11=0x00007fff21296c1e
R12=0x00007fff202f2800, R13=0x0000000000000000, R14=0x00007ffa14c663e0, R15=0x00007ffa24cee4a0
RIP=0x000000014e895515, EFLAGS=0x0000000000010202, ERR=0x0000000000000004
  TRAPNO=0x000000000000000e

Top of Stack: (sp=0x00007ffeecc37920)
0x00007ffeecc37920:   000000014e8954b5 00007fff2054310d
0x00007ffeecc37930:   00007fff205deb6c 00007fff205deaea
0x00007ffeecc37940:   00007fff2051438e 00007fff21282dc8
0x00007ffeecc37950:   00007fff22fded8d 00007fff22f582f7
0x00007ffeecc37960:   00007fff2874bde1 00007fff2874b203
0x00007ffeecc37970:   00007fff28760ab2 00007fff22d4697e
0x00007ffeecc37980:   00007fff22d44dc5 00007fff22d37139
0x00007ffeecc37990:   00000001531a8789 000000015312ee98
0x00007ffeecc379a0:   00007fff6e9bc77f 00007fff212f9bc1
0x00007ffeecc379b0:   00007fff2054d97c 00007fff2054d8e4
0x00007ffeecc379c0:   00007fff2054d664 00007fff2054c08c
0x00007ffeecc379d0:   00007fff2054b64c 0000000102fdb102
0x00007ffeecc379e0:   0000000102fd6d35 0000000102fc4c11
0x00007ffeecc379f0:   00007fff2046ff3d 00007fff202f3fb5
0x00007ffeecc37a00:   00007fff8016ec70 0000000000000000
0x00007ffeecc37a10:   00007ffeecc37a40 00007fff203028f9
0x00007ffeecc37a20:   00007fff8016ed88 00007fff8016ec70
0x00007ffeecc37a30:   0000000000000000 00007fff8016ec70
0x00007ffeecc37a40:   00007ffeecc37a60 00007fff2030288d
0x00007ffeecc37a50:   00007ffffffffff8 00007fff80723088
0x00007ffeecc37a60:   00007ffeecc37ab0 00007fff20303039
0x00007ffeecc37a70:   0000000100000000 0000000000000000
0x00007ffeecc37a80:   000000043ff8a4b0 00007ffffffffff8
0x00007ffeecc37a90:   0000000000000000 00007fff2031471d
0x00007ffeecc37aa0:   00007ffeecc37ac0 00007fff203034a2
0x00007ffeecc37ab0:   00007fff2031471d 00007ffa36a07670
0x00007ffeecc37ac0:   00007ffeecc37ae0 00007fff20303fdd
0x00007ffeecc37ad0:   0000000000000000 00007fff202f358c
0x00007ffeecc37ae0:   00007ffeecc38070 00007fff202f3bdf
0x00007ffeecc37af0:   00007ffeecc37c90 00007fff8016ed88
0x00007ffeecc37b00:   0000000000000013 0000000000000000
0x00007ffeecc37b10:   00007ffeecc37bb0 00007fff204d402b 

Instructions: (pc=0x000000014e895515)
0x000000014e895415:   88 00 00 00 48 8b 05 10 fd 02 00 48 8b 00 48 3b
0x000000014e895425:   45 d0 75 12 48 81 c4 08 04 00 00 5b 41 5c 41 5d
0x000000014e895435:   41 5e 41 5f 5d c3 e8 38 52 02 00 55 48 89 e5 41
0x000000014e895445:   57 41 56 41 55 41 54 53 48 81 ec 08 04 00 00 49
0x000000014e895455:   89 fe 48 8b 05 d2 fc 02 00 48 8b 00 48 89 45 d0
0x000000014e895465:   4c 8d 25 dc a5 03 00 49 8b 1c 24 48 85 db 75 78
0x000000014e895475:   48 8b 05 bc fc 02 00 48 8b 38 48 8d 35 f6 a0 02
0x000000014e895485:   00 48 8d 15 30 ab 02 00 48 8d 0d 57 a9 02 00 41
0x000000014e895495:   b8 2d 01 00 00 31 c0 e8 13 52 02 00 4c 8d bd d0
0x000000014e8954a5:   fb ff ff be 80 00 00 00 4c 89 ff e8 e1 51 02 00
0x000000014e8954b5:   89 c3 4c 89 ff 89 de e8 db 51 02 00 49 89 c7 85
0x000000014e8954c5:   db 7e 19 41 89 dd 4c 89 fb 66 90 48 8b 3b e8 68
0x000000014e8954d5:   53 02 00 48 83 c3 08 49 ff cd 75 ef 4c 89 ff e8
0x000000014e8954e5:   d1 51 02 00 49 8b 1c 24 48 8b 3d 6c 93 03 00 48
0x000000014e8954f5:   8b 35 85 81 03 00 4c 8b 25 7e fc 02 00 41 ff d4
0x000000014e895505:   48 8b 35 9c 81 03 00 48 89 c7 41 ff d4 49 89 c7
0x000000014e895515:   48 8b 03 4c 8b a8 e8 01 00 00 48 8b 05 5a 96 03
0x000000014e895525:   00 4d 8b 34 06 48 8b 3d 6f 93 03 00 48 8b 35 90
0x000000014e895535:   86 03 00 41 ff d4 48 89 c1 31 c0 48 89 df 4c 89
0x000000014e895545:   f6 48 89 ca 41 ff d5 48 8b 35 75 81 03 00 4c 89
0x000000014e895555:   ff 41 ff d4 48 8b 03 48 89 df ff 50 78 49 89 c6
0x000000014e895565:   4d 85 f6 74 3f 48 8b 03 48 89 df ff 90 88 00 00
0x000000014e895575:   00 4c 8b 03 48 8d 05 d0 a4 03 00 48 8b 30 48 8d
0x000000014e895585:   05 2e a6 03 00 48 8b 50 50 31 c0 48 89 df 4c 89
0x000000014e895595:   f1 41 ff 90 68 04 00 00 48 8b 03 48 89 df ff 90
0x000000014e8955a5:   88 00 00 00 48 8b 05 80 fb 02 00 48 8b 00 48 3b
0x000000014e8955b5:   45 d0 75 12 48 81 c4 08 04 00 00 5b 41 5c 41 5d
0x000000014e8955c5:   41 5e 41 5f 5d c3 e8 a8 50 02 00 55 48 89 e5 41
0x000000014e8955d5:   57 41 56 41 55 41 54 53 48 81 ec 08 04 00 00 49
0x000000014e8955e5:   89 fe 48 8b 05 42 fb 02 00 48 8b 00 48 89 45 d0
0x000000014e8955f5:   4c 8d 25 4c a4 03 00 49 8b 1c 24 48 85 db 75 78
0x000000014e895605:   48 8b 05 2c fb 02 00 48 8b 38 48 8d 35 66 9f 02 



---------------  P R O C E S S  ---------------

VM state: not at safepoint (normal execution)

VM Mutex/Monitor currently owned by a thread:  ([mutex/lock_event])
[0x00007ffa36d0b1c0] Compile_lock - owner thread: 0x00007ffa378e8000
[0x00007ffa36d0b4f0] MethodCompileQueue_lock - owner thread: 0x00007ffa378e8000

Heap address: 0x0000000400000000, size: 16384 MB, Compressed Oops mode: Zero based, Oop shift amount: 3
CDS archive(s) mapped at: [0x0000000800000000-0x0000000800b2f000-0x0000000800b2f000), size 11726848, SharedBaseAddress: 0x0000000800000000, ArchiveRelocationMode: 0.
Compressed class space mapped at: 0x0000000800b30000-0x0000000840b30000, size: 1073741824
Narrow klass base: 0x0000000800000000, Narrow klass shift: 3, Narrow klass range: 0x100000000

GC Precious Log:
 CPUs: 16 total, 16 available
 Memory: 65536M
 Large Page Support: Disabled
 NUMA Support: Disabled
 Compressed Oops: Enabled (Zero based)
 Heap Region Size: 8M
 Heap Min Capacity: 8M
 Heap Initial Capacity: 1G
 Heap Max Capacity: 16G
 Pre-touch: Disabled
 Parallel Workers: 13
 Concurrent Workers: 3
 Concurrent Refinement Workers: 13
 Periodic GC: Disabled

Heap:
 garbage-first heap   total 139264K, used 50506K [0x0000000400000000, 0x0000000800000000)
  region size 8192K, 6 young (49152K), 1 survivors (8192K)
 Metaspace       used 27559K, capacity 27801K, committed 28416K, reserved 1075200K
  class space    used 3364K, capacity 3460K, committed 3584K, reserved 1048576K

Heap Regions: E=young(eden), S=young(survivor), O=old, HS=humongous(starts), HC=humongous(continues), CS=collection set, F=free, OA=open archive, CA=closed archive, TAMS=top-at-mark-start (previous, next)
|   0|0x0000000400000000, 0x000000040071d400, 0x0000000400800000| 88%| O|  |TAMS 0x0000000400000000, 0x0000000400000000| Untracked 
|   1|0x0000000400800000, 0x0000000400800000, 0x0000000401000000|  0%| F|  |TAMS 0x0000000400800000, 0x0000000400800000| Untracked 
|   2|0x0000000401000000, 0x0000000401000000, 0x0000000401800000|  0%| F|  |TAMS 0x0000000401000000, 0x0000000401000000| Untracked 
|   3|0x0000000401800000, 0x0000000401800000, 0x0000000402000000|  0%| F|  |TAMS 0x0000000401800000, 0x0000000401800000| Untracked 
|   4|0x0000000402000000, 0x0000000402000000, 0x0000000402800000|  0%| F|  |TAMS 0x0000000402000000, 0x0000000402000000| Untracked 
|   5|0x0000000402800000, 0x0000000402800000, 0x0000000403000000|  0%| F|  |TAMS 0x0000000402800000, 0x0000000402800000| Untracked 
|   6|0x0000000403000000, 0x0000000403000000, 0x0000000403800000|  0%| F|  |TAMS 0x0000000403000000, 0x0000000403000000| Untracked 
|   7|0x0000000403800000, 0x0000000403800000, 0x0000000404000000|  0%| F|  |TAMS 0x0000000403800000, 0x0000000403800000| Untracked 
|   8|0x0000000404000000, 0x0000000404000000, 0x0000000404800000|  0%| F|  |TAMS 0x0000000404000000, 0x0000000404000000| Untracked 
|   9|0x0000000404800000, 0x00000004049bb318, 0x0000000405000000| 21%| E|  |TAMS 0x0000000404800000, 0x0000000404800000| Complete 
|  10|0x0000000405000000, 0x0000000405800000, 0x0000000405800000|100%| E|CS|TAMS 0x0000000405000000, 0x0000000405000000| Complete 
|  11|0x0000000405800000, 0x0000000406000000, 0x0000000406000000|100%| E|CS|TAMS 0x0000000405800000, 0x0000000405800000| Complete 
|  12|0x0000000406000000, 0x0000000406800000, 0x0000000406800000|100%| E|CS|TAMS 0x0000000406000000, 0x0000000406000000| Complete 
| 123|0x000000043d800000, 0x000000043da6b690, 0x000000043e000000| 30%| S|CS|TAMS 0x000000043d800000, 0x000000043d800000| Complete 
| 127|0x000000043f800000, 0x0000000440000000, 0x0000000440000000|100%| E|CS|TAMS 0x000000043f800000, 0x000000043f800000| Complete 
|1918|0x00000007bf000000, 0x00000007bf751000, 0x00000007bf800000| 91%|OA|  |TAMS 0x00000007bf751000, 0x00000007bf000000| Untracked 
|1919|0x00000007bf800000, 0x00000007bf879000, 0x00000007c0000000|  5%|CA|  |TAMS 0x00000007bf879000, 0x00000007bf800000| Untracked 

Card table byte_map: [0x00000001062f9000,0x00000001082f9000] _byte_map_base: 0x00000001042f9000

Marking Bits (Prev, Next): (CMBitMap*) 0x00007ffa40009250, (CMBitMap*) 0x00007ffa40009210
 Prev Bits: [0x0000000139bde000, 0x0000000149bde000)
 Next Bits: [0x0000000129bde000, 0x0000000139bde000)

Polling page: 0x000000010408a000

Metaspace:

Usage:
  Non-class:     23.77 MB capacity,    23.63 MB (>99%) used,   115.11 KB ( <1%) free+waste,    31.25 KB ( <1%) overhead. 
      Class:      3.38 MB capacity,     3.29 MB ( 97%) used,    83.67 KB (  2%) free+waste,    11.56 KB ( <1%) overhead. 
       Both:     27.15 MB capacity,    26.91 MB (>99%) used,   198.78 KB ( <1%) free+waste,    42.81 KB ( <1%) overhead. 

Virtual space:
  Non-class space:       26.00 MB reserved,      24.25 MB ( 93%) committed 
      Class space:        1.00 GB reserved,       3.50 MB ( <1%) committed 
             Both:        1.03 GB reserved,      27.75 MB (  3%) committed 

Chunk freelists:
   Non-Class:  379.00 KB
       Class:  28.00 KB
        Both:  407.00 KB

MaxMetaspaceSize: 17179869184.00 GB
CompressedClassSpaceSize: 1.00 GB

CodeHeap 'non-profiled nmethods': size=119168Kb used=1063Kb max_used=1063Kb free=118104Kb
 bounds [0x000000012277e000, 0x00000001229ee000, 0x0000000129bde000]
CodeHeap 'profiled nmethods': size=119164Kb used=5348Kb max_used=5348Kb free=113815Kb
 bounds [0x000000011b31f000, 0x000000011b85f000, 0x000000012277e000]
CodeHeap 'non-nmethods': size=7428Kb used=2996Kb max_used=3100Kb free=4431Kb
 bounds [0x000000011abde000, 0x000000011aeee000, 0x000000011b31f000]
 total_blobs=3214 nmethods=2613 adapters=511
 compilation: enabled
              stopped_count=0, restarted_count=0
 full_count=0

Compilation events (20 events):
Event: 1.655 Thread 0x00007ffa37820800 nmethod 2579 0x000000011b83ef10 code [0x000000011b83f0a0, 0x000000011b83f250]
Event: 1.655 Thread 0x00007ffa37820800 2580       3       java.util.concurrent.locks.AbstractQueuedSynchronizer$ConditionObject::enableWait (84 bytes)
Event: 1.655 Thread 0x00007ffa35040600 nmethod 2570 0x000000011b83f310 code [0x000000011b83f640, 0x000000011b840c30]
Event: 1.655 Thread 0x00007ff9f5009800 nmethod 2532 0x0000000122885c90 code [0x0000000122885e20, 0x00000001228861b8]
Event: 1.655 Thread 0x00007ffa378d9000 nmethod 2578 0x000000011b841310 code [0x000000011b841600, 0x000000011b8425e0]
Event: 1.655 Thread 0x00007ffa35040600 2576       3       java.util.concurrent.LinkedBlockingQueue$Node::<init> (10 bytes)
Event: 1.655 Thread 0x00007ff9f5009800 2559       4       java.util.regex.Pattern$BmpCharProperty::match (55 bytes)
Event: 1.655 Thread 0x00007ffa37820800 nmethod 2580 0x000000011b842c10 code [0x000000011b842e20, 0x000000011b8435a0]
Event: 1.655 Thread 0x00007ffa378d9000 2582       3       java.util.concurrent.LinkedBlockingQueue::enqueue (14 bytes)
Event: 1.655 Thread 0x00007ffa37820800 2583       3       java.util.concurrent.LinkedBlockingQueue::dequeue (32 bytes)
Event: 1.655 Thread 0x00007ffa35040600 nmethod 2576 0x000000011b843810 code [0x000000011b8439a0, 0x000000011b843b50]
Event: 1.655 Thread 0x00007ffa35040600 2584       3       java.util.concurrent.atomic.AtomicInteger::getAndDecrement (12 bytes)
Event: 1.655 Thread 0x00007ffa378d9000 nmethod 2582 0x000000011b843c10 code [0x000000011b843da0, 0x000000011b843f70]
Event: 1.655 Thread 0x00007ffa37820800 nmethod 2583 0x000000011b844010 code [0x000000011b8441a0, 0x000000011b8443b0]
Event: 1.655 Thread 0x00007ffa378d9000 2585   !   3       java.util.concurrent.LinkedBlockingQueue::offer (131 bytes)
Event: 1.655 Thread 0x00007ffa37820800 2586       3       java.util.concurrent.locks.AbstractQueuedSynchronizer::acquire (20 bytes)
Event: 1.655 Thread 0x00007ffa35040600 nmethod 2584 0x000000011b844490 code [0x000000011b844620, 0x000000011b844730]
Event: 1.655 Thread 0x00007ffa35040600 2588       3       java.util.concurrent.locks.AbstractQueuedSynchronizer::enqueue (60 bytes)
Event: 1.655 Thread 0x00007ffa37820800 nmethod 2586 0x000000011b844790 code [0x000000011b844940, 0x000000011b844bb0]
Event: 1.655 Thread 0x00007ffa37820800 2590       3       java.util.concurrent.locks.AbstractQueuedSynchronizer$ConditionNode::block (15 bytes)

GC Heap History (4 events):
Event: 0.982 GC heap before
{Heap before GC invocations=0 (full 0):
 garbage-first heap   total 1064960K, used 57128K [0x0000000400000000, 0x0000000800000000)
  region size 8192K, 6 young (49152K), 0 survivors (0K)
 Metaspace       used 13014K, capacity 14995K, committed 15360K, reserved 1062912K
  class space    used 1466K, capacity 1667K, committed 1792K, reserved 1048576K
}
Event: 0.987 GC heap after
{Heap after GC invocations=1 (full 0):
 garbage-first heap   total 1064960K, used 15344K [0x0000000400000000, 0x0000000800000000)
  region size 8192K, 1 young (8192K), 1 survivors (8192K)
 Metaspace       used 13014K, capacity 14995K, committed 15360K, reserved 1062912K
  class space    used 1466K, capacity 1667K, committed 1792K, reserved 1048576K
}
Event: 1.362 GC heap before
{Heap before GC invocations=1 (full 0):
 garbage-first heap   total 1064960K, used 39920K [0x0000000400000000, 0x0000000800000000)
  region size 8192K, 5 young (40960K), 1 survivors (8192K)
 Metaspace       used 20736K, capacity 20868K, committed 21248K, reserved 1069056K
  class space    used 2382K, capacity 2451K, committed 2560K, reserved 1048576K
}
Event: 1.367 GC heap after
{Heap after GC invocations=2 (full 0):
 garbage-first heap   total 1064960K, used 17738K [0x0000000400000000, 0x0000000800000000)
  region size 8192K, 1 young (8192K), 1 survivors (8192K)
 Metaspace       used 20736K, capacity 20868K, committed 21248K, reserved 1069056K
  class space    used 2382K, capacity 2451K, committed 2560K, reserved 1048576K
}

Deoptimization events (20 events):
Event: 1.653 Thread 0x00007ff9f5220400 Uncommon trap: trap_request=0xffffffde fr.pc=0x0000000122874e94 relative=0x00000000000000f4
Event: 1.653 Thread 0x00007ff9f5220400 Uncommon trap: reason=class_check action=maybe_recompile pc=0x0000000122874e94 method=java.util.regex.Pattern$BmpCharProperty.match(Ljava/util/regex/Matcher;ILjava/lang/CharSequence;)Z @ 19 c2
Event: 1.653 Thread 0x00007ff9f5220400 DEOPT PACKING pc=0x0000000122874e94 sp=0x000070000ee5a420
Event: 1.653 Thread 0x00007ff9f5220400 DEOPT UNPACKING pc=0x000000011ac2c125 sp=0x000070000ee5a3d8 mode 2
Event: 1.653 Thread 0x00007ff9f5220400 Uncommon trap: trap_request=0xffffff45 fr.pc=0x0000000122882400 relative=0x00000000000001e0
Event: 1.653 Thread 0x00007ff9f5220400 Uncommon trap: reason=unstable_if action=reinterpret pc=0x0000000122882400 method=java.util.regex.Matcher.reset()Ljava/util/regex/Matcher; @ 47 c2
Event: 1.653 Thread 0x00007ff9f5220400 DEOPT PACKING pc=0x0000000122882400 sp=0x000070000ee5a560
Event: 1.653 Thread 0x00007ff9f5220400 DEOPT UNPACKING pc=0x000000011ac2c125 sp=0x000070000ee5a508 mode 2
Event: 1.653 Thread 0x00007ff9f5220400 Uncommon trap: trap_request=0xffffff45 fr.pc=0x00000001228753d8 relative=0x0000000000000058
Event: 1.653 Thread 0x00007ff9f5220400 Uncommon trap: reason=unstable_if action=reinterpret pc=0x00000001228753d8 method=java.util.regex.Pattern.lambda$Single$8(II)Z @ 2 c2
Event: 1.653 Thread 0x00007ff9f5220400 DEOPT PACKING pc=0x00000001228753d8 sp=0x000070000ee59f70
Event: 1.653 Thread 0x00007ff9f5220400 DEOPT UNPACKING pc=0x000000011ac2c125 sp=0x000070000ee59ec0 mode 2
Event: 1.654 Thread 0x00007ffa05008200 Uncommon trap: trap_request=0xffffff45 fr.pc=0x0000000122872a24 relative=0x0000000000000784
Event: 1.654 Thread 0x00007ffa05008200 Uncommon trap: reason=unstable_if action=reinterpret pc=0x0000000122872a24 method=java.lang.Integer.stringSize(I)I @ 3 c2
Event: 1.654 Thread 0x00007ffa05008200 DEOPT PACKING pc=0x0000000122872a24 sp=0x000070000e848650
Event: 1.654 Thread 0x00007ffa05008200 DEOPT UNPACKING pc=0x000000011ac2c125 sp=0x000070000e848558 mode 2
Event: 1.654 Thread 0x00007ffa05008200 Uncommon trap: trap_request=0xffffff45 fr.pc=0x000000012287ba98 relative=0x0000000000000278
Event: 1.654 Thread 0x00007ffa05008200 Uncommon trap: reason=unstable_if action=reinterpret pc=0x000000012287ba98 method=java.lang.Integer.getChars(II[B)I @ 4 c2
Event: 1.654 Thread 0x00007ffa05008200 DEOPT PACKING pc=0x000000012287ba98 sp=0x000070000e848590
Event: 1.654 Thread 0x00007ffa05008200 DEOPT UNPACKING pc=0x000000011ac2c125 sp=0x000070000e848540 mode 2

Classes unloaded (0 events):
No events

Classes redefined (0 events):
No events

Internal exceptions (20 events):
Event: 1.314 Thread 0x00007ffa37009000 Exception <a 'java/lang/ClassNotFoundException'{0x000000043e1438e8}: javax/smartcardio/CardPermission> (0x000000043e1438e8) 
thrown [src/hotspot/share/classfile/systemDictionary.cpp, line 295]
Event: 1.316 Thread 0x00007ffa37009000 Exception <a 'java/io/FileNotFoundException'{0x000000043e151c48}> (0x000000043e151c48) 
thrown [src/hotspot/share/prims/jni.cpp, line 578]
Event: 1.385 Thread 0x00007ffa37009000 Exception <a 'sun/nio/fs/UnixException'{0x000000043f91a968}> (0x000000043f91a968) 
thrown [src/hotspot/share/prims/jni.cpp, line 578]
Event: 1.412 Thread 0x00007ffa37009000 Exception <a 'java/lang/NoSuchMethodError'{0x000000043fb58620}: 'java.lang.Object java.lang.invoke.DirectMethodHandle$Holder.invokeStatic(java.lang.Object, int, java.lang.Object)'> (0x000000043fb58620) 
thrown [src/hotspot/share/interpreter/linkResolver.cpp, line 782]
Event: 1.446 Thread 0x00007ffa37009000 Exception <a 'java/lang/NoSuchMethodError'{0x000000043fe3f510}: 'java.lang.Object java.lang.invoke.DirectMethodHandle$Holder.newInvokeSpecial(java.lang.Object, java.lang.Object, java.lang.Object, java.lang.Object, java.lang.Object, java.lang.Object)'> (0x000000043fe3f510) 
thrown [src/hotspot/share/interpreter/linkResolver.cpp, line 782]
Event: 1.465 Thread 0x00007ffa37009000 Exception <a 'java/lang/NoSuchMethodError'{0x000000040607c8d0}: 'java.lang.Object java.lang.invoke.DirectMethodHandle$Holder.newInvokeSpecial(java.lang.Object, java.lang.Object, java.lang.Object, java.lang.Object, java.lang.Object, java.lang.Object, java.lang.Object)'> (0x000000040607c8d0) 
thrown [src/hotspot/share/interpreter/linkResolver.cpp, line 782]
Event: 1.466 Thread 0x00007ffa37009000 Exception <a 'java/lang/NoSuchMethodError'{0x0000000406081688}: 'java.lang.Object java.lang.invoke.Invokers$Holder.linkToTargetMethod(java.lang.Object, java.lang.Object, java.lang.Object, java.lang.Object, java.lang.Object, java.lang.Object, java.lang.Object)'> (0x0000000406081688) 
thrown [src/hotspot/share/interpreter/linkResolver.cpp, line 782]
Event: 1.526 Thread 0x00007ffa37009000 Exception <a 'java/lang/NoSuchMethodError'{0x00000004066305c0}: 'java.lang.Object java.lang.invoke.DirectMethodHandle$Holder.invokeSpecial(java.lang.Object, java.lang.Object, int, java.lang.Object, java.lang.Object)'> (0x00000004066305c0) 
thrown [src/hotspot/share/interpreter/linkResolver.cpp, line 782]
Event: 1.564 Thread 0x00007ffa37009000 Exception <a 'java/lang/NoSuchMethodError'{0x000000040587ef90}: 'java.lang.Object java.lang.invoke.DirectMethodHandle$Holder.invokeStatic(java.lang.Object, java.lang.Object, int, java.lang.Object)'> (0x000000040587ef90) 
thrown [src/hotspot/share/interpreter/linkResolver.cpp, line 782]
Event: 1.564 Thread 0x00007ffa37009000 Exception <a 'java/lang/NoSuchMethodError'{0x0000000405887fc0}: 'java.lang.Object java.lang.invoke.DirectMethodHandle$Holder.newInvokeSpecial(java.lang.Object, java.lang.Object, int)'> (0x0000000405887fc0) 
thrown [src/hotspot/share/interpreter/linkResolver.cpp, line 782]
Event: 1.591 Thread 0x00007ffa373ac400 Exception <a 'java/lang/NoSuchMethodError'{0x0000000405176370}: 'int java.lang.invoke.DirectMethodHandle$Holder.invokeStatic(java.lang.Object, java.lang.Object, int)'> (0x0000000405176370) 
thrown [src/hotspot/share/interpreter/linkResolver.cpp, line 782]
Event: 1.592 Thread 0x00007ffa373ac400 Exception <a 'java/lang/NoSuchMethodError'{0x0000000405187fd8}: 'java.lang.Object java.lang.invoke.DirectMethodHandle$Holder.newInvokeSpecial(java.lang.Object, java.lang.Object, java.lang.Object, int)'> (0x0000000405187fd8) 
thrown [src/hotspot/share/interpreter/linkResolver.cpp, line 782]
Event: 1.592 Thread 0x00007ffa373ac400 Exception <a 'java/lang/NoSuchMethodError'{0x000000040518c4c0}: 'java.lang.Object java.lang.invoke.DirectMethodHandle$Holder.invokeSpecial(java.lang.Object, java.lang.Object, java.lang.Object, java.lang.Object, int)'> (0x000000040518c4c0) 
thrown [src/hotspot/share/interpreter/linkResolver.cpp, line 782]
Event: 1.592 Thread 0x00007ffa373ac400 Exception <a 'java/lang/NoSuchMethodError'{0x0000000405190280}: 'java.lang.Object java.lang.invoke.Invokers$Holder.linkToTargetMethod(java.lang.Object, java.lang.Object, int, java.lang.Object)'> (0x0000000405190280) 
thrown [src/hotspot/share/interpreter/linkResolver.cpp, line 782]
Event: 1.593 Thread 0x00007ffa373ac400 Exception <a 'java/lang/NoSuchMethodError'{0x00000004052093b0}: 'long java.lang.invoke.DirectMethodHandle$Holder.invokeStatic(java.lang.Object)'> (0x00000004052093b0) 
thrown [src/hotspot/share/interpreter/linkResolver.cpp, line 782]
Event: 1.593 Thread 0x00007ffa0503e200 Exception <a 'java/lang/NoSuchMethodError'{0x00000004051c59e0}: 'int java.lang.invoke.DirectMethodHandle$Holder.invokeStatic(java.lang.Object, long)'> (0x00000004051c59e0) 
thrown [src/hotspot/share/interpreter/linkResolver.cpp, line 782]
Event: 1.627 Thread 0x00007ffa373a8400 Exception <a 'java/lang/ClassNotFoundException'{0x000000040556e1d8}: sun/awt/resources/spi/awtProvider> (0x000000040556e1d8) 
thrown [src/hotspot/share/classfile/systemDictionary.cpp, line 295]
Event: 1.639 Thread 0x00007ffa373a8400 Exception <a 'java/io/FileNotFoundException'{0x00000004055dbc88}> (0x00000004055dbc88) 
thrown [src/hotspot/share/prims/jni.cpp, line 578]
Event: 1.640 Thread 0x00007ffa373a8400 Exception <a 'java/io/FileNotFoundException'{0x00000004055dd3c0}> (0x00000004055dd3c0) 
thrown [src/hotspot/share/prims/jni.cpp, line 578]
Event: 1.644 Thread 0x00007ffa373a8400 Exception <a 'java/lang/ClassNotFoundException'{0x00000004055e1240}: sun/awt/resources/spi/awtosxProvider> (0x00000004055e1240) 
thrown [src/hotspot/share/classfile/systemDictionary.cpp, line 295]

Events (20 events):
Event: 1.653 loading class sun/lwawt/macosx/LWCToolkit$2
Event: 1.653 loading class sun/lwawt/macosx/LWCToolkit$2 done
Event: 1.653 loading class java/awt/Toolkit$DesktopPropertyChangeSupport
Event: 1.653 loading class java/beans/PropertyChangeSupport
Event: 1.653 loading class java/beans/PropertyChangeSupport done
Event: 1.653 loading class java/awt/Toolkit$DesktopPropertyChangeSupport done
Event: 1.653 loading class java/beans/PropertyChangeSupport$PropertyChangeListenerMap
Event: 1.653 loading class java/beans/ChangeListenerMap
Event: 1.653 loading class java/beans/ChangeListenerMap done
Event: 1.653 loading class java/beans/PropertyChangeSupport$PropertyChangeListenerMap done
Event: 1.653 loading class java/beans/PropertyChangeListener
Event: 1.653 loading class java/util/EventListener
Event: 1.653 loading class java/util/EventListener done
Event: 1.653 loading class java/beans/PropertyChangeListener done
Event: 1.653 loading class sun/awt/SunToolkit$ModalityListenerList
Event: 1.653 loading class sun/awt/ModalityListener
Event: 1.653 loading class sun/awt/ModalityListener done
Event: 1.653 loading class sun/awt/SunToolkit$ModalityListenerList done
Event: 1.653 loading class sun/awt/util/ThreadGroupUtils
Event: 1.653 loading class sun/awt/util/ThreadGroupUtils done


Dynamic libraries:
0x00007fff2a546000 	/usr/lib/libz.1.dylib
0x0000000102fd0000 	/usr/local/Cellar/openjdk/15.0.2/libexec/openjdk.jdk/Contents/Home/lib/libjli.dylib
0x00007fff34f33000 	/System/Library/Frameworks/Cocoa.framework/Versions/A/Cocoa
0x00007fff222da000 	/System/Library/Frameworks/Security.framework/Versions/A/Security
0x00007fff33142000 	/System/Library/Frameworks/ApplicationServices.framework/Versions/A/ApplicationServices
0x00007fff2a60e000 	/usr/lib/libSystem.B.dylib
0x00007fff2a608000 	/usr/lib/system/libcache.dylib
0x00007fff2a5c4000 	/usr/lib/system/libcommonCrypto.dylib
0x00007fff2a5ee000 	/usr/lib/system/libcompiler_rt.dylib
0x00007fff2a5e3000 	/usr/lib/system/libcopyfile.dylib
0x00007fff201dc000 	/usr/lib/system/libcorecrypto.dylib
0x00007fff202a7000 	/usr/lib/system/libdispatch.dylib
0x00007fff2045a000 	/usr/lib/system/libdyld.dylib
0x00007fff2a5ff000 	/usr/lib/system/libkeymgr.dylib
0x00007fff2d9f8000 	/usr/lib/system/liblaunch.dylib
0x00007fff2a5a2000 	/usr/lib/system/libmacho.dylib
0x00007fff29d9a000 	/usr/lib/system/libquarantine.dylib
0x00007fff2a5fc000 	/usr/lib/system/libremovefile.dylib
0x00007fff24cab000 	/usr/lib/system/libsystem_asl.dylib
0x00007fff2018c000 	/usr/lib/system/libsystem_blocks.dylib
0x00007fff20329000 	/usr/lib/system/libsystem_c.dylib
0x00007fff2a5f6000 	/usr/lib/system/libsystem_collections.dylib
0x00007fff290a0000 	/usr/lib/system/libsystem_configuration.dylib
0x00007fff28388000 	/usr/lib/system/libsystem_containermanager.dylib
0x00007fff2a345000 	/usr/lib/system/libsystem_coreservices.dylib
0x00007fff2288f000 	/usr/lib/system/libsystem_darwin.dylib
0x00007fff2a600000 	/usr/lib/system/libsystem_dnssd.dylib
0x00007fff20326000 	/usr/lib/system/libsystem_featureflags.dylib
0x00007fff204a0000 	/usr/lib/system/libsystem_info.dylib
0x00007fff2a559000 	/usr/lib/system/libsystem_m.dylib
0x00007fff2027a000 	/usr/lib/system/libsystem_malloc.dylib
0x00007fff24c3e000 	/usr/lib/system/libsystem_networkextension.dylib
0x00007fff22cae000 	/usr/lib/system/libsystem_notify.dylib
0x00007fff2fe84000 	/usr/lib/system/libsystem_product_info_filter.dylib
0x00007fff290a4000 	/usr/lib/system/libsystem_sandbox.dylib
0x00007fff2a5f9000 	/usr/lib/system/libsystem_secinit.dylib
0x00007fff2041e000 	/usr/lib/system/libsystem_kernel.dylib
0x00007fff20496000 	/usr/lib/system/libsystem_platform.dylib
0x00007fff2044e000 	/usr/lib/system/libsystem_pthread.dylib
0x00007fff26385000 	/usr/lib/system/libsystem_symptoms.dylib
0x00007fff201c4000 	/usr/lib/system/libsystem_trace.dylib
0x00007fff2a5d0000 	/usr/lib/system/libunwind.dylib
0x00007fff2018e000 	/usr/lib/system/libxpc.dylib
0x00007fff20408000 	/usr/lib/libc++abi.dylib
0x00007fff202ec000 	/usr/lib/libobjc.A.dylib
0x00007fff2a5db000 	/usr/lib/liboah.dylib
0x00007fff203b2000 	/usr/lib/libc++.1.dylib
0x00007fff204cc000 	/System/Library/Frameworks/CoreFoundation.framework/Versions/A/CoreFoundation
0x00007fff21279000 	/System/Library/Frameworks/Foundation.framework/Versions/C/Foundation
0x00007fff22d08000 	/System/Library/Frameworks/AppKit.framework/Versions/C/AppKit
0x00007fff25bc1000 	/System/Library/Frameworks/CoreData.framework/Versions/A/CoreData
0x00007fff23a50000 	/System/Library/PrivateFrameworks/UIFoundation.framework/Versions/A/UIFoundation
0x00007fff2fc17000 	/System/Library/PrivateFrameworks/RemoteViewServices.framework/Versions/A/RemoteViewServices
0x00007fff28a52000 	/System/Library/PrivateFrameworks/XCTTargetBootstrap.framework/Versions/A/XCTTargetBootstrap
0x00007fff2b736000 	/usr/lib/libspindump.dylib
0x00007fff23c9f000 	/System/Library/Frameworks/UniformTypeIdentifiers.framework/Versions/A/UniformTypeIdentifiers
0x00007fff27252000 	/usr/lib/libapp_launch_measurement.dylib
0x00007fff27255000 	/System/Library/PrivateFrameworks/CoreAutoLayout.framework/Versions/A/CoreAutoLayout
0x00007fff283b5000 	/System/Library/Frameworks/Metal.framework/Versions/A/Metal
0x00007fff290af000 	/usr/lib/liblangid.dylib
0x00007fff28a56000 	/System/Library/PrivateFrameworks/CoreSVG.framework/Versions/A/CoreSVG
0x00007fff24cda000 	/System/Library/PrivateFrameworks/SkyLight.framework/Versions/A/SkyLight
0x00007fff2503e000 	/System/Library/Frameworks/CoreGraphics.framework/Versions/A/CoreGraphics
0x00007fff3013e000 	/System/Library/Frameworks/Accelerate.framework/Versions/A/Accelerate
0x00007fff2b174000 	/System/Library/PrivateFrameworks/IconServices.framework/Versions/A/IconServices
0x00007fff28399000 	/System/Library/Frameworks/IOSurface.framework/Versions/A/IOSurface
0x00007fff26542000 	/usr/lib/libDiagnosticMessagesClient.dylib
0x00007fff28a3e000 	/System/Library/PrivateFrameworks/DFRFoundation.framework/Versions/A/DFRFoundation
0x00007fff2262f000 	/usr/lib/libicucore.A.dylib
0x00007fff2cc7d000 	/System/Library/Frameworks/AudioToolbox.framework/Versions/A/AudioToolbox
0x00007fff2bf07000 	/System/Library/PrivateFrameworks/DataDetectorsCore.framework/Versions/A/DataDetectorsCore
0x00007fff24c4e000 	/usr/lib/libMobileGestalt.dylib
0x00007fff28742000 	/System/Library/Frameworks/Carbon.framework/Versions/A/Frameworks/HIToolbox.framework/Versions/A/HIToolbox
0x00007fff26c9c000 	/System/Library/Frameworks/QuartzCore.framework/Versions/A/QuartzCore
0x00007fff2fc4f000 	/System/Library/Frameworks/Carbon.framework/Versions/A/Frameworks/SpeechRecognition.framework/Versions/A/SpeechRecognition
0x00007fff26fbb000 	/System/Library/PrivateFrameworks/CoreUI.framework/Versions/A/CoreUI
0x00007fff21c49000 	/System/Library/Frameworks/CoreAudio.framework/Versions/A/CoreAudio
0x00007fff2662d000 	/System/Library/Frameworks/DiskArbitration.framework/Versions/A/DiskArbitration
0x00007fff2bb04000 	/System/Library/PrivateFrameworks/MultitouchSupport.framework/Versions/A/MultitouchSupport
0x00007fff2befe000 	/System/Library/PrivateFrameworks/InternationalSupport.framework/Versions/A/InternationalSupport
0x00007fff24c4d000 	/usr/lib/libenergytrace.dylib
0x00007fff22bff000 	/System/Library/Frameworks/IOKit.framework/Versions/A/IOKit
0x00007fff2ff82000 	/System/Library/Frameworks/CoreServices.framework/Versions/A/CoreServices
0x00007fff271e8000 	/System/Library/PrivateFrameworks/PerformanceAnalysis.framework/Versions/A/PerformanceAnalysis
0x00007fff6ba13000 	/System/Library/Frameworks/OpenGL.framework/Versions/A/OpenGL
0x00007fff2bf82000 	/System/Library/PrivateFrameworks/UserActivity.framework/Versions/A/UserActivity
0x00007fff256c8000 	/System/Library/Frameworks/ColorSync.framework/Versions/A/ColorSync
0x00007fff28cbd000 	/System/Library/Frameworks/CoreImage.framework/Versions/A/CoreImage
0x00007fff21a63000 	/System/Library/Frameworks/CoreText.framework/Versions/A/CoreText
0x00007fff28a80000 	/System/Library/Frameworks/ImageIO.framework/Versions/A/ImageIO
0x00007fff2a614000 	/System/Library/PrivateFrameworks/SoftLinking.framework/Versions/A/SoftLinking
0x00007fff2729d000 	/usr/lib/libxml2.2.dylib
0x00007fff2a885000 	/usr/lib/libcompression.dylib
0x00007fff2be30000 	/System/Library/PrivateFrameworks/TextureIO.framework/Versions/A/TextureIO
0x00007fff2aeb3000 	/usr/lib/libate.dylib
0x00007fff2ac99000 	/usr/lib/liblzma.5.dylib
0x00007fff20f8d000 	/System/Library/Frameworks/SystemConfiguration.framework/Versions/A/SystemConfiguration
0x00007fff2a610000 	/usr/lib/libfakelink.dylib
0x00007fff2479f000 	/System/Library/Frameworks/CFNetwork.framework/Versions/A/CFNetwork
0x00007fff2a750000 	/usr/lib/libarchive.2.dylib
0x00007fff2100b000 	/usr/lib/libCRFSuite.dylib
0x00007fff29dc1000 	/usr/lib/libbsm.0.dylib
0x00007fff2411c000 	/usr/lib/libnetwork.dylib
0x00007fff2a615000 	/usr/lib/libpcap.A.dylib
0x00007fff2637e000 	/usr/lib/libdns_services.dylib
0x00007fff2acb2000 	/usr/lib/libcoretls_cfhelpers.dylib
0x00007fff2a84f000 	/usr/lib/libapple_nghttp2.dylib
0x00007fff2a5a8000 	/usr/lib/system/libkxld.dylib
0x00007fff25ff7000 	/usr/lib/libsqlite3.dylib
0x00007fff2a328000 	/System/Library/PrivateFrameworks/AppleFSCompression.framework/Versions/A/AppleFSCompression
0x00007fff29da9000 	/usr/lib/libcoretls.dylib
0x00007fff2a880000 	/usr/lib/libpam.2.dylib
0x00007fff2adaf000 	/usr/lib/libxar.1.dylib
0x00007fff290ab000 	/System/Library/PrivateFrameworks/AppleSystemInfo.framework/Versions/A/AppleSystemInfo
0x00007fff299eb000 	/System/Library/PrivateFrameworks/IOMobileFramebuffer.framework/Versions/A/IOMobileFramebuffer
0x00007fff2a338000 	/usr/lib/libbz2.1.0.dylib
0x00007fff2a64d000 	/usr/lib/libiconv.2.dylib
0x00007fff2a5a1000 	/usr/lib/libcharset.1.dylib
0x00007fff27224000 	/System/Library/Frameworks/CoreServices.framework/Versions/A/Frameworks/FSEvents.framework/Versions/A/FSEvents
0x00007fff22899000 	/System/Library/Frameworks/CoreServices.framework/Versions/A/Frameworks/CarbonCore.framework/Versions/A/CarbonCore
0x00007fff26592000 	/System/Library/Frameworks/CoreServices.framework/Versions/A/Frameworks/Metadata.framework/Versions/A/Metadata
0x00007fff2a34a000 	/System/Library/Frameworks/CoreServices.framework/Versions/A/Frameworks/OSServices.framework/Versions/A/OSServices
0x00007fff2a7c2000 	/System/Library/Frameworks/CoreServices.framework/Versions/A/Frameworks/SearchKit.framework/Versions/A/SearchKit
0x00007fff26309000 	/System/Library/Frameworks/CoreServices.framework/Versions/A/Frameworks/AE.framework/Versions/A/AE
0x00007fff2096a000 	/System/Library/Frameworks/CoreServices.framework/Versions/A/Frameworks/LaunchServices.framework/Versions/A/LaunchServices
0x00007fff2ac49000 	/System/Library/Frameworks/CoreServices.framework/Versions/A/Frameworks/DictionaryServices.framework/Versions/A/DictionaryServices
0x00007fff2722d000 	/System/Library/Frameworks/CoreServices.framework/Versions/A/Frameworks/SharedFileList.framework/Versions/A/SharedFileList
0x00007fff29d9d000 	/usr/lib/libCheckFix.dylib
0x00007fff24cc2000 	/System/Library/PrivateFrameworks/TCC.framework/Versions/A/TCC
0x00007fff290b1000 	/System/Library/PrivateFrameworks/CoreNLP.framework/Versions/A/CoreNLP
0x00007fff26545000 	/System/Library/PrivateFrameworks/MetadataUtilities.framework/Versions/A/MetadataUtilities
0x00007fff21040000 	/usr/lib/libmecabra.dylib
0x00007fff2a0a7000 	/System/Library/Frameworks/MLCompute.framework/Versions/A/MLCompute
0x00007fff29dd2000 	/usr/lib/libmecab.dylib
0x00007fff29e1c000 	/usr/lib/libgermantok.dylib
0x00007fff2a82a000 	/usr/lib/libThaiTokenizer.dylib
0x00007fff2adea000 	/usr/lib/libChineseTokenizer.dylib
0x00007fff2a87e000 	/System/Library/Frameworks/MetalPerformanceShaders.framework/Versions/A/MetalPerformanceShaders
0x00007fff26634000 	/System/Library/Frameworks/Accelerate.framework/Versions/A/Frameworks/vImage.framework/Versions/A/vImage
0x00007fff2ff5c000 	/System/Library/Frameworks/Accelerate.framework/Versions/A/Frameworks/vecLib.framework/Versions/A/vecLib
0x00007fff2adf5000 	/System/Library/Frameworks/Accelerate.framework/Versions/A/Frameworks/vecLib.framework/Versions/A/libvMisc.dylib
0x00007fff29806000 	/System/Library/Frameworks/Accelerate.framework/Versions/A/Frameworks/vecLib.framework/Versions/A/libvDSP.dylib
0x00007fff20c73000 	/System/Library/Frameworks/Accelerate.framework/Versions/A/Frameworks/vecLib.framework/Versions/A/libBLAS.dylib
0x00007fff2a8ab000 	/System/Library/Frameworks/Accelerate.framework/Versions/A/Frameworks/vecLib.framework/Versions/A/libLAPACK.dylib
0x00007fff29e22000 	/System/Library/Frameworks/Accelerate.framework/Versions/A/Frameworks/vecLib.framework/Versions/A/libLinearAlgebra.dylib
0x00007fff2a867000 	/System/Library/Frameworks/Accelerate.framework/Versions/A/Frameworks/vecLib.framework/Versions/A/libSparseBLAS.dylib
0x00007fff2a8a5000 	/System/Library/Frameworks/Accelerate.framework/Versions/A/Frameworks/vecLib.framework/Versions/A/libQuadrature.dylib
0x00007fff2915d000 	/System/Library/Frameworks/Accelerate.framework/Versions/A/Frameworks/vecLib.framework/Versions/A/libBNNS.dylib
0x00007fff20f1e000 	/System/Library/Frameworks/Accelerate.framework/Versions/A/Frameworks/vecLib.framework/Versions/A/libSparse.dylib
0x00007fff29039000 	/System/Library/Frameworks/MetalPerformanceShaders.framework/Versions/A/Frameworks/MPSCore.framework/Versions/A/MPSCore
0x00007fff2a297000 	/System/Library/Frameworks/MetalPerformanceShaders.framework/Versions/A/Frameworks/MPSImage.framework/Versions/A/MPSImage
0x00007fff29e38000 	/System/Library/Frameworks/MetalPerformanceShaders.framework/Versions/A/Frameworks/MPSNeuralNetwork.framework/Versions/A/MPSNeuralNetwork
0x00007fff2a209000 	/System/Library/Frameworks/MetalPerformanceShaders.framework/Versions/A/Frameworks/MPSMatrix.framework/Versions/A/MPSMatrix
0x00007fff2a057000 	/System/Library/Frameworks/MetalPerformanceShaders.framework/Versions/A/Frameworks/MPSRayIntersector.framework/Versions/A/MPSRayIntersector
0x00007fff2a240000 	/System/Library/Frameworks/MetalPerformanceShaders.framework/Versions/A/Frameworks/MPSNDArray.framework/Versions/A/MPSNDArray
0x00007fff20b9f000 	/System/Library/PrivateFrameworks/MetalTools.framework/Versions/A/MetalTools
0x00007fff290a9000 	/System/Library/PrivateFrameworks/AggregateDictionary.framework/Versions/A/AggregateDictionary
0x00007fff26512000 	/System/Library/PrivateFrameworks/CoreAnalytics.framework/Versions/A/CoreAnalytics
0x00007fff2a82c000 	/System/Library/PrivateFrameworks/AppleSauce.framework/Versions/A/AppleSauce
0x00007fff283ab000 	/System/Library/PrivateFrameworks/IOAccelerator.framework/Versions/A/IOAccelerator
0x00007fff6ba07000 	/System/Library/Frameworks/OpenGL.framework/Versions/A/Libraries/libCoreFSCache.dylib
0x00007fff215d8000 	/System/Library/PrivateFrameworks/LanguageModeling.framework/Versions/A/LanguageModeling
0x00007fff299d9000 	/System/Library/PrivateFrameworks/CoreEmoji.framework/Versions/A/CoreEmoji
0x00007fff29156000 	/System/Library/PrivateFrameworks/LinguisticData.framework/Versions/A/LinguisticData
0x00007fff20ed0000 	/System/Library/PrivateFrameworks/Lexicon.framework/Versions/A/Lexicon
0x00007fff2a73e000 	/usr/lib/libcmph.dylib
0x00007fff27204000 	/System/Library/Frameworks/OpenDirectory.framework/Versions/A/Frameworks/CFOpenDirectory.framework/Versions/A/CFOpenDirectory
0x00007fff271f4000 	/System/Library/Frameworks/OpenDirectory.framework/Versions/A/OpenDirectory
0x00007fff2acb4000 	/System/Library/PrivateFrameworks/APFS.framework/Versions/A/APFS
0x00007fff29cff000 	/System/Library/Frameworks/SecurityFoundation.framework/Versions/A/SecurityFoundation
0x00007fff2adbd000 	/usr/lib/libutil.dylib
0x00007fff22bc4000 	/System/Library/PrivateFrameworks/CoreServicesStore.framework/Versions/A/CoreServicesStore
0x00007fff29d95000 	/System/Library/Frameworks/ServiceManagement.framework/Versions/A/ServiceManagement
0x00007fff2adc1000 	/usr/lib/libxslt.1.dylib
0x00007fff29d8b000 	/System/Library/PrivateFrameworks/BackgroundTaskManagement.framework/Versions/A/BackgroundTaskManagement
0x00007fff2bd7a000 	/System/Library/Frameworks/ImageIO.framework/Versions/A/Resources/libRadiance.dylib
0x00007fff2bd84000 	/System/Library/Frameworks/ImageIO.framework/Versions/A/Resources/libJPEG.dylib
0x00007fff2bcce000 	/System/Library/Frameworks/ImageIO.framework/Versions/A/Resources/libPng.dylib
0x00007fff2bcf5000 	/System/Library/Frameworks/ImageIO.framework/Versions/A/Resources/libTIFF.dylib
0x00007fff2bdd9000 	/System/Library/Frameworks/ImageIO.framework/Versions/A/Resources/libGIF.dylib
0x00007fff2ba20000 	/System/Library/Frameworks/ImageIO.framework/Versions/A/Resources/libJP2.dylib
0x00007fff2b13c000 	/usr/lib/libexpat.1.dylib
0x00007fff2b9d6000 	/System/Library/PrivateFrameworks/AppleJPEG.framework/Versions/A/AppleJPEG
0x00007fff285e1000 	/System/Library/PrivateFrameworks/FontServices.framework/libFontParser.dylib
0x00007fff262c0000 	/System/Library/PrivateFrameworks/RunningBoardServices.framework/Versions/A/RunningBoardServices
0x00007fff2bb00000 	/System/Library/PrivateFrameworks/WatchdogClient.framework/Versions/A/WatchdogClient
0x00007fff216c1000 	/System/Library/Frameworks/CoreDisplay.framework/Versions/A/CoreDisplay
0x00007fff284f6000 	/System/Library/Frameworks/CoreMedia.framework/Versions/A/CoreMedia
0x00007fff27380000 	/System/Library/Frameworks/CoreVideo.framework/Versions/A/CoreVideo
0x00007fff2bb3b000 	/System/Library/Frameworks/VideoToolbox.framework/Versions/A/VideoToolbox
0x00007fff26240000 	/System/Library/PrivateFrameworks/BaseBoard.framework/Versions/A/BaseBoard
0x00007fff2b280000 	/System/Library/PrivateFrameworks/PersistentConnection.framework/Versions/A/PersistentConnection
0x00007fff25fe1000 	/System/Library/PrivateFrameworks/ProtocolBuffer.framework/Versions/A/ProtocolBuffer
0x00007fff26228000 	/System/Library/PrivateFrameworks/CommonUtilities.framework/Versions/A/CommonUtilities
0x00007fff2b999000 	/System/Library/PrivateFrameworks/Bom.framework/Versions/A/Bom
0x00007fff2bd72000 	/System/Library/PrivateFrameworks/GPUWrangler.framework/Versions/A/GPUWrangler
0x00007fff2bd55000 	/System/Library/PrivateFrameworks/IOPresentment.framework/Versions/A/IOPresentment
0x00007fff2bd7e000 	/System/Library/PrivateFrameworks/DSExternalDisplay.framework/Versions/A/DSExternalDisplay
0x00007fff2bdde000 	/System/Library/PrivateFrameworks/CMCaptureCore.framework/Versions/A/CMCaptureCore
0x00007fff2b71c000 	/System/Library/PrivateFrameworks/AppServerSupport.framework/Versions/A/AppServerSupport
0x00007fff2d79b000 	/System/Library/PrivateFrameworks/perfdata.framework/Versions/A/perfdata
0x00007fff29cee000 	/System/Library/PrivateFrameworks/AssertionServices.framework/Versions/A/AssertionServices
0x00007fff217f8000 	/System/Library/PrivateFrameworks/AudioToolboxCore.framework/Versions/A/AudioToolboxCore
0x00007fff284d9000 	/System/Library/PrivateFrameworks/caulk.framework/Versions/A/caulk
0x00007fff3cbd5000 	/System/Library/PrivateFrameworks/SystemPolicy.framework/Versions/A/SystemPolicy
0x00007fff2af4b000 	/usr/lib/libIOReport.dylib
0x00007fff2cfd7000 	/usr/lib/libSMC.dylib
0x00007fff2bc9a000 	/usr/lib/libAudioToolboxUtility.dylib
0x00007fff3d530000 	/usr/lib/libmis.dylib
0x00007fff6ba63000 	/System/Library/Frameworks/OpenGL.framework/Versions/A/Libraries/libGLU.dylib
0x00007fff6ba26000 	/System/Library/Frameworks/OpenGL.framework/Versions/A/Libraries/libGFXShared.dylib
0x00007fff6bc34000 	/System/Library/Frameworks/OpenGL.framework/Versions/A/Libraries/libGL.dylib
0x00007fff6ba2f000 	/System/Library/Frameworks/OpenGL.framework/Versions/A/Libraries/libGLImage.dylib
0x00007fff6ba23000 	/System/Library/Frameworks/OpenGL.framework/Versions/A/Libraries/libCVMSPluginSupport.dylib
0x00007fff6ba0e000 	/System/Library/Frameworks/OpenGL.framework/Versions/A/Libraries/libCoreVMClient.dylib
0x00007fff6d07e000 	/System/Library/Frameworks/OpenCL.framework/Versions/A/OpenCL
0x00007fff2b2a9000 	/System/Library/PrivateFrameworks/GraphVisualizer.framework/Versions/A/GraphVisualizer
0x00007fff2b2b8000 	/System/Library/PrivateFrameworks/FaceCore.framework/Versions/A/FaceCore
0x00007fff2b6d4000 	/System/Library/PrivateFrameworks/OTSVG.framework/Versions/A/OTSVG
0x00007fff26f79000 	/System/Library/Frameworks/ApplicationServices.framework/Versions/A/Frameworks/ATS.framework/Versions/A/Resources/libFontRegistry.dylib
0x00007fff2b723000 	/System/Library/PrivateFrameworks/FontServices.framework/libhvf.dylib
0x00007fff2b0e8000 	/System/Library/PrivateFrameworks/AppleVA.framework/Versions/A/AppleVA
0x00007fff2ce1f000 	/System/Library/Frameworks/ApplicationServices.framework/Versions/A/Frameworks/ATS.framework/Versions/A/ATS
0x00007fff2d132000 	/System/Library/Frameworks/ApplicationServices.framework/Versions/A/Frameworks/ColorSyncLegacy.framework/Versions/A/ColorSyncLegacy
0x00007fff257bf000 	/System/Library/Frameworks/ApplicationServices.framework/Versions/A/Frameworks/HIServices.framework/Versions/A/HIServices
0x00007fff2d117000 	/System/Library/Frameworks/ApplicationServices.framework/Versions/A/Frameworks/LangAnalysis.framework/Versions/A/LangAnalysis
0x00007fff2bde8000 	/System/Library/Frameworks/ApplicationServices.framework/Versions/A/Frameworks/PrintCore.framework/Versions/A/PrintCore
0x00007fff2d13a000 	/System/Library/Frameworks/ApplicationServices.framework/Versions/A/Frameworks/QD.framework/Versions/A/QD
0x00007fff2ce0f000 	/System/Library/Frameworks/ApplicationServices.framework/Versions/A/Frameworks/SpeechSynthesis.framework/Versions/A/SpeechSynthesis
0x00007fff2bda9000 	/System/Library/Frameworks/ApplicationServices.framework/Versions/A/Frameworks/ATSUI.framework/Versions/A/ATSUI
0x00007fff2d0b7000 	/usr/lib/libcups.2.dylib
0x00007fff2d127000 	/System/Library/PrivateFrameworks/NetAuth.framework/Versions/A/NetAuth
0x00007fff2d7b6000 	/System/Library/Frameworks/Kerberos.framework/Versions/A/Kerberos
0x00007fff2d7c6000 	/System/Library/Frameworks/GSS.framework/Versions/A/GSS
0x00007fff2ce8c000 	/usr/lib/libresolv.9.dylib
0x00007fff2b739000 	/System/Library/PrivateFrameworks/Heimdal.framework/Versions/A/Heimdal
0x00007fff33457000 	/System/Library/Frameworks/Kerberos.framework/Versions/A/Libraries/libHeimdalProxy.dylib
0x00007fff2638d000 	/System/Library/Frameworks/Network.framework/Versions/A/Network
0x00007fff2b155000 	/usr/lib/libheimdal-asn1.dylib
0x00007fff2d817000 	/System/Library/PrivateFrameworks/CommonAuth.framework/Versions/A/CommonAuth
0x00007fff273ce000 	/System/Library/PrivateFrameworks/login.framework/Versions/A/Frameworks/loginsupport.framework/Versions/A/loginsupport
0x00007fff2cd96000 	/System/Library/PrivateFrameworks/AudioSession.framework/Versions/A/AudioSession
0x00007fff2cdfc000 	/usr/lib/libAudioStatistics.dylib
0x00007fff2b1e1000 	/System/Library/PrivateFrameworks/MediaExperience.framework/Versions/A/MediaExperience
0x00007fff2cc4b000 	/System/Library/PrivateFrameworks/AudioSession.framework/libSessionUtility.dylib
0x00007fff2d7a7000 	/usr/lib/libperfcheck.dylib
0x00007fff2d146000 	/System/Library/PrivateFrameworks/AudioResourceArbitration.framework/Versions/A/AudioResourceArbitration
0x00007fff2b15f000 	/System/Library/PrivateFrameworks/IconFoundation.framework/Versions/A/IconFoundation
0x00007fff2fc3f000 	/System/Library/PrivateFrameworks/SpeechRecognitionCore.framework/Versions/A/SpeechRecognitionCore
0x0000000103019000 	/usr/local/Cellar/openjdk/15.0.2/libexec/openjdk.jdk/Contents/Home/lib/server/libjvm.dylib
0x000000010407a000 	/usr/local/Cellar/openjdk/15.0.2/libexec/openjdk.jdk/Contents/Home/lib/libjimage.dylib
0x000000010408c000 	/usr/local/Cellar/openjdk/15.0.2/libexec/openjdk.jdk/Contents/Home/lib/libinstrument.dylib
0x00000001040a0000 	/usr/local/Cellar/openjdk/15.0.2/libexec/openjdk.jdk/Contents/Home/lib/libjava.dylib
0x000000010a3d0000 	/usr/local/Cellar/openjdk/15.0.2/libexec/openjdk.jdk/Contents/Home/lib/libzip.dylib
0x000000010a3e0000 	/usr/local/Cellar/openjdk/15.0.2/libexec/openjdk.jdk/Contents/Home/lib/libnio.dylib
0x000000010a3f8000 	/usr/local/Cellar/openjdk/15.0.2/libexec/openjdk.jdk/Contents/Home/lib/libnet.dylib
0x000000010a414000 	/usr/local/Cellar/openjdk/15.0.2/libexec/openjdk.jdk/Contents/Home/lib/libextnet.dylib
0x000000010a620000 	/Users/dlieber/.openjfx/cache/11.0.1/libprism_es2.dylib
0x00007fff22b85000 	/System/Library/PrivateFrameworks/CoreServicesInternal.framework/Versions/A/CoreServicesInternal
0x00007fff6bc3f000 	/System/Library/Frameworks/OpenGL.framework/Versions/A/Resources/GLEngine.bundle/GLEngine
0x00007fff6baa0000 	/System/Library/Frameworks/OpenGL.framework/Versions/A/Libraries/libGLProgrammability.dylib
0x00007fff5ee25000 	/System/Library/Extensions/AppleIntelKBLGraphicsGLDriver.bundle/Contents/MacOS/AppleIntelKBLGraphicsGLDriver
0x00007fff462bf000 	/System/Library/PrivateFrameworks/GPUSupport.framework/Versions/A/Libraries/libGPUSupportMercury.dylib
0x000000014e6bc000 	/System/Library/Extensions/AMDRadeonX6000GLDriver.bundle/Contents/MacOS/AMDRadeonX6000GLDriver
0x00007fff6e020000 	/System/Library/Extensions/AMDRadeonX6000GLDriver.bundle/Contents/MacOS/ATIRadeonX6000SCLib.dylib
0x00007fff5e095000 	/System/Library/Extensions/AMDShared.bundle/Contents/PlugIns/libSC.dylib
0x00007fff6bdbd000 	/System/Library/Frameworks/OpenGL.framework/Versions/A/Resources/GLRendererFloat.bundle/GLRendererFloat
0x000000014e88c000 	/Users/dlieber/.openjfx/cache/11.0.1/libglass.dylib
0x00007fff30fc6000 	/System/Library/Frameworks/FileProvider.framework/Versions/A/FileProvider
0x00007fff261ab000 	/System/Library/Frameworks/Accounts.framework/Versions/A/Accounts
0x00007fff31116000 	/System/Library/PrivateFrameworks/GenerationalStorage.framework/Versions/A/GenerationalStorage
0x00007fff31ab1000 	/System/Library/PrivateFrameworks/CoreSymbolication.framework/Versions/A/CoreSymbolication
0x00007fff309e6000 	/System/Library/PrivateFrameworks/SymptomDiagnosticReporter.framework/Versions/A/SymptomDiagnosticReporter
0x00007fff23cb2000 	/System/Library/PrivateFrameworks/DesktopServicesPriv.framework/Versions/A/DesktopServicesPriv
0x00007fff22cba000 	/usr/lib/libsandbox.1.dylib
0x00007fff273f9000 	/System/Library/PrivateFrameworks/UserManagement.framework/Versions/A/UserManagement
0x00007fff29ccb000 	/System/Library/PrivateFrameworks/MobileKeyBag.framework/Versions/A/MobileKeyBag
0x00007fff344d7000 	/System/Library/PrivateFrameworks/ChunkingLibrary.framework/Versions/A/ChunkingLibrary
0x00007fff31a75000 	/System/Library/PrivateFrameworks/DebugSymbols.framework/Versions/A/DebugSymbols
0x00007fff2e1da000 	/System/Library/PrivateFrameworks/Sharing.framework/Versions/A/Sharing
0x00007fff32a59000 	/System/Library/PrivateFrameworks/Apple80211.framework/Versions/A/Apple80211
0x00007fff2a378000 	/System/Library/PrivateFrameworks/AuthKit.framework/Versions/A/AuthKit
0x00007fff29ac9000 	/System/Library/PrivateFrameworks/CoreUtils.framework/Versions/A/CoreUtils
0x00007fff299f6000 	/System/Library/Frameworks/CoreWLAN.framework/Versions/A/CoreWLAN
0x00007fff2e326000 	/System/Library/Frameworks/IOBluetooth.framework/Versions/A/IOBluetooth
0x00007fff32abd000 	/System/Library/PrivateFrameworks/CoreWiFi.framework/Versions/A/CoreWiFi
0x00007fff2d89d000 	/System/Library/PrivateFrameworks/CorePhoneNumbers.framework/Versions/A/CorePhoneNumbers
0x00007fff30aed000 	/System/Library/PrivateFrameworks/DiskManagement.framework/Versions/A/DiskManagement
0x00007fff30a03000 	/System/Library/PrivateFrameworks/AppleIDAuthSupport.framework/Versions/A/AppleIDAuthSupport
0x00007fff2d87d000 	/System/Library/PrivateFrameworks/KeychainCircle.framework/Versions/A/KeychainCircle
0x00007fff30ab9000 	/System/Library/PrivateFrameworks/MediaKit.framework/Versions/A/MediaKit
0x00007fff30a10000 	/System/Library/Frameworks/DiscRecording.framework/Versions/A/DiscRecording
0x00007fff2b05c000 	/usr/lib/libCoreStorage.dylib
0x00007fff32ef8000 	/usr/lib/libcsfde.dylib
0x00007fff2e461000 	/System/Library/PrivateFrameworks/ProtectedCloudStorage.framework/Versions/A/ProtectedCloudStorage
0x00007fff32ef0000 	/System/Library/PrivateFrameworks/EFILogin.framework/Versions/A/EFILogin
0x00007fff3350a000 	/System/Library/Frameworks/AudioUnit.framework/Versions/A/AudioUnit
0x00007fff30980000 	/System/Library/Frameworks/CoreBluetooth.framework/Versions/A/CoreBluetooth
0x00007fff2b054000 	/usr/lib/libMatch.1.dylib
0x0000000150325000 	/usr/lib/libobjc-trampolines.dylib
0x00007fff411d2000 	/System/Library/Frameworks/Accelerate.framework/Versions/A/Frameworks/vImage.framework/Versions/A/Libraries/libCGInterfaces.dylib
0x00007fff270fc000 	/System/Library/PrivateFrameworks/ViewBridge.framework/Versions/A/ViewBridge
0x0000000151d75000 	/usr/local/Cellar/openjdk/15.0.2/libexec/openjdk.jdk/Contents/Home/lib/libverify.dylib
0x0000000152f9c000 	/usr/local/Cellar/openjdk/15.0.2/libexec/openjdk.jdk/Contents/Home/lib/libawt.dylib
0x0000000153054000 	/usr/local/Cellar/openjdk/15.0.2/libexec/openjdk.jdk/Contents/Home/lib/libmlib_image.dylib
0x00007fff6e9b3000 	/System/Library/Frameworks/JavaNativeFoundation.framework/Versions/A/JavaNativeFoundation
0x00007fff6e9bf000 	/System/Library/Frameworks/JavaRuntimeSupport.framework/Versions/A/JavaRuntimeSupport
0x00007fff3c91f000 	/System/Library/Frameworks/Carbon.framework/Versions/A/Carbon
0x00007fff363cb000 	/System/Library/Frameworks/Carbon.framework/Versions/A/Frameworks/CommonPanels.framework/Versions/A/CommonPanels
0x00007fff32eec000 	/System/Library/Frameworks/Carbon.framework/Versions/A/Frameworks/Help.framework/Versions/A/Help
0x00007fff363cf000 	/System/Library/Frameworks/Carbon.framework/Versions/A/Frameworks/ImageCapture.framework/Versions/A/ImageCapture
0x00007fff3639f000 	/System/Library/Frameworks/Carbon.framework/Versions/A/Frameworks/OpenScripting.framework/Versions/A/OpenScripting
0x00007fff363c7000 	/System/Library/Frameworks/Carbon.framework/Versions/A/Frameworks/Ink.framework/Versions/A/Ink
0x00007fff3c91b000 	/System/Library/Frameworks/Carbon.framework/Versions/A/Frameworks/Print.framework/Versions/A/Print
0x00007fff363c3000 	/System/Library/Frameworks/Carbon.framework/Versions/A/Frameworks/SecurityHI.framework/Versions/A/SecurityHI
0x00000001530ec000 	/usr/local/Cellar/openjdk/15.0.2/libexec/openjdk.jdk/Contents/Home/lib/libawt_lwawt.dylib
0x00000001531a0000 	/usr/local/Cellar/openjdk/15.0.2/libexec/openjdk.jdk/Contents/Home/lib/libosxapp.dylib
0x00007fff3bf3a000 	/System/Library/Frameworks/ExceptionHandling.framework/Versions/A/ExceptionHandling
0x00000001531c8000 	/usr/local/Cellar/openjdk/15.0.2/libexec/openjdk.jdk/Contents/Home/lib/libfontmanager.dylib
0x00000001532ec000 	/usr/local/Cellar/openjdk/15.0.2/libexec/openjdk.jdk/Contents/Home/lib/libfreetype.dylib


VM Arguments:
jvm_args: -javaagent:/Applications/IntelliJ IDEA 3.app/Contents/lib/idea_rt.jar=52141:/Applications/IntelliJ IDEA 3.app/Contents/bin -Dfile.encoding=UTF-8 
java_command: org.jetbrains.plugins.scala.testingSupport.specs2.Specs2Runner -s org.wa9nnn.fdcluster.model.AllContestRulesSpec -showProgressMessages true
java_class_path (initial): /Users/dlieber/Library/Application Support/JetBrains/IntelliJIdea2021.1/plugins/Scala/lib/runners.jar:/Users/dlieber/dev/ham/fdcluster/target/scala-2.13/test-classes:/Users/dlieber/dev/ham/fdcluster/target/scala-2.13/classes:/Users/dlieber/Library/Caches/Coursier/v1/https/repo1.maven.org/maven2/aopalliance/aopalliance/1.0/aopalliance-1.0.jar:/Users/dlieber/Library/Caches/Coursier/v1/https/repo1.maven.org/maven2/ch/qos/logback/logback-classic/1.2.3/logback-classic-1.2.3.jar:/Users/dlieber/Library/Caches/Coursier/v1/https/repo1.maven.org/maven2/ch/qos/logback/logback-core/1.2.3/logback-core-1.2.3.jar:/Users/dlieber/Library/Caches/Coursier/v1/https/repo1.maven.org/maven2/com/beachape/enumeratum-macros_2.13/1.6.1/enumeratum-macros_2.13-1.6.1.jar:/Users/dlieber/Library/Caches/Coursier/v1/https/repo1.maven.org/maven2/com/beachape/enumeratum_2.13/1.6.1/enumeratum_2.13-1.6.1.jar:/Users/dlieber/Library/Caches/Coursier/v1/https/repo1.maven.org/maven2/com/fasterxml/jackson/core/jackson-annotations/2.10.1/jackson-annotations-2.10.1.jar:/Users/dlieber/Library/Caches/Coursier/v1/https/repo1.maven.org/maven2/com/fasterxml/jackson/core/jackson-core/2.10.1/jackson-core-2.10.1.jar:/Users/dlieber/Library/Caches/Coursier/v1/https/repo1.maven.org/maven2/com/fasterxml/jackson/core/jackson-databind/2.10.1/jackson-databind-2.10.1.jar:/Users/dlieber/Library/Caches/Coursier/v1/https/repo1.maven.org/maven2/com/fasterxml/jackson/datatype/jackson-datatype-jdk8/2.10.1/jackson-datatype-jdk8-2.10.1.jar:/Users/dlieber/Library/Caches/Coursier/v1/https/repo1.maven.org/maven2/com/fasterxml/jackson/datatype/jackson-datatype-jsr310/2.10.1/jackson-datatype-jsr310-2.10.1.jar:/Users/dlieber/Library/Caches/Coursier/v1/https/repo1.maven.org/maven2/com/github/andyglow/typesafe-config-scala_2.13/1.1.0/typesafe-config-scala_2.13-1.1.0.jar:/Users/dlieber/Library/Caches/Coursier/v1/https/repo1.maven.org/maven2/com/github/kxbmap/configs_2.13/0.6.0/configs_2.13-0.6.0.jar:/Users/dlieber/
Launcher Type: SUN_STANDARD

[Global flags]
     intx CICompilerCount                          = 12                                        {product} {ergonomic}
     uint ConcGCThreads                            = 3                                         {product} {ergonomic}
     uint G1ConcRefinementThreads                  = 13                                        {product} {ergonomic}
   size_t G1HeapRegionSize                         = 8388608                                   {product} {ergonomic}
    uintx GCDrainStackTargetSize                   = 64                                        {product} {ergonomic}
   size_t InitialHeapSize                          = 1073741824                                {product} {ergonomic}
   size_t MarkStackSize                            = 4194304                                   {product} {ergonomic}
   size_t MaxHeapSize                              = 17179869184                               {product} {ergonomic}
   size_t MaxNewSize                               = 10301210624                               {product} {ergonomic}
   size_t MinHeapDeltaBytes                        = 8388608                                   {product} {ergonomic}
   size_t MinHeapSize                              = 8388608                                   {product} {ergonomic}
    uintx NonNMethodCodeHeapSize                   = 7602480                                {pd product} {ergonomic}
    uintx NonProfiledCodeHeapSize                  = 122027880                              {pd product} {ergonomic}
    uintx ProfiledCodeHeapSize                     = 122027880                              {pd product} {ergonomic}
    uintx ReservedCodeCacheSize                    = 251658240                              {pd product} {ergonomic}
     bool SegmentedCodeCache                       = true                                      {product} {ergonomic}
   size_t SoftMaxHeapSize                          = 17179869184                            {manageable} {ergonomic}
     bool UseCompressedClassPointers               = true                                 {lp64_product} {ergonomic}
     bool UseCompressedOops                        = true                                 {lp64_product} {ergonomic}
     bool UseG1GC                                  = true                                      {product} {ergonomic}
     bool UseNUMA                                  = false                                     {product} {ergonomic}
     bool UseNUMAInterleaving                      = false                                     {product} {ergonomic}

Logging:
Log output configuration:
 #0: stdout all=warning uptime,level,tags
 #1: stderr all=off uptime,level,tags

Environment Variables:
JAVA_HOME=/Users/dlieber/.sdkman/candidates/java/current
PATH=/opt/local/bin:/opt/local/sbin:/Users/dlieber/.sdkman/candidates/java/current/bin:/usr/local/bin:/usr/bin:/bin:/usr/sbin:/sbin:/usr/local/mysql/bin:/Library/Apple/usr/bin:/Applications/Wireshark.app/Contents/MacOS:/Users/dlieber/.cargo/bin
SHELL=/bin/zsh
DISPLAY=:0
LC_CTYPE=en_US.UTF-8

Signal Handlers:
SIGSEGV: [libjvm.dylib+0xa69a10], sa_mask[0]=11111111011111110111111111111111, sa_flags=SA_ONSTACK|SA_RESTART|SA_SIGINFO
SIGBUS: [libjvm.dylib+0xa69a10], sa_mask[0]=11111111011111110111111111111111, sa_flags=SA_RESTART|SA_SIGINFO
SIGFPE: [libjvm.dylib+0xa69a10], sa_mask[0]=11111111011111110111111111111111, sa_flags=SA_RESTART|SA_SIGINFO
SIGPIPE: [libjvm.dylib+0x82a6b0], sa_mask[0]=11111111011111110111111111111111, sa_flags=SA_RESTART|SA_SIGINFO
SIGXFSZ: [libjvm.dylib+0x82a6b0], sa_mask[0]=11111111011111110111111111111111, sa_flags=SA_RESTART|SA_SIGINFO
SIGILL: [libjvm.dylib+0xa69a10], sa_mask[0]=11111111011111110111111111111111, sa_flags=SA_RESTART|SA_SIGINFO
SIGUSR2: [libjvm.dylib+0x82b150], sa_mask[0]=00100000000000000000000000000000, sa_flags=SA_RESTART|SA_SIGINFO
SIGHUP: [libjvm.dylib+0x8298b0], sa_mask[0]=11111111011111110111111111111111, sa_flags=SA_RESTART|SA_SIGINFO
SIGINT: [libjvm.dylib+0x8298b0], sa_mask[0]=11111111011111110111111111111111, sa_flags=SA_RESTART|SA_SIGINFO
SIGTERM: [libjvm.dylib+0x8298b0], sa_mask[0]=11111111011111110111111111111111, sa_flags=SA_RESTART|SA_SIGINFO
SIGQUIT: [libjvm.dylib+0x8298b0], sa_mask[0]=11111111011111110111111111111111, sa_flags=SA_RESTART|SA_SIGINFO


---------------  S Y S T E M  ---------------

OS:uname: Darwin 20.5.0 Darwin Kernel Version 20.5.0: Fri Apr 23 23:00:08 PDT 2021; root:xnu-7195.120.53.121.1~1/RELEASE_X86_64 x86_64
OS uptime: 0 days 3:15 hours
rlimit (soft/hard): STACK 8192k/65532k , CORE 0k/infinity , NPROC 11136/16704 , NOFILE 10240/infinity , AS infinity/infinity , CPU infinity/infinity , DATA infinity/infinity , FSIZE infinity/infinity , MEMLOCK infinity/infinity , RSS infinity/infinity
load average: 3.39 2.24 2.12

CPU: total 16 (initial active 16) (8 cores per cpu, 2 threads per core) family 6 model 158 stepping 13 microcode 0xde, cmov, cx8, fxsr, mmx, sse, sse2, sse3, ssse3, sse4.1, sse4.2, popcnt, vzeroupper, avx, avx2, aes, clmul, erms, 3dnowpref, lzcnt, ht, tsc, tscinvbit, bmi1, bmi2, adx, fma, clflush, clflushopt

Memory: 4k page, physical 67108864k(3885880k free), swap 0k(0k free)

vm_info: OpenJDK 64-Bit Server VM (15.0.2+7) for bsd-amd64 JRE (15.0.2+7), built on Mar  2 2021 04:52:02 by "brew" with clang Apple LLVM 12.0.0 (clang-1200.0.32.29)

END.
